"../../../Engine/Content/EngineMaterials/T_Default_Material_Grid_N.uasset" 0
"../../../Engine/Content/EngineMaterials/T_Default_Material_Grid_N.uexp" 1
"../../../Engine/Content/EngineMaterials/T_Default_Material_Grid_N.ubulk" 2
"../../../Engine/Content/EngineMaterials/T_Default_Material_Grid_M.uasset" 3
"../../../Engine/Content/EngineMaterials/T_Default_Material_Grid_M.uexp" 4
"../../../Engine/Content/EngineMaterials/T_Default_Material_Grid_M.ubulk" 5
"../../../Engine/Content/Functions/Engine_MaterialFunctions01/Opacity/CameraDepthFade.uasset" 6
"../../../Engine/Content/Functions/Engine_MaterialFunctions01/Opacity/CameraDepthFade.uexp" 7
"../../../Engine/Content/EngineMaterials/WorldGridMaterial.uasset" 8
"../../../Engine/Content/EngineMaterials/WorldGridMaterial.uexp" 9
"../../../Engine/Content/ArtTools/RenderToTexture/Meshes/S_1_Unit_Plane.uasset" 10
"../../../Engine/Content/ArtTools/RenderToTexture/Meshes/S_1_Unit_Plane.uexp" 11
"../../../Engine/Content/EngineMaterials/DefaultMaterial.uasset" 12
"../../../Engine/Content/EngineMaterials/DefaultMaterial.uexp" 13
"../../../Engine/Content/BasicShapes/Cone.uasset" 14
"../../../Engine/Content/BasicShapes/Cone.uexp" 15
"../../../Engine/Content/BasicShapes/Cube.uasset" 16
"../../../Engine/Content/BasicShapes/Cube.uexp" 17
"../../../Engine/Content/BasicShapes/Plane.uasset" 18
"../../../Engine/Content/BasicShapes/Plane.uexp" 19
"../../../Engine/Content/BasicShapes/Sphere.uasset" 20
"../../../Engine/Content/BasicShapes/Sphere.uexp" 21
"../../../Engine/Content/EngineDamageTypes/DmgTypeBP_Environmental.uasset" 22
"../../../Engine/Content/EngineDamageTypes/DmgTypeBP_Environmental.uexp" 23
"../../../Engine/Content/EngineDebugMaterials/DebugEditorMaterial.uasset" 24
"../../../Engine/Content/EngineDebugMaterials/DebugEditorMaterial.uexp" 25
"../../../Engine/Content/EngineDebugMaterials/DebugMeshMaterial.uasset" 26
"../../../Engine/Content/EngineDebugMaterials/DebugMeshMaterial.uexp" 27
"../../../Engine/Content/EngineDebugMaterials/M_SimpleUnlitTranslucent.uasset" 28
"../../../Engine/Content/EngineDebugMaterials/M_SimpleUnlitTranslucent.uexp" 29
"../../../Engine/Content/EngineDebugMaterials/VolumeToRender.uasset" 30
"../../../Engine/Content/EngineDebugMaterials/VolumeToRender.uexp" 31
"../../../Engine/Content/Functions/Engine_MaterialFunctions02/Utility/CameraDirectionVector.uasset" 32
"../../../Engine/Content/Functions/Engine_MaterialFunctions02/Utility/CameraDirectionVector.uexp" 33
"../../../Engine/Content/EngineDebugMaterials/M_VolumeRenderSphereTracePP.uasset" 34
"../../../Engine/Content/EngineDebugMaterials/M_VolumeRenderSphereTracePP.uexp" 35
"../../../Engine/Content/Functions/Engine_MaterialFunctions01/Shading/ConvertFromDiffSpec.uasset" 36
"../../../Engine/Content/Functions/Engine_MaterialFunctions01/Shading/ConvertFromDiffSpec.uexp" 37
"../../../Engine/Content/EngineDebugMaterials/VertexColorMaterial.uasset" 38
"../../../Engine/Content/EngineDebugMaterials/VertexColorMaterial.uexp" 39
"../../../Engine/Content/EngineDebugMaterials/WireframeMaterial.uasset" 40
"../../../Engine/Content/EngineDebugMaterials/WireframeMaterial.uexp" 41
"../../../Engine/Content/EngineFonts/Faces/RobotoRegular.uasset" 42
"../../../Engine/Content/EngineFonts/Faces/RobotoRegular.uexp" 43
"../../../Engine/Content/EngineFonts/Faces/RobotoRegular.ufont" 44
"../../../Engine/Content/EngineFonts/Faces/RobotoLight.uasset" 45
"../../../Engine/Content/EngineFonts/Faces/RobotoLight.uexp" 46
"../../../Engine/Content/EngineFonts/Faces/RobotoLight.ufont" 47
"../../../Engine/Content/EngineFonts/Faces/RobotoItalic.uasset" 48
"../../../Engine/Content/EngineFonts/Faces/RobotoItalic.uexp" 49
"../../../Engine/Content/EngineFonts/Faces/RobotoItalic.ufont" 50
"../../../Engine/Content/EngineFonts/Faces/RobotoBoldItalic.uasset" 51
"../../../Engine/Content/EngineFonts/Faces/RobotoBoldItalic.uexp" 52
"../../../Engine/Content/EngineFonts/Faces/RobotoBoldItalic.ufont" 53
"../../../Engine/Content/EngineFonts/Faces/RobotoBold.uasset" 54
"../../../Engine/Content/EngineFonts/Faces/RobotoBold.uexp" 55
"../../../Engine/Content/EngineFonts/Faces/RobotoBold.ufont" 56
"../../../Engine/Content/EngineFonts/Faces/DroidSansFallback.uasset" 57
"../../../Engine/Content/EngineFonts/Faces/DroidSansFallback.uexp" 58
"../../../Engine/Content/EngineFonts/Faces/DroidSansFallback.ufont" 59
"../../../Engine/Content/EngineFonts/Roboto.uasset" 60
"../../../Engine/Content/EngineFonts/Roboto.uexp" 61
"../../../Engine/Content/EngineMaterials/BaseFlattenNormalMap.uasset" 62
"../../../Engine/Content/EngineMaterials/BaseFlattenNormalMap.uexp" 63
"../../../Engine/Content/EngineMaterials/BaseFlattenGrayscaleMap.uasset" 64
"../../../Engine/Content/EngineMaterials/BaseFlattenGrayscaleMap.uexp" 65
"../../../Engine/Content/EngineMaterials/BaseFlattenEmissiveMap.uasset" 66
"../../../Engine/Content/EngineMaterials/BaseFlattenEmissiveMap.uexp" 67
"../../../Engine/Content/EngineMaterials/BaseFlattenDiffuseMap.uasset" 68
"../../../Engine/Content/EngineMaterials/BaseFlattenDiffuseMap.uexp" 69
"../../../Engine/Content/EngineMaterials/BaseFlattenMaterial.uasset" 70
"../../../Engine/Content/EngineMaterials/BaseFlattenMaterial.uexp" 71
"../../../Engine/Content/EngineMaterials/BlueNoise.uasset" 72
"../../../Engine/Content/EngineMaterials/BlueNoise.uexp" 73
"../../../Engine/Content/EngineMaterials/DefaultBloomKernel.uasset" 74
"../../../Engine/Content/EngineMaterials/DefaultBloomKernel.uexp" 75
"../../../Engine/Content/EngineMaterials/DefaultBokeh.uasset" 76
"../../../Engine/Content/EngineMaterials/DefaultBokeh.uexp" 77
"../../../Engine/Content/EngineMaterials/DefaultDiffuse.uasset" 78
"../../../Engine/Content/EngineMaterials/DefaultDiffuse.uexp" 79
"../../../Engine/Content/EngineMaterials/DefaultDiffuse.ubulk" 80
"../../../Engine/Content/EngineMaterials/DefaultDeferredDecalMaterial.uasset" 81
"../../../Engine/Content/EngineMaterials/DefaultDeferredDecalMaterial.uexp" 82
"../../../Engine/Content/EngineMaterials/DefaultLightFunctionMaterial.uasset" 83
"../../../Engine/Content/EngineMaterials/DefaultLightFunctionMaterial.uexp" 84
"../../../Engine/Content/EngineMaterials/DefaultPhysicalMaterial.uasset" 85
"../../../Engine/Content/EngineMaterials/DefaultPhysicalMaterial.uexp" 86
"../../../Engine/Content/Functions/Engine_MaterialFunctions02/Utility/BreakOutFloat2Components.uasset" 87
"../../../Engine/Content/Functions/Engine_MaterialFunctions02/Utility/BreakOutFloat2Components.uexp" 88
"../../../Engine/Content/EngineMaterials/DefaultPostProcessMaterial.uasset" 89
"../../../Engine/Content/EngineMaterials/DefaultPostProcessMaterial.uexp" 90
"../../../Engine/Content/EngineFonts/RobotoDistanceField.uasset" 91
"../../../Engine/Content/EngineFonts/RobotoDistanceField.uexp" 92
"../../../Engine/Content/EngineMaterials/DefaultTextMaterialOpaque.uasset" 93
"../../../Engine/Content/EngineMaterials/DefaultTextMaterialOpaque.uexp" 94
"../../../Engine/Content/EngineMaterials/DefaultWhiteGrid.uasset" 95
"../../../Engine/Content/EngineMaterials/DefaultWhiteGrid.uexp" 96
"../../../Engine/Content/EngineMaterials/DefaultWhiteGrid.ubulk" 97
"../../../Engine/Content/EngineMaterials/DefaultWhiteGrid_Low.uasset" 98
"../../../Engine/Content/EngineMaterials/DefaultWhiteGrid_Low.uexp" 99
"../../../Engine/Content/EngineMaterials/EmissiveMeshMaterial.uasset" 100
"../../../Engine/Content/EngineMaterials/EmissiveMeshMaterial.uexp" 101
"../../../Engine/Content/EngineMaterials/GizmoMaterial.uasset" 102
"../../../Engine/Content/EngineMaterials/GizmoMaterial.uexp" 103
"../../../Engine/Content/EngineMaterials/Good64x64TilingNoiseHighFreq.uasset" 104
"../../../Engine/Content/EngineMaterials/Good64x64TilingNoiseHighFreq.uexp" 105
"../../../Engine/Content/EngineMaterials/MiniFont.uasset" 106
"../../../Engine/Content/EngineMaterials/MiniFont.uexp" 107
"../../../Engine/Content/EngineMaterials/InvalidLightmapSettings.uasset" 108
"../../../Engine/Content/EngineMaterials/InvalidLightmapSettings.uexp" 109
"../../../Engine/Content/EngineMaterials/InvalidLightmapSettings.ubulk" 110
"../../../Engine/Content/EngineMaterials/M_InvalidLightmapSettings.uasset" 111
"../../../Engine/Content/EngineMaterials/M_InvalidLightmapSettings.uexp" 112
"../../../Engine/Content/Functions/Engine_MaterialFunctions02/WorldPositionOffset/CameraOffset.uasset" 113
"../../../Engine/Content/Functions/Engine_MaterialFunctions02/WorldPositionOffset/CameraOffset.uexp" 114
"../../../Engine/Content/EngineMaterials/PhAT_JointLimitMaterial.uasset" 115
"../../../Engine/Content/EngineMaterials/PhAT_JointLimitMaterial.uexp" 116
"../../../Engine/Content/EngineMaterials/DefaultCalibrationColor.uasset" 117
"../../../Engine/Content/EngineMaterials/DefaultCalibrationColor.uexp" 118
"../../../Engine/Content/EngineMaterials/PPM_DefaultCalibrationColor.uasset" 119
"../../../Engine/Content/EngineMaterials/PPM_DefaultCalibrationColor.uexp" 120
"../../../Engine/Content/EngineMaterials/DefaultCalibrationGrayscale.uasset" 121
"../../../Engine/Content/EngineMaterials/DefaultCalibrationGrayscale.uexp" 122
"../../../Engine/Content/EngineMaterials/PPM_DefaultCalibrationGrayscale.uasset" 123
"../../../Engine/Content/EngineMaterials/PPM_DefaultCalibrationGrayscale.uexp" 124
"../../../Engine/Content/EngineMaterials/PreintegratedSkinBRDF.uasset" 125
"../../../Engine/Content/EngineMaterials/PreintegratedSkinBRDF.uexp" 126
"../../../Engine/Content/EngineMaterials/RemoveSurfaceMaterial.uasset" 127
"../../../Engine/Content/EngineMaterials/RemoveSurfaceMaterial.uexp" 128
"../../../Engine/Content/EngineMaterials/WeightMapPlaceholderTexture.uasset" 129
"../../../Engine/Content/EngineMaterials/WeightMapPlaceholderTexture.uexp" 130
"../../../Engine/Content/EngineResources/WhiteSquareTexture.uasset" 131
"../../../Engine/Content/EngineResources/WhiteSquareTexture.uexp" 132
"../../../Engine/Content/EngineMaterials/Widget3DPassThrough.uasset" 133
"../../../Engine/Content/EngineMaterials/Widget3DPassThrough.uexp" 134
"../../../Engine/Content/EngineMaterials/Widget3DPassThrough_Masked.uasset" 135
"../../../Engine/Content/EngineMaterials/Widget3DPassThrough_Masked.uexp" 136
"../../../Engine/Content/EngineMaterials/Widget3DPassThrough_Opaque.uasset" 137
"../../../Engine/Content/EngineMaterials/Widget3DPassThrough_Opaque.uexp" 138
"../../../Engine/Content/EngineMaterials/Widget3DPassThrough_Masked_OneSided.uasset" 139
"../../../Engine/Content/EngineMaterials/Widget3DPassThrough_Masked_OneSided.uexp" 140
"../../../Engine/Content/EngineMaterials/Widget3DPassThrough_Opaque_OneSided.uasset" 141
"../../../Engine/Content/EngineMaterials/Widget3DPassThrough_Opaque_OneSided.uexp" 142
"../../../Engine/Content/EngineMaterials/Widget3DPassThrough_Translucent.uasset" 143
"../../../Engine/Content/EngineMaterials/Widget3DPassThrough_Translucent.uexp" 144
"../../../Engine/Content/EngineMaterials/Widget3DPassThrough_Translucent_OneSided.uasset" 145
"../../../Engine/Content/EngineMaterials/Widget3DPassThrough_Translucent_OneSided.uexp" 146
"../../../Engine/Content/EngineMeshes/Cylinder.uasset" 147
"../../../Engine/Content/EngineMeshes/Cylinder.uexp" 148
"../../../Engine/Content/EngineMeshes/Sphere.uasset" 149
"../../../Engine/Content/EngineMeshes/Sphere.uexp" 150
"../../../Engine/Content/EngineResources/DefaultTexture.uasset" 151
"../../../Engine/Content/EngineResources/DefaultTexture.uexp" 152
"../../../Engine/Content/EngineResources/DefaultTexture.ubulk" 153
"../../../Engine/Content/EngineResources/DefaultTextureCube.uasset" 154
"../../../Engine/Content/EngineResources/DefaultTextureCube.uexp" 155
"../../../Engine/Content/EngineResources/DefaultVolumeTexture2D.uasset" 156
"../../../Engine/Content/EngineResources/DefaultVolumeTexture2D.uexp" 157
"../../../Engine/Content/EngineResources/DefaultVolumeTexture.uasset" 158
"../../../Engine/Content/EngineResources/DefaultVolumeTexture.uexp" 159
"../../../Engine/Content/EngineResources/GradientTexture0.uasset" 160
"../../../Engine/Content/EngineResources/GradientTexture0.uexp" 161
"../../../Engine/Content/EngineSky/VolumetricClouds/T_NoiseShape64.uasset" 162
"../../../Engine/Content/EngineSky/VolumetricClouds/T_NoiseShape64.uexp" 163
"../../../Engine/Content/EngineSky/VolumetricClouds/T_NoiseShape64.ubulk" 164
"../../../Engine/Content/EngineSky/VolumetricClouds/T_VolumeNoiseShape64.uasset" 165
"../../../Engine/Content/EngineSky/VolumetricClouds/T_VolumeNoiseShape64.uexp" 166
"../../../Engine/Content/EngineSky/VolumetricClouds/T_NoiseErosion.uasset" 167
"../../../Engine/Content/EngineSky/VolumetricClouds/T_NoiseErosion.uexp" 168
"../../../Engine/Content/EngineSky/VolumetricClouds/T_NoiseErosion.ubulk" 169
"../../../Engine/Content/EngineSky/VolumetricClouds/T_VolumeNoiseErosion32.uasset" 170
"../../../Engine/Content/EngineSky/VolumetricClouds/T_VolumeNoiseErosion32.uexp" 171
"../../../Engine/Content/EngineSky/VolumetricClouds/CloudWeatherTexture.uasset" 172
"../../../Engine/Content/EngineSky/VolumetricClouds/CloudWeatherTexture.uexp" 173
"../../../Engine/Content/EngineSky/VolumetricClouds/CloudGradientTexture.uasset" 174
"../../../Engine/Content/EngineSky/VolumetricClouds/CloudGradientTexture.uexp" 175
"../../../Engine/Content/Functions/Engine_MaterialFunctions02/Utility/MakeFloat2.uasset" 176
"../../../Engine/Content/Functions/Engine_MaterialFunctions02/Utility/MakeFloat2.uexp" 177
"../../../Engine/Content/EngineSky/VolumetricClouds/m_SimpleVolumetricCloud.uasset" 178
"../../../Engine/Content/EngineSky/VolumetricClouds/m_SimpleVolumetricCloud.uexp" 179
"../../../Engine/Content/EngineSky/VolumetricClouds/m_SimpleVolumetricCloud_Inst.uasset" 180
"../../../Engine/Content/EngineSky/VolumetricClouds/m_SimpleVolumetricCloud_Inst.uexp" 181
"../../../Engine/Content/EngineSounds/Master.uasset" 182
"../../../Engine/Content/EngineSounds/Master.uexp" 183
"../../../Engine/Content/Functions/Engine_MaterialFunctions01/Shading/PowerToRoughness.uasset" 184
"../../../Engine/Content/Functions/Engine_MaterialFunctions01/Shading/PowerToRoughness.uexp" 185
"../../../Engine/Content/Maps/Templates/Thumbnails/Default.uasset" 186
"../../../Engine/Content/Maps/Templates/Thumbnails/Default.uexp" 187
"../../../Engine/Content/Maps/Templates/Thumbnails/TimeOfDay.uasset" 188
"../../../Engine/Content/Maps/Templates/Thumbnails/TimeOfDay.uexp" 189
"../../../Engine/Content/Maps/Templates/Thumbnails/VR-Basic.uasset" 190
"../../../Engine/Content/Maps/Templates/Thumbnails/VR-Basic.uexp" 191
"../../../Engine/Content/MobileResources/T_MobileControls_texture.uasset" 192
"../../../Engine/Content/MobileResources/T_MobileControls_texture.uexp" 193
"../../../Engine/Content/MobileResources/T_MobileMenu2.uasset" 194
"../../../Engine/Content/MobileResources/T_MobileMenu2.uexp" 195
"../../../Engine/Content/MobileResources/HUD/AnalogHat.uasset" 196
"../../../Engine/Content/MobileResources/HUD/AnalogHat.uexp" 197
"../../../Engine/Content/MobileResources/HUD/VirtualJoystick_Thumb.uasset" 198
"../../../Engine/Content/MobileResources/HUD/VirtualJoystick_Thumb.uexp" 199
"../../../Engine/Content/MobileResources/HUD/VirtualJoystick_Background.uasset" 200
"../../../Engine/Content/MobileResources/HUD/VirtualJoystick_Background.uexp" 201
"../../../Engine/Content/MobileResources/HUD/DefaultVirtualJoysticks.uasset" 202
"../../../Engine/Content/MobileResources/HUD/DefaultVirtualJoysticks.uexp" 203
"../../../Engine/Content/MobileResources/HUD/LeftVirtualJoystickOnly.uasset" 204
"../../../Engine/Content/MobileResources/HUD/LeftVirtualJoystickOnly.uexp" 205
"../../../Engine/Content/MobileResources/HUD/MobileHUDButton1_off.uasset" 206
"../../../Engine/Content/MobileResources/HUD/MobileHUDButton1_off.uexp" 207
"../../../Engine/Content/MobileResources/HUD/MobileHUDButton1_on.uasset" 208
"../../../Engine/Content/MobileResources/HUD/MobileHUDButton1_on.uexp" 209
"../../../Engine/Content/MobileResources/HUD/MobileHUDButton2_off.uasset" 210
"../../../Engine/Content/MobileResources/HUD/MobileHUDButton2_off.uexp" 211
"../../../Engine/Content/MobileResources/HUD/MobileHUDButton2_on.uasset" 212
"../../../Engine/Content/MobileResources/HUD/MobileHUDButton2_on.uexp" 213
"../../../Engine/Content/MobileResources/HUD/MobileHUDButton3.uasset" 214
"../../../Engine/Content/MobileResources/HUD/MobileHUDButton3.uexp" 215
"../../../Engine/Content/MobileResources/HUD/MobileHUDButtonFire.uasset" 216
"../../../Engine/Content/MobileResources/HUD/MobileHUDButtonFire.uexp" 217
"../../../Engine/Content/MobileResources/HUD/MobileHUDDirectionPad.uasset" 218
"../../../Engine/Content/MobileResources/HUD/MobileHUDDirectionPad.uexp" 219
"../../../Engine/Content/MobileResources/HUD/MobileHUDDirectionPad2.uasset" 220
"../../../Engine/Content/MobileResources/HUD/MobileHUDDirectionPad2.uexp" 221
"../../../Engine/Content/MobileResources/HUD/MobileHUDDirectionPad3.uasset" 222
"../../../Engine/Content/MobileResources/HUD/MobileHUDDirectionPad3.uexp" 223
"../../../Engine/Content/MobileResources/HUD/MobileHUDDirectionStick.uasset" 224
"../../../Engine/Content/MobileResources/HUD/MobileHUDDirectionStick.uexp" 225
"../../../Engine/Content/MobileResources/HUD/T_Castle_ThumbstickInner.uasset" 226
"../../../Engine/Content/MobileResources/HUD/T_Castle_ThumbstickInner.uexp" 227
"../../../Engine/Content/MobileResources/HUD/T_Castle_ThumbstickOutter.uasset" 228
"../../../Engine/Content/MobileResources/HUD/T_Castle_ThumbstickOutter.uexp" 229
"../../../Engine/Content/Tutorial/ContentIntroCurve.uasset" 230
"../../../Engine/Content/Tutorial/ContentIntroCurve.uexp" 231
"../../../Engine/Plugins/2D/Paper2D/Content/PlaceholderTextures/DummySpriteTexture.uasset" 232
"../../../Engine/Plugins/2D/Paper2D/Content/PlaceholderTextures/DummySpriteTexture.uexp" 233
"../../../Engine/Plugins/2D/Paper2D/Content/PlaceholderTextures/DummySpriteTexture.ubulk" 234
"../../../Engine/Plugins/2D/Paper2D/Content/DummySprite.uasset" 235
"../../../Engine/Plugins/2D/Paper2D/Content/DummySprite.uexp" 236
"../../../Engine/Plugins/2D/Paper2D/Content/DefaultPaperTerrainMaterial.uasset" 237
"../../../Engine/Plugins/2D/Paper2D/Content/DefaultPaperTerrainMaterial.uexp" 238
"../../../Engine/Plugins/2D/Paper2D/Content/DefaultSpriteMaterial.uasset" 239
"../../../Engine/Plugins/2D/Paper2D/Content/DefaultSpriteMaterial.uexp" 240
"../../../Engine/Plugins/2D/Paper2D/Content/MaskedUnlitSpriteMaterial.uasset" 241
"../../../Engine/Plugins/2D/Paper2D/Content/MaskedUnlitSpriteMaterial.uexp" 242
"../../../Engine/Plugins/2D/Paper2D/Content/OpaqueUnlitSpriteMaterial.uasset" 243
"../../../Engine/Plugins/2D/Paper2D/Content/OpaqueUnlitSpriteMaterial.uexp" 244
"../../../Engine/Content/Functions/Engine_MaterialFunctions02/Utility/BreakOutFloat3Components.uasset" 245
"../../../Engine/Content/Functions/Engine_MaterialFunctions02/Utility/BreakOutFloat3Components.uexp" 246
"../../../Engine/Plugins/Editor/SpeedTreeImporter/Content/SpeedTree9/UnpackInteger3.uasset" 247
"../../../Engine/Plugins/Editor/SpeedTreeImporter/Content/SpeedTree9/UnpackInteger3.uexp" 248
"../../../Engine/Plugins/Editor/SpeedTreeImporter/Content/SpeedTree9/UnpackDirection.uasset" 249
"../../../Engine/Plugins/Editor/SpeedTreeImporter/Content/SpeedTree9/UnpackDirection.uexp" 250
"../../../Engine/Plugins/Editor/SpeedTreeImporter/Content/SpeedTree9/game_wind_noise.uasset" 251
"../../../Engine/Plugins/Editor/SpeedTreeImporter/Content/SpeedTree9/game_wind_noise.uexp" 252
"../../../Engine/Plugins/Editor/SpeedTreeImporter/Content/SpeedTree9/game_wind_noise.ubulk" 253
"../../../Engine/Content/Functions/Engine_MaterialFunctions02/SafeNormalize.uasset" 254
"../../../Engine/Content/Functions/Engine_MaterialFunctions02/SafeNormalize.uexp" 255
"../../../Engine/Plugins/Editor/SpeedTreeImporter/Content/SpeedTree9/SpeedTreeWindMotion.uasset" 256
"../../../Engine/Plugins/Editor/SpeedTreeImporter/Content/SpeedTree9/SpeedTreeWindMotion.uexp" 257
"../../../Engine/Plugins/Editor/SpeedTreeImporter/Content/SpeedTree9/SpeedTreeBranchMotion.uasset" 258
"../../../Engine/Plugins/Editor/SpeedTreeImporter/Content/SpeedTree9/SpeedTreeBranchMotion.uexp" 259
"../../../Engine/Content/Functions/Engine_MaterialFunctions02/ObjectLocalBounds.uasset" 260
"../../../Engine/Content/Functions/Engine_MaterialFunctions02/ObjectLocalBounds.uexp" 261
"../../../Engine/Content/Functions/Engine_MaterialFunctions02/UVs/BoundingBoxBased_0-1_UVW.uasset" 262
"../../../Engine/Content/Functions/Engine_MaterialFunctions02/UVs/BoundingBoxBased_0-1_UVW.uexp" 263
"../../../Engine/Content/Functions/Engine_MaterialFunctions02/Utility/VectorLength.uasset" 264
"../../../Engine/Content/Functions/Engine_MaterialFunctions02/Utility/VectorLength.uexp" 265
"../../../Engine/Content/Functions/Engine_MaterialFunctions02/WorldPositionOffset/ObjectScale.uasset" 266
"../../../Engine/Content/Functions/Engine_MaterialFunctions02/WorldPositionOffset/ObjectScale.uexp" 267
"../../../Engine/Plugins/Editor/SpeedTreeImporter/Content/SpeedTree9/SpeedTreeWind.uasset" 268
"../../../Engine/Plugins/Editor/SpeedTreeImporter/Content/SpeedTree9/SpeedTreeWind.uexp" 269
"../../../Engine/Plugins/Editor/SpeedTreeImporter/Content/SpeedTree9/SpeedTreeBillboard.uasset" 270
"../../../Engine/Plugins/Editor/SpeedTreeImporter/Content/SpeedTree9/SpeedTreeBillboard.uexp" 271
"../../../Engine/Plugins/Editor/SpeedTreeImporter/Content/SpeedTree9/EmptyNormal.uasset" 272
"../../../Engine/Plugins/Editor/SpeedTreeImporter/Content/SpeedTree9/EmptyNormal.uexp" 273
"../../../Engine/Plugins/Editor/SpeedTreeImporter/Content/SpeedTree9/Empty.uasset" 274
"../../../Engine/Plugins/Editor/SpeedTreeImporter/Content/SpeedTree9/Empty.uexp" 275
"../../../Engine/Plugins/Editor/SpeedTreeImporter/Content/SpeedTree9/SpeedTreeBillboardMaster.uasset" 276
"../../../Engine/Plugins/Editor/SpeedTreeImporter/Content/SpeedTree9/SpeedTreeBillboardMaster.uexp" 277
"../../../Engine/Plugins/Editor/SpeedTreeImporter/Content/SpeedTree9/SpeedTreeCameraFacing.uasset" 278
"../../../Engine/Plugins/Editor/SpeedTreeImporter/Content/SpeedTree9/SpeedTreeCameraFacing.uexp" 279
"../../../Engine/Plugins/Editor/SpeedTreeImporter/Content/SpeedTree9/SpeedTreeMaster.uasset" 280
"../../../Engine/Plugins/Editor/SpeedTreeImporter/Content/SpeedTree9/SpeedTreeMaster.uexp" 281
"../../../Engine/Content/BasicShapes/Cylinder.uasset" 282
"../../../Engine/Content/BasicShapes/Cylinder.uexp" 283
"../../../Engine/Content/ArtTools/RenderToTexture/Materials/Debug/M_Emissive_Color.uasset" 284
"../../../Engine/Content/ArtTools/RenderToTexture/Materials/Debug/M_Emissive_Color.uexp" 285
"../../../Engine/Plugins/Runtime/OpenXR/Content/Devices/GoogleDaydream/MRTexture.uasset" 286
"../../../Engine/Plugins/Runtime/OpenXR/Content/Devices/GoogleDaydream/MRTexture.uexp" 287
"../../../Engine/Plugins/Runtime/OpenXR/Content/Devices/GoogleDaydream/MRTexture.ubulk" 288
"../../../Engine/Plugins/Runtime/OpenXR/Content/Devices/GoogleDaydream/BaseTexture.uasset" 289
"../../../Engine/Plugins/Runtime/OpenXR/Content/Devices/GoogleDaydream/BaseTexture.uexp" 290
"../../../Engine/Plugins/Runtime/OpenXR/Content/Devices/GoogleDaydream/BaseTexture.ubulk" 291
"../../../Engine/Content/EngineResources/Black.uasset" 292
"../../../Engine/Content/EngineResources/Black.uexp" 293
"../../../Engine/Plugins/Runtime/OpenXR/Content/Devices/M_XRController.uasset" 294
"../../../Engine/Plugins/Runtime/OpenXR/Content/Devices/M_XRController.uexp" 295
"../../../Engine/Plugins/Runtime/OpenXR/Content/Devices/GoogleDaydream/MI_GoogleDaydream.uasset" 296
"../../../Engine/Plugins/Runtime/OpenXR/Content/Devices/GoogleDaydream/MI_GoogleDaydream.uexp" 297
"../../../Engine/Plugins/Runtime/OpenXR/Content/Devices/GoogleDaydream/GoogleDaydreamController.uasset" 298
"../../../Engine/Plugins/Runtime/OpenXR/Content/Devices/GoogleDaydream/GoogleDaydreamController.uexp" 299
"../../../Engine/Plugins/Runtime/OpenXR/Content/Devices/HTCVive/BaseTexture.uasset" 300
"../../../Engine/Plugins/Runtime/OpenXR/Content/Devices/HTCVive/BaseTexture.uexp" 301
"../../../Engine/Plugins/Runtime/OpenXR/Content/Devices/HTCVive/BaseTexture.ubulk" 302
"../../../Engine/Plugins/Runtime/OpenXR/Content/Devices/HTCVive/MI_HTCVive.uasset" 303
"../../../Engine/Plugins/Runtime/OpenXR/Content/Devices/HTCVive/MI_HTCVive.uexp" 304
"../../../Engine/Plugins/Runtime/OpenXR/Content/Devices/HTCVive/HTCViveController.uasset" 305
"../../../Engine/Plugins/Runtime/OpenXR/Content/Devices/HTCVive/HTCViveController.uexp" 306
"../../../Engine/Plugins/Runtime/OpenXR/Content/Devices/MicrosoftMixedReality/NormalTexture.uasset" 307
"../../../Engine/Plugins/Runtime/OpenXR/Content/Devices/MicrosoftMixedReality/NormalTexture.uexp" 308
"../../../Engine/Plugins/Runtime/OpenXR/Content/Devices/MicrosoftMixedReality/NormalTexture.ubulk" 309
"../../../Engine/Plugins/Runtime/OpenXR/Content/Devices/MicrosoftMixedReality/MRTexture.uasset" 310
"../../../Engine/Plugins/Runtime/OpenXR/Content/Devices/MicrosoftMixedReality/MRTexture.uexp" 311
"../../../Engine/Plugins/Runtime/OpenXR/Content/Devices/MicrosoftMixedReality/MRTexture.ubulk" 312
"../../../Engine/Plugins/Runtime/OpenXR/Content/Devices/MicrosoftMixedReality/EmissiveTexture.uasset" 313
"../../../Engine/Plugins/Runtime/OpenXR/Content/Devices/MicrosoftMixedReality/EmissiveTexture.uexp" 314
"../../../Engine/Plugins/Runtime/OpenXR/Content/Devices/MicrosoftMixedReality/EmissiveTexture.ubulk" 315
"../../../Engine/Plugins/Runtime/OpenXR/Content/Devices/MicrosoftMixedReality/BaseTexture.uasset" 316
"../../../Engine/Plugins/Runtime/OpenXR/Content/Devices/MicrosoftMixedReality/BaseTexture.uexp" 317
"../../../Engine/Plugins/Runtime/OpenXR/Content/Devices/MicrosoftMixedReality/BaseTexture.ubulk" 318
"../../../Engine/Plugins/Runtime/OpenXR/Content/Devices/MicrosoftMixedReality/MI_MicrosoftMixedReality.uasset" 319
"../../../Engine/Plugins/Runtime/OpenXR/Content/Devices/MicrosoftMixedReality/MI_MicrosoftMixedReality.uexp" 320
"../../../Engine/Plugins/Runtime/OpenXR/Content/Devices/MicrosoftMixedReality/Left/left_MicrosoftMixedRealityController.uasset" 321
"../../../Engine/Plugins/Runtime/OpenXR/Content/Devices/MicrosoftMixedReality/Left/left_MicrosoftMixedRealityController.uexp" 322
"../../../Engine/Plugins/Runtime/OpenXR/Content/Devices/MicrosoftMixedReality/Right/right_MicrosoftMixedRealityController.uasset" 323
"../../../Engine/Plugins/Runtime/OpenXR/Content/Devices/MicrosoftMixedReality/Right/right_MicrosoftMixedRealityController.uexp" 324
"../../../Engine/Plugins/Runtime/OpenXR/Content/Devices/OculusGo/BaseTexture.uasset" 325
"../../../Engine/Plugins/Runtime/OpenXR/Content/Devices/OculusGo/BaseTexture.uexp" 326
"../../../Engine/Plugins/Runtime/OpenXR/Content/Devices/OculusGo/BaseTexture.ubulk" 327
"../../../Engine/Plugins/Runtime/OpenXR/Content/Devices/OculusGo/MI_OculusGo.uasset" 328
"../../../Engine/Plugins/Runtime/OpenXR/Content/Devices/OculusGo/MI_OculusGo.uexp" 329
"../../../Engine/Plugins/Runtime/OpenXR/Content/Devices/OculusGo/OculusGoController.uasset" 330
"../../../Engine/Plugins/Runtime/OpenXR/Content/Devices/OculusGo/OculusGoController.uexp" 331
"../../../Engine/Plugins/Runtime/OpenXR/Content/Devices/OculusTouch/MRTexture.uasset" 332
"../../../Engine/Plugins/Runtime/OpenXR/Content/Devices/OculusTouch/MRTexture.uexp" 333
"../../../Engine/Plugins/Runtime/OpenXR/Content/Devices/OculusTouch/MRTexture.ubulk" 334
"../../../Engine/Plugins/Runtime/OpenXR/Content/Devices/OculusTouch/BaseTexture.uasset" 335
"../../../Engine/Plugins/Runtime/OpenXR/Content/Devices/OculusTouch/BaseTexture.uexp" 336
"../../../Engine/Plugins/Runtime/OpenXR/Content/Devices/OculusTouch/BaseTexture.ubulk" 337
"../../../Engine/Plugins/Runtime/OpenXR/Content/Devices/OculusTouch/MI_OculusTouch.uasset" 338
"../../../Engine/Plugins/Runtime/OpenXR/Content/Devices/OculusTouch/MI_OculusTouch.uexp" 339
"../../../Engine/Plugins/Runtime/OpenXR/Content/Devices/OculusTouch/Left/left_OculusTouchController.uasset" 340
"../../../Engine/Plugins/Runtime/OpenXR/Content/Devices/OculusTouch/Left/left_OculusTouchController.uexp" 341
"../../../Engine/Plugins/Runtime/OpenXR/Content/Devices/OculusTouch/Right/right_OculusTouchController.uasset" 342
"../../../Engine/Plugins/Runtime/OpenXR/Content/Devices/OculusTouch/Right/right_OculusTouchController.uexp" 343
"../../../Engine/Plugins/Runtime/OpenXR/Content/Devices/OculusTouch_v2/MRTexture.uasset" 344
"../../../Engine/Plugins/Runtime/OpenXR/Content/Devices/OculusTouch_v2/MRTexture.uexp" 345
"../../../Engine/Plugins/Runtime/OpenXR/Content/Devices/OculusTouch_v2/MRTexture.ubulk" 346
"../../../Engine/Plugins/Runtime/OpenXR/Content/Devices/OculusTouch_v2/BaseTexture.uasset" 347
"../../../Engine/Plugins/Runtime/OpenXR/Content/Devices/OculusTouch_v2/BaseTexture.uexp" 348
"../../../Engine/Plugins/Runtime/OpenXR/Content/Devices/OculusTouch_v2/BaseTexture.ubulk" 349
"../../../Engine/Plugins/Runtime/OpenXR/Content/Devices/OculusTouch_v2/MI_OculusTouch_v2.uasset" 350
"../../../Engine/Plugins/Runtime/OpenXR/Content/Devices/OculusTouch_v2/MI_OculusTouch_v2.uexp" 351
"../../../Engine/Plugins/Runtime/OpenXR/Content/Devices/OculusTouch_v2/Left/left_OculusTouch_v2Controller.uasset" 352
"../../../Engine/Plugins/Runtime/OpenXR/Content/Devices/OculusTouch_v2/Left/left_OculusTouch_v2Controller.uexp" 353
"../../../Engine/Plugins/Runtime/OpenXR/Content/Devices/OculusTouch_v2/Right/right_OculusTouch_v2Controller.uasset" 354
"../../../Engine/Plugins/Runtime/OpenXR/Content/Devices/OculusTouch_v2/Right/right_OculusTouch_v2Controller.uexp" 355
"../../../Engine/Plugins/Runtime/OpenXR/Content/Devices/OculusTouch_v3/MRTexture.uasset" 356
"../../../Engine/Plugins/Runtime/OpenXR/Content/Devices/OculusTouch_v3/MRTexture.uexp" 357
"../../../Engine/Plugins/Runtime/OpenXR/Content/Devices/OculusTouch_v3/MRTexture.ubulk" 358
"../../../Engine/Plugins/Runtime/OpenXR/Content/Devices/OculusTouch_v3/BaseTexture.uasset" 359
"../../../Engine/Plugins/Runtime/OpenXR/Content/Devices/OculusTouch_v3/BaseTexture.uexp" 360
"../../../Engine/Plugins/Runtime/OpenXR/Content/Devices/OculusTouch_v3/BaseTexture.ubulk" 361
"../../../Engine/Plugins/Runtime/OpenXR/Content/Devices/OculusTouch_v3/MI_OculusTouch_v3.uasset" 362
"../../../Engine/Plugins/Runtime/OpenXR/Content/Devices/OculusTouch_v3/MI_OculusTouch_v3.uexp" 363
"../../../Engine/Plugins/Runtime/OpenXR/Content/Devices/OculusTouch_v3/Left/left_OculusTouch_v3Controller.uasset" 364
"../../../Engine/Plugins/Runtime/OpenXR/Content/Devices/OculusTouch_v3/Left/left_OculusTouch_v3Controller.uexp" 365
"../../../Engine/Plugins/Runtime/OpenXR/Content/Devices/OculusTouch_v3/Right/right_OculusTouch_v3Controller.uasset" 366
"../../../Engine/Plugins/Runtime/OpenXR/Content/Devices/OculusTouch_v3/Right/right_OculusTouch_v3Controller.uexp" 367
"../../../Engine/Plugins/Runtime/OpenXR/Content/Devices/ValveIndex/MRTexture.uasset" 368
"../../../Engine/Plugins/Runtime/OpenXR/Content/Devices/ValveIndex/MRTexture.uexp" 369
"../../../Engine/Plugins/Runtime/OpenXR/Content/Devices/ValveIndex/MRTexture.ubulk" 370
"../../../Engine/Plugins/Runtime/OpenXR/Content/Devices/ValveIndex/BaseTexture.uasset" 371
"../../../Engine/Plugins/Runtime/OpenXR/Content/Devices/ValveIndex/BaseTexture.uexp" 372
"../../../Engine/Plugins/Runtime/OpenXR/Content/Devices/ValveIndex/BaseTexture.ubulk" 373
"../../../Engine/Plugins/Runtime/OpenXR/Content/Devices/ValveIndex/Left/MI_left_ValveIndex.uasset" 374
"../../../Engine/Plugins/Runtime/OpenXR/Content/Devices/ValveIndex/Left/MI_left_ValveIndex.uexp" 375
"../../../Engine/Plugins/Runtime/OpenXR/Content/Devices/ValveIndex/Left/left_ValveIndexController.uasset" 376
"../../../Engine/Plugins/Runtime/OpenXR/Content/Devices/ValveIndex/Left/left_ValveIndexController.uexp" 377
"../../../Engine/Plugins/Runtime/OpenXR/Content/Devices/ValveIndex/Right/MI_right_ValveIndex.uasset" 378
"../../../Engine/Plugins/Runtime/OpenXR/Content/Devices/ValveIndex/Right/MI_right_ValveIndex.uexp" 379
"../../../Engine/Plugins/Runtime/OpenXR/Content/Devices/ValveIndex/Right/right_ValveIndexController.uasset" 380
"../../../Engine/Plugins/Runtime/OpenXR/Content/Devices/ValveIndex/Right/right_ValveIndexController.uexp" 381
"../../../Engine/Content/Functions/Engine_MaterialFunctions02/Utility/BreakOutFloat4Components.uasset" 382
"../../../Engine/Content/Functions/Engine_MaterialFunctions02/Utility/BreakOutFloat4Components.uexp" 383
"../../../Engine/Content/Functions/Engine_MaterialFunctions02/Utility/MakeFloat3.uasset" 384
"../../../Engine/Content/Functions/Engine_MaterialFunctions02/Utility/MakeFloat3.uexp" 385
"../../../Engine/Plugins/Runtime/Oculus/OculusVR/Content/Materials/OculusMR_ChromaKey.uasset" 386
"../../../Engine/Plugins/Runtime/Oculus/OculusVR/Content/Materials/OculusMR_ChromaKey.uexp" 387
"../../../Engine/Plugins/Runtime/Oculus/OculusVR/Content/Materials/OculusMR_OpaqueColoredMaterial.uasset" 388
"../../../Engine/Plugins/Runtime/Oculus/OculusVR/Content/Materials/OculusMR_OpaqueColoredMaterial.uexp" 389
"../../../Engine/Plugins/Runtime/Oculus/OculusVR/Content/Materials/PokeAHoleMaterial.uasset" 390
"../../../Engine/Plugins/Runtime/Oculus/OculusVR/Content/Materials/PokeAHoleMaterial.uexp" 391
"../../../Engine/Plugins/Runtime/Oculus/OculusVR/Content/Textures/touchController_controlmap.uasset" 392
"../../../Engine/Plugins/Runtime/Oculus/OculusVR/Content/Textures/touchController_controlmap.uexp" 393
"../../../Engine/Plugins/Runtime/Oculus/OculusVR/Content/Textures/touchController_controlmap.ubulk" 394
"../../../Engine/Plugins/Runtime/Oculus/OculusVR/Content/Textures/touchController_albedo.uasset" 395
"../../../Engine/Plugins/Runtime/Oculus/OculusVR/Content/Textures/touchController_albedo.uexp" 396
"../../../Engine/Plugins/Runtime/Oculus/OculusVR/Content/Textures/touchController_albedo.ubulk" 397
"../../../Engine/Plugins/Runtime/Oculus/OculusVR/Content/Materials/touchController_mat.uasset" 398
"../../../Engine/Plugins/Runtime/Oculus/OculusVR/Content/Materials/touchController_mat.uexp" 399
"../../../Engine/Plugins/Runtime/Oculus/OculusVR/Content/Meshes/LeftTouchController.uasset" 400
"../../../Engine/Plugins/Runtime/Oculus/OculusVR/Content/Meshes/LeftTouchController.uexp" 401
"../../../Engine/Plugins/Runtime/Oculus/OculusVR/Content/Textures/TouchForQuestRiftSController_albedo.uasset" 402
"../../../Engine/Plugins/Runtime/Oculus/OculusVR/Content/Textures/TouchForQuestRiftSController_albedo.uexp" 403
"../../../Engine/Plugins/Runtime/Oculus/OculusVR/Content/Textures/TouchForQuestRiftSController_albedo.ubulk" 404
"../../../Engine/Plugins/Runtime/Oculus/OculusVR/Content/Materials/TouchForQuestRiftSControllerMaterial.uasset" 405
"../../../Engine/Plugins/Runtime/Oculus/OculusVR/Content/Materials/TouchForQuestRiftSControllerMaterial.uexp" 406
"../../../Engine/Plugins/Runtime/Oculus/OculusVR/Content/Meshes/LeftTouchForQuestRiftSController.uasset" 407
"../../../Engine/Plugins/Runtime/Oculus/OculusVR/Content/Meshes/LeftTouchForQuestRiftSController.uexp" 408
"../../../Engine/Plugins/Runtime/Oculus/OculusVR/Content/Meshes/RiftHMD.uasset" 409
"../../../Engine/Plugins/Runtime/Oculus/OculusVR/Content/Meshes/RiftHMD.uexp" 410
"../../../Engine/Plugins/Runtime/Oculus/OculusVR/Content/Meshes/RightTouchController.uasset" 411
"../../../Engine/Plugins/Runtime/Oculus/OculusVR/Content/Meshes/RightTouchController.uexp" 412
"../../../Engine/Plugins/Runtime/Oculus/OculusVR/Content/Meshes/RightTouchForQuestRiftSController.uasset" 413
"../../../Engine/Plugins/Runtime/Oculus/OculusVR/Content/Meshes/RightTouchForQuestRiftSController.uexp" 414
"D:/GitHub/GitHub/game-unreal-sdk/MirageUnrealSDK/Content/Widgets/UIRenderTexture.uasset" 415
"D:/GitHub/GitHub/game-unreal-sdk/MirageUnrealSDK/Content/Widgets/UIRenderTexture.uexp" 416
"D:/GitHub/GitHub/game-unreal-sdk/MirageUnrealSDK/Content/Widgets/RedHatRenderTarget.uasset" 417
"D:/GitHub/GitHub/game-unreal-sdk/MirageUnrealSDK/Content/Widgets/RedHatRenderTarget.uexp" 418
"D:/GitHub/GitHub/game-unreal-sdk/MirageUnrealSDK/Content/Widgets/BlueHatRenderTarget.uasset" 419
"D:/GitHub/GitHub/game-unreal-sdk/MirageUnrealSDK/Content/Widgets/BlueHatRenderTarget.uexp" 420
"D:/GitHub/GitHub/game-unreal-sdk/MirageUnrealSDK/Content/Models/Hat/Hat/HatMaterialRed.uasset" 421
"D:/GitHub/GitHub/game-unreal-sdk/MirageUnrealSDK/Content/Models/Hat/Hat/HatMaterialRed.uexp" 422
"D:/GitHub/GitHub/game-unreal-sdk/MirageUnrealSDK/Content/Models/Hat/Hat/HatMaterialBlue.uasset" 423
"D:/GitHub/GitHub/game-unreal-sdk/MirageUnrealSDK/Content/Models/Hat/Hat/HatMaterialBlue.uexp" 424
"D:/GitHub/GitHub/game-unreal-sdk/MirageUnrealSDK/Content/Models/Hat/Hat/Hat.uasset" 425
"D:/GitHub/GitHub/game-unreal-sdk/MirageUnrealSDK/Content/Models/Hat/Hat/Hat.uexp" 426
"D:/GitHub/GitHub/game-unreal-sdk/MirageUnrealSDK/Content/Models/RedHat.uasset" 427
"D:/GitHub/GitHub/game-unreal-sdk/MirageUnrealSDK/Content/Models/RedHat.uexp" 428
"D:/GitHub/GitHub/game-unreal-sdk/MirageUnrealSDK/Content/Models/Character/Character/Airton.uasset" 429
"D:/GitHub/GitHub/game-unreal-sdk/MirageUnrealSDK/Content/Models/Character/Character/Airton.uexp" 430
"D:/GitHub/GitHub/game-unreal-sdk/MirageUnrealSDK/Content/Models/Character/Character/Airton.ubulk" 431
"D:/GitHub/GitHub/game-unreal-sdk/MirageUnrealSDK/Content/Models/Character/Character/lambert7.uasset" 432
"D:/GitHub/GitHub/game-unreal-sdk/MirageUnrealSDK/Content/Models/Character/Character/lambert7.uexp" 433
"D:/GitHub/GitHub/game-unreal-sdk/MirageUnrealSDK/Content/Models/Character/Character/Cinto.uasset" 434
"D:/GitHub/GitHub/game-unreal-sdk/MirageUnrealSDK/Content/Models/Character/Character/Cinto.uexp" 435
"D:/GitHub/GitHub/game-unreal-sdk/MirageUnrealSDK/Content/Models/Character.uasset" 436
"D:/GitHub/GitHub/game-unreal-sdk/MirageUnrealSDK/Content/Models/Character.uexp" 437
"D:/GitHub/GitHub/game-unreal-sdk/MirageUnrealSDK/Content/Models/BlueHat.uasset" 438
"D:/GitHub/GitHub/game-unreal-sdk/MirageUnrealSDK/Content/Models/BlueHat.uexp" 439
"D:/GitHub/GitHub/game-unreal-sdk/MirageUnrealSDK/Content/Widgets/UIRenderTextureMaterial.uasset" 440
"D:/GitHub/GitHub/game-unreal-sdk/MirageUnrealSDK/Content/Widgets/UIRenderTextureMaterial.uexp" 441
"D:/GitHub/GitHub/game-unreal-sdk/MirageUnrealSDK/Content/Widgets/RedHatRTMaterial.uasset" 442
"D:/GitHub/GitHub/game-unreal-sdk/MirageUnrealSDK/Content/Widgets/RedHatRTMaterial.uexp" 443
"D:/GitHub/GitHub/game-unreal-sdk/MirageUnrealSDK/Content/Widgets/BlueHatRTMaterial.uasset" 444
"D:/GitHub/GitHub/game-unreal-sdk/MirageUnrealSDK/Content/Widgets/BlueHatRTMaterial.uexp" 445
"D:/GitHub/GitHub/game-unreal-sdk/MirageUnrealSDK/Content/Textures/UI/oie_png.uasset" 446
"D:/GitHub/GitHub/game-unreal-sdk/MirageUnrealSDK/Content/Textures/UI/oie_png.uexp" 447
"D:/GitHub/GitHub/game-unreal-sdk/MirageUnrealSDK/Content/Textures/Textures/Demo/Icons/Context_Menu.uasset" 448
"D:/GitHub/GitHub/game-unreal-sdk/MirageUnrealSDK/Content/Textures/Textures/Demo/Icons/Context_Menu.uexp" 449
"D:/GitHub/GitHub/game-unreal-sdk/MirageUnrealSDK/Content/Textures/Icons/UI/Ankr_GradientLogo.uasset" 450
"D:/GitHub/GitHub/game-unreal-sdk/MirageUnrealSDK/Content/Textures/Icons/UI/Ankr_GradientLogo.uexp" 451
"D:/GitHub/GitHub/game-unreal-sdk/MirageUnrealSDK/Content/Widgets/Widget_Menu.uasset" 452
"D:/GitHub/GitHub/game-unreal-sdk/MirageUnrealSDK/Content/Widgets/Widget_Menu.uexp" 453
"D:/GitHub/GitHub/game-unreal-sdk/MirageUnrealSDK/Content/Blueprints/Blueprint_MenuGameMode.uasset" 454
"D:/GitHub/GitHub/game-unreal-sdk/MirageUnrealSDK/Content/Blueprints/Blueprint_MenuGameMode.uexp" 455
"D:/GitHub/GitHub/game-unreal-sdk/MirageUnrealSDK/Content/Levels/Level_Menu.uexp" 456
"D:/GitHub/GitHub/game-unreal-sdk/MirageUnrealSDK/Content/Levels/Level_Menu.umap" 457
"../../../Engine/Content/Maps/Entry_BuiltData.uasset" 458
"../../../Engine/Content/Maps/Entry_BuiltData.uexp" 459
"../../../Engine/Content/Maps/Entry.uexp" 460
"../../../Engine/Content/Maps/Entry.umap" 461
