"../../../Engine/Content/Functions/Engine_MaterialFunctions01/Shading/PowerToRoughness.uasset" 0
"../../../Engine/Content/Functions/Engine_MaterialFunctions01/Shading/PowerToRoughness.uexp" 1
"../../../Engine/Content/Functions/Engine_MaterialFunctions01/Shading/ConvertFromDiffSpec.uasset" 2
"../../../Engine/Content/Functions/Engine_MaterialFunctions01/Shading/ConvertFromDiffSpec.uexp" 3
"../../../Engine/Content/EngineSounds/Master.uasset" 4
"../../../Engine/Content/EngineSounds/Master.uexp" 5
"../../../Engine/Content/EngineSky/T_Sky_Stars.ubulk" 6
"../../../Engine/Content/EngineSky/T_Sky_Stars.uasset" 7
"../../../Engine/Content/EngineSky/T_Sky_Stars.uexp" 8
"../../../Engine/Content/EngineSky/T_Sky_Clouds_M.ubulk" 9
"../../../Engine/Content/EngineSky/T_Sky_Clouds_M.uasset" 10
"../../../Engine/Content/EngineSky/T_Sky_Clouds_M.uexp" 11
"../../../Engine/Content/EngineSky/T_Sky_Blue.ubulk" 12
"../../../Engine/Content/EngineSky/T_Sky_Blue.uasset" 13
"../../../Engine/Content/EngineSky/T_Sky_Blue.uexp" 14
"../../../Engine/Content/EngineSky/M_Sky_Panning_Clouds2.uasset" 15
"../../../Engine/Content/EngineSky/M_Sky_Panning_Clouds2.uexp" 16
"../../../Engine/Content/EngineSky/SM_SkySphere.ubulk" 17
"../../../Engine/Content/EngineSky/SM_SkySphere.uasset" 18
"../../../Engine/Content/EngineSky/SM_SkySphere.uexp" 19
"../../../Engine/Content/EngineSky/M_SimpleSkyDome.uasset" 20
"../../../Engine/Content/EngineSky/M_SimpleSkyDome.uexp" 21
"../../../Engine/Content/EngineSky/VolumetricClouds/CloudWeatherTexture.uasset" 22
"../../../Engine/Content/EngineSky/VolumetricClouds/CloudWeatherTexture.uexp" 23
"../../../Engine/Content/Functions/Engine_MaterialFunctions02/Utility/MakeFloat2.uasset" 24
"../../../Engine/Content/Functions/Engine_MaterialFunctions02/Utility/MakeFloat2.uexp" 25
"../../../Engine/Content/EngineSky/VolumetricClouds/CloudGradientTexture.uasset" 26
"../../../Engine/Content/EngineSky/VolumetricClouds/CloudGradientTexture.uexp" 27
"../../../Engine/Content/EngineSky/VolumetricClouds/T_NoiseShape64.ubulk" 28
"../../../Engine/Content/EngineSky/VolumetricClouds/T_NoiseShape64.uasset" 29
"../../../Engine/Content/EngineSky/VolumetricClouds/T_NoiseShape64.uexp" 30
"../../../Engine/Content/EngineSky/VolumetricClouds/T_VolumeNoiseShape64.uasset" 31
"../../../Engine/Content/EngineSky/VolumetricClouds/T_VolumeNoiseShape64.uexp" 32
"../../../Engine/Content/EngineSky/VolumetricClouds/T_NoiseErosion.ubulk" 33
"../../../Engine/Content/EngineSky/VolumetricClouds/T_NoiseErosion.uasset" 34
"../../../Engine/Content/EngineSky/VolumetricClouds/T_NoiseErosion.uexp" 35
"../../../Engine/Content/EngineSky/VolumetricClouds/T_VolumeNoiseErosion32.uasset" 36
"../../../Engine/Content/EngineSky/VolumetricClouds/T_VolumeNoiseErosion32.uexp" 37
"../../../Engine/Content/EngineSky/VolumetricClouds/m_SimpleVolumetricCloud.uasset" 38
"../../../Engine/Content/EngineSky/VolumetricClouds/m_SimpleVolumetricCloud.uexp" 39
"../../../Engine/Content/EngineSky/VolumetricClouds/m_SimpleVolumetricCloud_Inst.uasset" 40
"../../../Engine/Content/EngineSky/VolumetricClouds/m_SimpleVolumetricCloud_Inst.uexp" 41
"../../../Engine/Content/EngineResources/GradientTexture0.uasset" 42
"../../../Engine/Content/EngineResources/GradientTexture0.uexp" 43
"../../../Engine/Content/EngineResources/DefaultVolumeTexture2D.uasset" 44
"../../../Engine/Content/EngineResources/DefaultVolumeTexture2D.uexp" 45
"../../../Engine/Content/EngineResources/DefaultVolumeTexture.uasset" 46
"../../../Engine/Content/EngineResources/DefaultVolumeTexture.uexp" 47
"../../../Engine/Content/EngineResources/DefaultTextureCube.uasset" 48
"../../../Engine/Content/EngineResources/DefaultTextureCube.uexp" 49
"../../../Engine/Content/EngineResources/DefaultTexture.ubulk" 50
"../../../Engine/Content/EngineResources/DefaultTexture.uasset" 51
"../../../Engine/Content/EngineResources/DefaultTexture.uexp" 52
"../../../Engine/Content/EngineResources/Black.uasset" 53
"../../../Engine/Content/EngineResources/Black.uexp" 54
"../../../Engine/Content/EngineResources/FilmGrains/Marcie_Grain_v3_128_M2_000.uasset" 55
"../../../Engine/Content/EngineResources/FilmGrains/Marcie_Grain_v3_128_M2_000.uexp" 56
"../../../Engine/Content/EngineMeshes/Sphere.ubulk" 57
"../../../Engine/Content/EngineMeshes/Sphere.uasset" 58
"../../../Engine/Content/EngineMeshes/Sphere.uexp" 59
"../../../Engine/Content/EngineResources/WhiteSquareTexture.uasset" 60
"../../../Engine/Content/EngineResources/WhiteSquareTexture.uexp" 61
"../../../Engine/Content/EngineMaterials/Widget3DPassThrough.uasset" 62
"../../../Engine/Content/EngineMaterials/Widget3DPassThrough.uexp" 63
"../../../Engine/Content/EngineMaterials/Widget3DPassThrough_Translucent.uasset" 64
"../../../Engine/Content/EngineMaterials/Widget3DPassThrough_Translucent.uexp" 65
"../../../Engine/Content/EngineMaterials/Widget3DPassThrough_Translucent_OneSided.uasset" 66
"../../../Engine/Content/EngineMaterials/Widget3DPassThrough_Translucent_OneSided.uexp" 67
"../../../Engine/Content/EngineMaterials/Widget3DPassThrough_Opaque.uasset" 68
"../../../Engine/Content/EngineMaterials/Widget3DPassThrough_Opaque.uexp" 69
"../../../Engine/Content/EngineMaterials/Widget3DPassThrough_Opaque_OneSided.uasset" 70
"../../../Engine/Content/EngineMaterials/Widget3DPassThrough_Opaque_OneSided.uexp" 71
"../../../Engine/Content/EngineMaterials/Widget3DPassThrough_Masked_OneSided.uasset" 72
"../../../Engine/Content/EngineMaterials/Widget3DPassThrough_Masked_OneSided.uexp" 73
"../../../Engine/Content/EngineMaterials/Widget3DPassThrough_Masked.uasset" 74
"../../../Engine/Content/EngineMaterials/Widget3DPassThrough_Masked.uexp" 75
"../../../Engine/Content/EngineMaterials/WeightMapPlaceholderTexture.uasset" 76
"../../../Engine/Content/EngineMaterials/WeightMapPlaceholderTexture.uexp" 77
"../../../Engine/Content/EngineMaterials/RemoveSurfaceMaterial.uasset" 78
"../../../Engine/Content/EngineMaterials/RemoveSurfaceMaterial.uexp" 79
"../../../Engine/Content/EngineMaterials/PreintegratedSkinBRDF.uasset" 80
"../../../Engine/Content/EngineMaterials/PreintegratedSkinBRDF.uexp" 81
"../../../Engine/Content/EngineMaterials/DefaultCalibrationGrayscale.uasset" 82
"../../../Engine/Content/EngineMaterials/DefaultCalibrationGrayscale.uexp" 83
"../../../Engine/Content/EngineMaterials/PPM_DefaultCalibrationGrayscale.uasset" 84
"../../../Engine/Content/EngineMaterials/PPM_DefaultCalibrationGrayscale.uexp" 85
"../../../Engine/Content/EngineMaterials/DefaultCalibrationColor.uasset" 86
"../../../Engine/Content/EngineMaterials/DefaultCalibrationColor.uexp" 87
"../../../Engine/Content/EngineMaterials/PPM_DefaultCalibrationColor.uasset" 88
"../../../Engine/Content/EngineMaterials/PPM_DefaultCalibrationColor.uexp" 89
"../../../Engine/Content/Functions/Engine_MaterialFunctions02/WorldPositionOffset/CameraOffset.uasset" 90
"../../../Engine/Content/Functions/Engine_MaterialFunctions02/WorldPositionOffset/CameraOffset.uexp" 91
"../../../Engine/Content/EngineMaterials/PhAT_JointLimitMaterial.uasset" 92
"../../../Engine/Content/EngineMaterials/PhAT_JointLimitMaterial.uexp" 93
"../../../Engine/Content/EngineMaterials/InvalidLightmapSettings.ubulk" 94
"../../../Engine/Content/EngineMaterials/InvalidLightmapSettings.uasset" 95
"../../../Engine/Content/EngineMaterials/InvalidLightmapSettings.uexp" 96
"../../../Engine/Content/EngineMaterials/M_InvalidLightmapSettings.uasset" 97
"../../../Engine/Content/EngineMaterials/M_InvalidLightmapSettings.uexp" 98
"../../../Engine/Content/EngineMaterials/MiniFont.uasset" 99
"../../../Engine/Content/EngineMaterials/MiniFont.uexp" 100
"../../../Engine/Content/EngineMaterials/Good64x64TilingNoiseHighFreq.uasset" 101
"../../../Engine/Content/EngineMaterials/Good64x64TilingNoiseHighFreq.uexp" 102
"../../../Engine/Content/EngineMaterials/GizmoMaterial.uasset" 103
"../../../Engine/Content/EngineMaterials/GizmoMaterial.uexp" 104
"../../../Engine/Content/EngineMaterials/BaseFlattenEmissiveMap_VT.uasset" 105
"../../../Engine/Content/EngineMaterials/BaseFlattenEmissiveMap_VT.uexp" 106
"../../../Engine/Content/EngineMaterials/BaseFlattenGrayscaleMap_VT.uasset" 107
"../../../Engine/Content/EngineMaterials/BaseFlattenGrayscaleMap_VT.uexp" 108
"../../../Engine/Content/EngineMaterials/BaseFlattenLinearColor_VT.uasset" 109
"../../../Engine/Content/EngineMaterials/BaseFlattenLinearColor_VT.uexp" 110
"../../../Engine/Content/EngineMaterials/Black_1x1_EXR_Texture_VT.uasset" 111
"../../../Engine/Content/EngineMaterials/Black_1x1_EXR_Texture_VT.uexp" 112
"../../../Engine/Content/EngineMaterials/BaseFlattenDiffuseMap_VT.uasset" 113
"../../../Engine/Content/EngineMaterials/BaseFlattenDiffuseMap_VT.uexp" 114
"../../../Engine/Content/EngineMaterials/BaseFlattenNormalMap_VT.uasset" 115
"../../../Engine/Content/EngineMaterials/BaseFlattenNormalMap_VT.uexp" 116
"../../../Engine/Content/EngineMaterials/FlattenMaterial_WS_Normal_VT.uasset" 117
"../../../Engine/Content/EngineMaterials/FlattenMaterial_WS_Normal_VT.uexp" 118
"../../../Engine/Content/EngineMaterials/FlattenMaterial_VT.uasset" 119
"../../../Engine/Content/EngineMaterials/FlattenMaterial_VT.uexp" 120
"../../../Engine/Content/EngineMaterials/DefaultWhiteGrid_Low.uasset" 121
"../../../Engine/Content/EngineMaterials/DefaultWhiteGrid_Low.uexp" 122
"../../../Engine/Content/EngineMaterials/EmissiveMeshMaterial.uasset" 123
"../../../Engine/Content/EngineMaterials/EmissiveMeshMaterial.uexp" 124
"../../../Engine/Content/EngineMaterials/DefaultWhiteGrid.ubulk" 125
"../../../Engine/Content/EngineMaterials/DefaultWhiteGrid.uasset" 126
"../../../Engine/Content/EngineMaterials/DefaultWhiteGrid.uexp" 127
"../../../Engine/Content/EngineFonts/RobotoDistanceField.uasset" 128
"../../../Engine/Content/EngineFonts/RobotoDistanceField.uexp" 129
"../../../Engine/Content/EngineMaterials/DefaultTextMaterialOpaque.uasset" 130
"../../../Engine/Content/EngineMaterials/DefaultTextMaterialOpaque.uexp" 131
"../../../Engine/Content/EngineMaterials/DefaultDiffuse.ubulk" 132
"../../../Engine/Content/EngineMaterials/DefaultDiffuse.uasset" 133
"../../../Engine/Content/EngineMaterials/DefaultDiffuse.uexp" 134
"../../../Engine/Content/Functions/Engine_MaterialFunctions02/Utility/BreakOutFloat2Components.uasset" 135
"../../../Engine/Content/Functions/Engine_MaterialFunctions02/Utility/BreakOutFloat2Components.uexp" 136
"../../../Engine/Content/EngineMaterials/DefaultPostProcessMaterial.uasset" 137
"../../../Engine/Content/EngineMaterials/DefaultPostProcessMaterial.uexp" 138
"../../../Engine/Content/EngineMaterials/DefaultPhysicalMaterial.uasset" 139
"../../../Engine/Content/EngineMaterials/DefaultPhysicalMaterial.uexp" 140
"../../../Engine/Content/EngineMaterials/DefaultLightFunctionMaterial.uasset" 141
"../../../Engine/Content/EngineMaterials/DefaultLightFunctionMaterial.uexp" 142
"../../../Engine/Content/EngineMaterials/DefaultDestructiblePhysicalMaterial.uasset" 143
"../../../Engine/Content/EngineMaterials/DefaultDestructiblePhysicalMaterial.uexp" 144
"../../../Engine/Content/EngineMaterials/DefaultDeferredDecalMaterial.uasset" 145
"../../../Engine/Content/EngineMaterials/DefaultDeferredDecalMaterial.uexp" 146
"../../../Engine/Content/EngineMaterials/DefaultBokeh.uasset" 147
"../../../Engine/Content/EngineMaterials/DefaultBokeh.uexp" 148
"../../../Engine/Content/EngineMaterials/DefaultBloomKernel.uasset" 149
"../../../Engine/Content/EngineMaterials/DefaultBloomKernel.uexp" 150
"../../../Engine/Content/EngineMaterials/BlueNoise.uasset" 151
"../../../Engine/Content/EngineMaterials/BlueNoise.uexp" 152
"../../../Engine/Content/EngineFonts/Faces/RobotoLight.uexp" 153
"../../../Engine/Content/EngineFonts/Faces/RobotoLight.uasset" 154
"../../../Engine/Content/EngineFonts/Faces/RobotoLight.ufont" 155
"../../../Engine/Content/EngineFonts/Faces/RobotoBold.uexp" 156
"../../../Engine/Content/EngineFonts/Faces/RobotoBold.uasset" 157
"../../../Engine/Content/EngineFonts/Faces/RobotoBold.ufont" 158
"../../../Engine/Content/EngineFonts/Faces/RobotoRegular.uexp" 159
"../../../Engine/Content/EngineFonts/Faces/RobotoRegular.uasset" 160
"../../../Engine/Content/EngineFonts/Faces/RobotoRegular.ufont" 161
"../../../Engine/Content/EngineFonts/Faces/DroidSansFallback.uexp" 162
"../../../Engine/Content/EngineFonts/Faces/DroidSansFallback.uasset" 163
"../../../Engine/Content/EngineFonts/Faces/DroidSansFallback.ufont" 164
"../../../Engine/Content/EngineFonts/Faces/RobotoItalic.uexp" 165
"../../../Engine/Content/EngineFonts/Faces/RobotoItalic.uasset" 166
"../../../Engine/Content/EngineFonts/Faces/RobotoItalic.ufont" 167
"../../../Engine/Content/EngineFonts/Faces/RobotoBoldItalic.uexp" 168
"../../../Engine/Content/EngineFonts/Faces/RobotoBoldItalic.uasset" 169
"../../../Engine/Content/EngineFonts/Faces/RobotoBoldItalic.ufont" 170
"../../../Engine/Content/EngineFonts/Roboto.uasset" 171
"../../../Engine/Content/EngineFonts/Roboto.uexp" 172
"../../../Engine/Content/Functions/Engine_MaterialFunctions02/Utility/CameraDirectionVector.uasset" 173
"../../../Engine/Content/Functions/Engine_MaterialFunctions02/Utility/CameraDirectionVector.uexp" 174
"../../../Engine/Content/EngineDebugMaterials/VolumeToRender.uasset" 175
"../../../Engine/Content/EngineDebugMaterials/VolumeToRender.uexp" 176
"../../../Engine/Content/EngineDebugMaterials/M_VolumeRenderSphereTracePP.uasset" 177
"../../../Engine/Content/EngineDebugMaterials/M_VolumeRenderSphereTracePP.uexp" 178
"../../../Engine/Content/EngineDebugMaterials/M_SimpleUnlitTranslucent.uasset" 179
"../../../Engine/Content/EngineDebugMaterials/M_SimpleUnlitTranslucent.uexp" 180
"../../../Engine/Content/EngineDebugMaterials/DebugMeshMaterial.uasset" 181
"../../../Engine/Content/EngineDebugMaterials/DebugMeshMaterial.uexp" 182
"../../../Engine/Content/EngineDebugMaterials/DebugEditorMaterial.uasset" 183
"../../../Engine/Content/EngineDebugMaterials/DebugEditorMaterial.uexp" 184
"../../../Engine/Content/EngineDamageTypes/DmgTypeBP_Environmental.uasset" 185
"../../../Engine/Content/EngineDamageTypes/DmgTypeBP_Environmental.uexp" 186
"../../../Engine/Content/EditorResources/S_TriggerSphere.uasset" 187
"../../../Engine/Content/EditorResources/S_TriggerSphere.uexp" 188
"../../../Engine/Content/EditorResources/S_TriggerCapsule.uasset" 189
"../../../Engine/Content/EditorResources/S_TriggerCapsule.uexp" 190
"../../../Engine/Content/EditorResources/S_TriggerBox.uasset" 191
"../../../Engine/Content/EditorResources/S_TriggerBox.uexp" 192
"../../../Engine/Content/EditorResources/S_Trigger.ubulk" 193
"../../../Engine/Content/EditorResources/S_Trigger.uasset" 194
"../../../Engine/Content/EditorResources/S_Trigger.uexp" 195
"../../../Engine/Content/EditorResources/S_Terrain.ubulk" 196
"../../../Engine/Content/EditorResources/S_Terrain.uasset" 197
"../../../Engine/Content/EditorResources/S_Terrain.uexp" 198
"../../../Engine/Content/EditorResources/S_Solver.ubulk" 199
"../../../Engine/Content/EditorResources/S_Solver.uasset" 200
"../../../Engine/Content/EditorResources/S_Solver.uexp" 201
"../../../Engine/Content/EditorResources/S_BoxReflectionCapture.uasset" 202
"../../../Engine/Content/EditorResources/S_BoxReflectionCapture.uexp" 203
"../../../Engine/Content/EditorResources/S_Actor.ubulk" 204
"../../../Engine/Content/EditorResources/S_Actor.uasset" 205
"../../../Engine/Content/EditorResources/S_Actor.uexp" 206
"../../../Engine/Content/EditorResources/EmptyActor.uasset" 207
"../../../Engine/Content/EditorResources/EmptyActor.uexp" 208
"../../../Engine/Content/EditorResources/BSPVertex.uasset" 209
"../../../Engine/Content/EditorResources/BSPVertex.uexp" 210
"../../../Engine/Content/EditorResources/SequenceRecorder/RecordingIndicator.uasset" 211
"../../../Engine/Content/EditorResources/SequenceRecorder/RecordingIndicator.uexp" 212
"../../../Engine/Content/EditorResources/SequenceRecorder/Countdown.uasset" 213
"../../../Engine/Content/EditorResources/SequenceRecorder/Countdown.uexp" 214
"../../../Engine/Content/EditorMaterials/Camera/CineMat.uasset" 215
"../../../Engine/Content/EditorMaterials/Camera/CineMat.uexp" 216
"../../../Engine/Content/EditorMaterials/Camera/MI_CineMat_Rig.uasset" 217
"../../../Engine/Content/EditorMaterials/Camera/MI_CineMat_Rig.uexp" 218
"../../../Engine/Content/EditorMeshes/Camera/SM_RailRig_Track.ubulk" 219
"../../../Engine/Content/EditorMeshes/Camera/SM_RailRig_Track.uasset" 220
"../../../Engine/Content/EditorMeshes/Camera/SM_RailRig_Track.uexp" 221
"../../../Engine/Content/EditorMeshes/Camera/SM_RailRig_Mount.ubulk" 222
"../../../Engine/Content/EditorMeshes/Camera/SM_RailRig_Mount.uasset" 223
"../../../Engine/Content/EditorMeshes/Camera/SM_RailRig_Mount.uexp" 224
"../../../Engine/Content/EditorMeshes/Camera/SM_CraneRig_Mount.ubulk" 225
"../../../Engine/Content/EditorMeshes/Camera/SM_CraneRig_Mount.uasset" 226
"../../../Engine/Content/EditorMeshes/Camera/SM_CraneRig_Mount.uexp" 227
"../../../Engine/Content/EditorMeshes/Camera/SM_CraneRig_Body.ubulk" 228
"../../../Engine/Content/EditorMeshes/Camera/SM_CraneRig_Body.uasset" 229
"../../../Engine/Content/EditorMeshes/Camera/SM_CraneRig_Body.uexp" 230
"../../../Engine/Content/EditorMeshes/Camera/SM_CraneRig_Base.ubulk" 231
"../../../Engine/Content/EditorMeshes/Camera/SM_CraneRig_Base.uasset" 232
"../../../Engine/Content/EditorMeshes/Camera/SM_CraneRig_Base.uexp" 233
"../../../Engine/Content/EditorMeshes/Camera/SM_CraneRig_Arm.ubulk" 234
"../../../Engine/Content/EditorMeshes/Camera/SM_CraneRig_Arm.uasset" 235
"../../../Engine/Content/EditorMeshes/Camera/SM_CraneRig_Arm.uexp" 236
"../../../Engine/Content/EditorMaterials/PreviewShadowIndicator.ubulk" 237
"../../../Engine/Content/EditorMaterials/PreviewShadowIndicator.uasset" 238
"../../../Engine/Content/EditorMaterials/PreviewShadowIndicator.uexp" 239
"../../../Engine/Content/EditorMaterials/PreviewShadowIndicatorMaterial.uasset" 240
"../../../Engine/Content/EditorMaterials/PreviewShadowIndicatorMaterial.uexp" 241
"../../../Engine/Content/EditorMaterials/MAT_Groups_Visibility.uasset" 242
"../../../Engine/Content/EditorMaterials/MAT_Groups_Visibility.uexp" 243
"../../../Engine/Content/EditorMaterials/MAT_Groups_Toggle.uasset" 244
"../../../Engine/Content/EditorMaterials/MAT_Groups_Toggle.uexp" 245
"../../../Engine/Content/Functions/Engine_MaterialFunctions02/Utility/MakeFloat4.uasset" 246
"../../../Engine/Content/Functions/Engine_MaterialFunctions02/Utility/MakeFloat4.uexp" 247
"../../../Engine/Content/Functions/Engine_MaterialFunctions02/Utility/MakeFloat3.uasset" 248
"../../../Engine/Content/Functions/Engine_MaterialFunctions02/Utility/MakeFloat3.uexp" 249
"../../../Engine/Content/Functions/Engine_MaterialFunctions02/Utility/BreakOutFloat3Components.uasset" 250
"../../../Engine/Content/Functions/Engine_MaterialFunctions02/Utility/BreakOutFloat3Components.uexp" 251
"../../../Engine/Content/EditorMaterials/WorldPartition/WorldPartitionSpatialHashGridPreviewMaterial.uasset" 252
"../../../Engine/Content/EditorMaterials/WorldPartition/WorldPartitionSpatialHashGridPreviewMaterial.uexp" 253
"../../../Engine/Content/EditorMaterials/ParticleSystems/PSysThumbnail_OOD.ubulk" 254
"../../../Engine/Content/EditorMaterials/ParticleSystems/PSysThumbnail_OOD.uasset" 255
"../../../Engine/Content/EditorMaterials/ParticleSystems/PSysThumbnail_OOD.uexp" 256
"../../../Engine/Content/EditorMaterials/ParticleSystems/PSysThumbnail_NoImage.ubulk" 257
"../../../Engine/Content/EditorMaterials/ParticleSystems/PSysThumbnail_NoImage.uasset" 258
"../../../Engine/Content/EditorMaterials/ParticleSystems/PSysThumbnail_NoImage.uexp" 259
"../../../Engine/Content/EditorMaterials/MatineeGroups/MAT_Groups_Vector.uasset" 260
"../../../Engine/Content/EditorMaterials/MatineeGroups/MAT_Groups_Vector.uexp" 261
"../../../Engine/Content/EditorMaterials/MatineeGroups/MAT_Groups_Sound.uasset" 262
"../../../Engine/Content/EditorMaterials/MatineeGroups/MAT_Groups_Sound.uexp" 263
"../../../Engine/Content/EditorMaterials/MatineeGroups/MAT_Groups_Slomo.uasset" 264
"../../../Engine/Content/EditorMaterials/MatineeGroups/MAT_Groups_Slomo.uexp" 265
"../../../Engine/Content/EditorMaterials/MatineeGroups/MAT_Groups_Move.uasset" 266
"../../../Engine/Content/EditorMaterials/MatineeGroups/MAT_Groups_Move.uexp" 267
"../../../Engine/Content/EditorMaterials/MatineeGroups/MAT_Groups_Float.uasset" 268
"../../../Engine/Content/EditorMaterials/MatineeGroups/MAT_Groups_Float.uexp" 269
"../../../Engine/Content/EditorMaterials/MatineeGroups/MAT_Groups_Fade.uasset" 270
"../../../Engine/Content/EditorMaterials/MatineeGroups/MAT_Groups_Fade.uexp" 271
"../../../Engine/Content/EditorMaterials/MatineeGroups/MAT_Groups_Event.uasset" 272
"../../../Engine/Content/EditorMaterials/MatineeGroups/MAT_Groups_Event.uexp" 273
"../../../Engine/Content/EditorMaterials/MatineeGroups/MAT_Groups_Director.uasset" 274
"../../../Engine/Content/EditorMaterials/MatineeGroups/MAT_Groups_Director.uexp" 275
"../../../Engine/Content/EditorMaterials/MatineeGroups/MAT_Groups_AudioMaster.uasset" 276
"../../../Engine/Content/EditorMaterials/MatineeGroups/MAT_Groups_AudioMaster.uexp" 277
"../../../Engine/Content/EditorMaterials/MatineeGroups/MAT_Groups_Anim.uasset" 278
"../../../Engine/Content/EditorMaterials/MatineeGroups/MAT_Groups_Anim.uexp" 279
"../../../Engine/Content/EditorMaterials/MatineeGroups/MAT_ColorTrack.uasset" 280
"../../../Engine/Content/EditorMaterials/MatineeGroups/MAT_ColorTrack.uexp" 281
"../../../Engine/Content/EditorLandscapeResources/DefaultAlphaTexture.uasset" 282
"../../../Engine/Content/EditorLandscapeResources/DefaultAlphaTexture.uexp" 283
"../../../Engine/Content/EditorLandscapeResources/DataLayer.uasset" 284
"../../../Engine/Content/EditorLandscapeResources/DataLayer.uexp" 285
"../../../Engine/Content/EngineMaterials/T_Default_Material_Grid_M.ubulk" 286
"../../../Engine/Content/EngineMaterials/T_Default_Material_Grid_M.uasset" 287
"../../../Engine/Content/EngineMaterials/T_Default_Material_Grid_M.uexp" 288
"../../../Engine/Content/EngineMaterials/T_Default_Material_Grid_N.ubulk" 289
"../../../Engine/Content/EngineMaterials/T_Default_Material_Grid_N.uasset" 290
"../../../Engine/Content/EngineMaterials/T_Default_Material_Grid_N.uexp" 291
"../../../Engine/Content/Functions/Engine_MaterialFunctions01/Opacity/CameraDepthFade.uasset" 292
"../../../Engine/Content/Functions/Engine_MaterialFunctions01/Opacity/CameraDepthFade.uexp" 293
"../../../Engine/Content/EngineMaterials/DefaultMaterial.uasset" 294
"../../../Engine/Content/EngineMaterials/DefaultMaterial.uexp" 295
"../../../Engine/Content/BasicShapes/Sphere.ubulk" 296
"../../../Engine/Content/BasicShapes/Sphere.uasset" 297
"../../../Engine/Content/BasicShapes/Sphere.uexp" 298
"../../../Engine/Content/BasicShapes/Cylinder.ubulk" 299
"../../../Engine/Content/BasicShapes/Cylinder.uasset" 300
"../../../Engine/Content/BasicShapes/Cylinder.uexp" 301
"../../../Engine/Content/EngineMaterials/WorldGridMaterial.uasset" 302
"../../../Engine/Content/EngineMaterials/WorldGridMaterial.uexp" 303
"../../../Engine/Content/BasicShapes/Cube.ubulk" 304
"../../../Engine/Content/BasicShapes/Cube.uasset" 305
"../../../Engine/Content/BasicShapes/Cube.uexp" 306
"../../../Engine/Content/BasicShapes/Cone.ubulk" 307
"../../../Engine/Content/BasicShapes/Cone.uasset" 308
"../../../Engine/Content/BasicShapes/Cone.uexp" 309
"../../../Engine/Content/ArtTools/RenderToTexture/Meshes/S_1_Unit_Plane.ubulk" 310
"../../../Engine/Content/ArtTools/RenderToTexture/Meshes/S_1_Unit_Plane.uasset" 311
"../../../Engine/Content/ArtTools/RenderToTexture/Meshes/S_1_Unit_Plane.uexp" 312
"../../../Engine/Content/MobileResources/HUD/VirtualJoystick_Background.uasset" 313
"../../../Engine/Content/MobileResources/HUD/VirtualJoystick_Background.uexp" 314
"../../../Engine/Content/MobileResources/HUD/VirtualJoystick_Thumb.uasset" 315
"../../../Engine/Content/MobileResources/HUD/VirtualJoystick_Thumb.uexp" 316
"../../../Engine/Content/MobileResources/HUD/DefaultVirtualJoysticks.uasset" 317
"../../../Engine/Content/MobileResources/HUD/DefaultVirtualJoysticks.uexp" 318
"../../../Engine/Content/OpenWorldTemplate/HLOD/HLOD0_Instancing.uasset" 319
"../../../Engine/Content/OpenWorldTemplate/HLOD/HLOD0_Instancing.uexp" 320
"../../../Engine/Content/EngineMaterials/BlendFunc_DefBlend.uasset" 321
"../../../Engine/Content/EngineMaterials/BlendFunc_DefBlend.uexp" 322
"../../../Engine/Content/EngineMaterials/BlendFunc_DefBase.uasset" 323
"../../../Engine/Content/EngineMaterials/BlendFunc_DefBase.uexp" 324
"../../../Engine/Content/Functions/Engine_MaterialFunctions03/Blends/Blend_Overlay.uasset" 325
"../../../Engine/Content/Functions/Engine_MaterialFunctions03/Blends/Blend_Overlay.uexp" 326
"../../../Engine/Content/OpenWorldTemplate/LandscapeMaterial/T_GridChecker_A.ubulk" 327
"../../../Engine/Content/OpenWorldTemplate/LandscapeMaterial/T_GridChecker_A.uasset" 328
"../../../Engine/Content/OpenWorldTemplate/LandscapeMaterial/T_GridChecker_A.uexp" 329
"../../../Engine/Content/Functions/Engine_MaterialFunctions01/Gradient/LinearGradient.uasset" 330
"../../../Engine/Content/Functions/Engine_MaterialFunctions01/Gradient/LinearGradient.uexp" 331
"../../../Engine/Content/Functions/Engine_MaterialFunctions01/ImageAdjustment/CheapContrast.uasset" 332
"../../../Engine/Content/Functions/Engine_MaterialFunctions01/ImageAdjustment/CheapContrast.uexp" 333
"../../../Engine/Content/OpenWorldTemplate/LandscapeMaterial/MF_ProcGrid.uasset" 334
"../../../Engine/Content/OpenWorldTemplate/LandscapeMaterial/MF_ProcGrid.uexp" 335
"../../../Engine/Content/OpenWorldTemplate/LandscapeMaterial/M_ProcGrid.uasset" 336
"../../../Engine/Content/OpenWorldTemplate/LandscapeMaterial/M_ProcGrid.uexp" 337
"../../../Engine/Content/Tutorial/ContentIntroCurve.uasset" 338
"../../../Engine/Content/Tutorial/ContentIntroCurve.uexp" 339
"../../../Engine/Content/VREditor/TransformGizmo/Main.uasset" 340
"../../../Engine/Content/VREditor/TransformGizmo/Main.uexp" 341
"../../../Engine/Content/VREditor/TransformGizmo/Xray.uasset" 342
"../../../Engine/Content/VREditor/TransformGizmo/Xray.uexp" 343
"../../../Engine/Content/VREditor/TransformGizmo/SM_Sequencer_Node.ubulk" 344
"../../../Engine/Content/VREditor/TransformGizmo/SM_Sequencer_Node.uasset" 345
"../../../Engine/Content/VREditor/TransformGizmo/SM_Sequencer_Node.uexp" 346
"../../../Engine/Content/VREditor/LaserPointer/VR_LaserPower_01.ubulk" 347
"../../../Engine/Content/VREditor/LaserPointer/VR_LaserPower_01.uasset" 348
"../../../Engine/Content/VREditor/LaserPointer/VR_LaserPower_01.uexp" 349
"../../../Engine/Content/VREditor/TransformGizmo/TransformGizmoMaterial.uasset" 350
"../../../Engine/Content/VREditor/TransformGizmo/TransformGizmoMaterial.uexp" 351
"../../../Engine/Content/VREditor/TransformGizmo/TranslucentTransformGizmoMaterial.uasset" 352
"../../../Engine/Content/VREditor/TransformGizmo/TranslucentTransformGizmoMaterial.uexp" 353
"../../../Engine/Content/VREditor/TransformGizmo/PlaneTranslationHandle.ubulk" 354
"../../../Engine/Content/VREditor/TransformGizmo/PlaneTranslationHandle.uasset" 355
"../../../Engine/Content/VREditor/TransformGizmo/PlaneTranslationHandle.uexp" 356
"../../../Engine/Content/VREditor/TransformGizmo/BoundingBoxEdge.ubulk" 357
"../../../Engine/Content/VREditor/TransformGizmo/BoundingBoxEdge.uasset" 358
"../../../Engine/Content/VREditor/TransformGizmo/BoundingBoxEdge.uexp" 359
"../../../Engine/Content/VREditor/TransformGizmo/BoundingBoxCorner.ubulk" 360
"../../../Engine/Content/VREditor/TransformGizmo/BoundingBoxCorner.uasset" 361
"../../../Engine/Content/VREditor/TransformGizmo/BoundingBoxCorner.uexp" 362
"../../../Engine/Plugins/2D/Paper2D/Content/PlaceholderTextures/DummySpriteTexture.ubulk" 363
"../../../Engine/Plugins/2D/Paper2D/Content/PlaceholderTextures/DummySpriteTexture.uasset" 364
"../../../Engine/Plugins/2D/Paper2D/Content/PlaceholderTextures/DummySpriteTexture.uexp" 365
"../../../Engine/Plugins/2D/Paper2D/Content/DefaultSpriteMaterial.uasset" 366
"../../../Engine/Plugins/2D/Paper2D/Content/DefaultSpriteMaterial.uexp" 367
"../../../Engine/Plugins/2D/Paper2D/Content/OpaqueUnlitSpriteMaterial.uasset" 368
"../../../Engine/Plugins/2D/Paper2D/Content/OpaqueUnlitSpriteMaterial.uexp" 369
"../../../Engine/Plugins/2D/Paper2D/Content/MaskedUnlitSpriteMaterial.uasset" 370
"../../../Engine/Plugins/2D/Paper2D/Content/MaskedUnlitSpriteMaterial.uexp" 371
"../../../Engine/Plugins/2D/Paper2D/Content/DummySprite.uasset" 372
"../../../Engine/Plugins/2D/Paper2D/Content/DummySprite.uexp" 373
"../../../Engine/Plugins/2D/Paper2D/Content/DefaultPaperTerrainMaterial.uasset" 374
"../../../Engine/Plugins/2D/Paper2D/Content/DefaultPaperTerrainMaterial.uexp" 375
"../../../Engine/Plugins/Animation/ControlRig/Content/M_Manip.uasset" 376
"../../../Engine/Plugins/Animation/ControlRig/Content/M_Manip.uexp" 377
"../../../Engine/Plugins/Animation/ControlRig/Content/Controls/DefaultGizmoLibraryNormalized.uasset" 378
"../../../Engine/Plugins/Animation/ControlRig/Content/Controls/DefaultGizmoLibraryNormalized.uexp" 379
"../../../Engine/Plugins/Animation/ControlRig/Content/Controls/ControlRig_Wedge_solid.ubulk" 380
"../../../Engine/Plugins/Animation/ControlRig/Content/Controls/ControlRig_Wedge_solid.uasset" 381
"../../../Engine/Plugins/Animation/ControlRig/Content/Controls/ControlRig_Wedge_solid.uexp" 382
"../../../Engine/Plugins/Animation/ControlRig/Content/Controls/ControlRig_Wedge_3mm.ubulk" 383
"../../../Engine/Plugins/Animation/ControlRig/Content/Controls/ControlRig_Wedge_3mm.uasset" 384
"../../../Engine/Plugins/Animation/ControlRig/Content/Controls/ControlRig_Wedge_3mm.uexp" 385
"../../../Engine/Plugins/Animation/ControlRig/Content/Controls/ControlRig_Wedge_1mm.ubulk" 386
"../../../Engine/Plugins/Animation/ControlRig/Content/Controls/ControlRig_Wedge_1mm.uasset" 387
"../../../Engine/Plugins/Animation/ControlRig/Content/Controls/ControlRig_Wedge_1mm.uexp" 388
"../../../Engine/Plugins/Animation/ControlRig/Content/Controls/ControlRig_Triangle_solid.ubulk" 389
"../../../Engine/Plugins/Animation/ControlRig/Content/Controls/ControlRig_Triangle_solid.uasset" 390
"../../../Engine/Plugins/Animation/ControlRig/Content/Controls/ControlRig_Triangle_solid.uexp" 391
"../../../Engine/Plugins/Animation/ControlRig/Content/Controls/ControlRig_Triangle_3mm.ubulk" 392
"../../../Engine/Plugins/Animation/ControlRig/Content/Controls/ControlRig_Triangle_3mm.uasset" 393
"../../../Engine/Plugins/Animation/ControlRig/Content/Controls/ControlRig_Triangle_3mm.uexp" 394
"../../../Engine/Plugins/Animation/ControlRig/Content/Controls/ControlRig_Triangle_1mm.ubulk" 395
"../../../Engine/Plugins/Animation/ControlRig/Content/Controls/ControlRig_Triangle_1mm.uasset" 396
"../../../Engine/Plugins/Animation/ControlRig/Content/Controls/ControlRig_Triangle_1mm.uexp" 397
"../../../Engine/Plugins/Animation/ControlRig/Content/Controls/ControlRig_Star4_solid.ubulk" 398
"../../../Engine/Plugins/Animation/ControlRig/Content/Controls/ControlRig_Star4_solid.uasset" 399
"../../../Engine/Plugins/Animation/ControlRig/Content/Controls/ControlRig_Star4_solid.uexp" 400
"../../../Engine/Plugins/Animation/ControlRig/Content/Controls/ControlRig_Star4_3mm.ubulk" 401
"../../../Engine/Plugins/Animation/ControlRig/Content/Controls/ControlRig_Star4_3mm.uasset" 402
"../../../Engine/Plugins/Animation/ControlRig/Content/Controls/ControlRig_Star4_3mm.uexp" 403
"../../../Engine/Plugins/Animation/ControlRig/Content/Controls/ControlRig_Star4_1mm.ubulk" 404
"../../../Engine/Plugins/Animation/ControlRig/Content/Controls/ControlRig_Star4_1mm.uasset" 405
"../../../Engine/Plugins/Animation/ControlRig/Content/Controls/ControlRig_Star4_1mm.uexp" 406
"../../../Engine/Plugins/Animation/ControlRig/Content/Controls/ControlRig_Square_solid.ubulk" 407
"../../../Engine/Plugins/Animation/ControlRig/Content/Controls/ControlRig_Square_solid.uasset" 408
"../../../Engine/Plugins/Animation/ControlRig/Content/Controls/ControlRig_Square_solid.uexp" 409
"../../../Engine/Plugins/Animation/ControlRig/Content/Controls/ControlRig_Square_3mm.ubulk" 410
"../../../Engine/Plugins/Animation/ControlRig/Content/Controls/ControlRig_Square_3mm.uasset" 411
"../../../Engine/Plugins/Animation/ControlRig/Content/Controls/ControlRig_Square_3mm.uexp" 412
"../../../Engine/Plugins/Animation/ControlRig/Content/Controls/ControlRig_Square_1mm.ubulk" 413
"../../../Engine/Plugins/Animation/ControlRig/Content/Controls/ControlRig_Square_1mm.uasset" 414
"../../../Engine/Plugins/Animation/ControlRig/Content/Controls/ControlRig_Square_1mm.uexp" 415
"../../../Engine/Plugins/Animation/ControlRig/Content/Controls/ControlRig_Sphere_solid.ubulk" 416
"../../../Engine/Plugins/Animation/ControlRig/Content/Controls/ControlRig_Sphere_solid.uasset" 417
"../../../Engine/Plugins/Animation/ControlRig/Content/Controls/ControlRig_Sphere_solid.uexp" 418
"../../../Engine/Plugins/Animation/ControlRig/Content/Controls/ControlRig_Sphere_3mm.ubulk" 419
"../../../Engine/Plugins/Animation/ControlRig/Content/Controls/ControlRig_Sphere_3mm.uasset" 420
"../../../Engine/Plugins/Animation/ControlRig/Content/Controls/ControlRig_Sphere_3mm.uexp" 421
"../../../Engine/Plugins/Animation/ControlRig/Content/Controls/ControlRig_Sphere_1mm.ubulk" 422
"../../../Engine/Plugins/Animation/ControlRig/Content/Controls/ControlRig_Sphere_1mm.uasset" 423
"../../../Engine/Plugins/Animation/ControlRig/Content/Controls/ControlRig_Sphere_1mm.uexp" 424
"../../../Engine/Plugins/Animation/ControlRig/Content/Controls/ControlRig_RoundedTriangle_solid.ubulk" 425
"../../../Engine/Plugins/Animation/ControlRig/Content/Controls/ControlRig_RoundedTriangle_solid.uasset" 426
"../../../Engine/Plugins/Animation/ControlRig/Content/Controls/ControlRig_RoundedTriangle_solid.uexp" 427
"../../../Engine/Plugins/Animation/ControlRig/Content/Controls/ControlRig_RoundedTriangle_3mm.ubulk" 428
"../../../Engine/Plugins/Animation/ControlRig/Content/Controls/ControlRig_RoundedTriangle_3mm.uasset" 429
"../../../Engine/Plugins/Animation/ControlRig/Content/Controls/ControlRig_RoundedTriangle_3mm.uexp" 430
"../../../Engine/Plugins/Animation/ControlRig/Content/Controls/ControlRig_RoundedTriangle_1mm.ubulk" 431
"../../../Engine/Plugins/Animation/ControlRig/Content/Controls/ControlRig_RoundedTriangle_1mm.uasset" 432
"../../../Engine/Plugins/Animation/ControlRig/Content/Controls/ControlRig_RoundedTriangle_1mm.uexp" 433
"../../../Engine/Plugins/Animation/ControlRig/Content/Controls/ControlRig_RoundedSquare_solid.ubulk" 434
"../../../Engine/Plugins/Animation/ControlRig/Content/Controls/ControlRig_RoundedSquare_solid.uasset" 435
"../../../Engine/Plugins/Animation/ControlRig/Content/Controls/ControlRig_RoundedSquare_solid.uexp" 436
"../../../Engine/Plugins/Animation/ControlRig/Content/Controls/ControlRig_RoundedSquare_3mm.ubulk" 437
"../../../Engine/Plugins/Animation/ControlRig/Content/Controls/ControlRig_RoundedSquare_3mm.uasset" 438
"../../../Engine/Plugins/Animation/ControlRig/Content/Controls/ControlRig_RoundedSquare_3mm.uexp" 439
"../../../Engine/Plugins/Animation/ControlRig/Content/Controls/ControlRig_RoundedSquare_1mm.ubulk" 440
"../../../Engine/Plugins/Animation/ControlRig/Content/Controls/ControlRig_RoundedSquare_1mm.uasset" 441
"../../../Engine/Plugins/Animation/ControlRig/Content/Controls/ControlRig_RoundedSquare_1mm.uexp" 442
"../../../Engine/Plugins/Animation/ControlRig/Content/Controls/ControlRig_QuarterCircle_solid.ubulk" 443
"../../../Engine/Plugins/Animation/ControlRig/Content/Controls/ControlRig_QuarterCircle_solid.uasset" 444
"../../../Engine/Plugins/Animation/ControlRig/Content/Controls/ControlRig_QuarterCircle_solid.uexp" 445
"../../../Engine/Plugins/Animation/ControlRig/Content/Controls/ControlRig_QuarterCircle_3mm.ubulk" 446
"../../../Engine/Plugins/Animation/ControlRig/Content/Controls/ControlRig_QuarterCircle_3mm.uasset" 447
"../../../Engine/Plugins/Animation/ControlRig/Content/Controls/ControlRig_QuarterCircle_3mm.uexp" 448
"../../../Engine/Plugins/Animation/ControlRig/Content/Controls/ControlRig_QuarterCircle_1mm.ubulk" 449
"../../../Engine/Plugins/Animation/ControlRig/Content/Controls/ControlRig_QuarterCircle_1mm.uasset" 450
"../../../Engine/Plugins/Animation/ControlRig/Content/Controls/ControlRig_QuarterCircle_1mm.uexp" 451
"../../../Engine/Plugins/Animation/ControlRig/Content/Controls/ControlRig_Pyramid_solid.ubulk" 452
"../../../Engine/Plugins/Animation/ControlRig/Content/Controls/ControlRig_Pyramid_solid.uasset" 453
"../../../Engine/Plugins/Animation/ControlRig/Content/Controls/ControlRig_Pyramid_solid.uexp" 454
"../../../Engine/Plugins/Animation/ControlRig/Content/Controls/ControlRig_Pyramid_3mm.ubulk" 455
"../../../Engine/Plugins/Animation/ControlRig/Content/Controls/ControlRig_Pyramid_3mm.uasset" 456
"../../../Engine/Plugins/Animation/ControlRig/Content/Controls/ControlRig_Pyramid_3mm.uexp" 457
"../../../Engine/Plugins/Animation/ControlRig/Content/Controls/ControlRig_Pyramid_1mm.ubulk" 458
"../../../Engine/Plugins/Animation/ControlRig/Content/Controls/ControlRig_Pyramid_1mm.uasset" 459
"../../../Engine/Plugins/Animation/ControlRig/Content/Controls/ControlRig_Pyramid_1mm.uexp" 460
"../../../Engine/Plugins/Animation/ControlRig/Content/Controls/ControlRig_Octagon_solid.ubulk" 461
"../../../Engine/Plugins/Animation/ControlRig/Content/Controls/ControlRig_Octagon_solid.uasset" 462
"../../../Engine/Plugins/Animation/ControlRig/Content/Controls/ControlRig_Octagon_solid.uexp" 463
"../../../Engine/Plugins/Animation/ControlRig/Content/Controls/ControlRig_Octagon_3mm.ubulk" 464
"../../../Engine/Plugins/Animation/ControlRig/Content/Controls/ControlRig_Octagon_3mm.uasset" 465
"../../../Engine/Plugins/Animation/ControlRig/Content/Controls/ControlRig_Octagon_3mm.uexp" 466
"../../../Engine/Plugins/Animation/ControlRig/Content/Controls/ControlRig_Octagon_1mm.ubulk" 467
"../../../Engine/Plugins/Animation/ControlRig/Content/Controls/ControlRig_Octagon_1mm.uasset" 468
"../../../Engine/Plugins/Animation/ControlRig/Content/Controls/ControlRig_Octagon_1mm.uexp" 469
"../../../Engine/Plugins/Animation/ControlRig/Content/Controls/ControlRig_Hexagon_solid.ubulk" 470
"../../../Engine/Plugins/Animation/ControlRig/Content/Controls/ControlRig_Hexagon_solid.uasset" 471
"../../../Engine/Plugins/Animation/ControlRig/Content/Controls/ControlRig_Hexagon_solid.uexp" 472
"../../../Engine/Plugins/Animation/ControlRig/Content/Controls/ControlRig_Hexagon_3mm.ubulk" 473
"../../../Engine/Plugins/Animation/ControlRig/Content/Controls/ControlRig_Hexagon_3mm.uasset" 474
"../../../Engine/Plugins/Animation/ControlRig/Content/Controls/ControlRig_Hexagon_3mm.uexp" 475
"../../../Engine/Plugins/Animation/ControlRig/Content/Controls/ControlRig_Hexagon_1mm.ubulk" 476
"../../../Engine/Plugins/Animation/ControlRig/Content/Controls/ControlRig_Hexagon_1mm.uasset" 477
"../../../Engine/Plugins/Animation/ControlRig/Content/Controls/ControlRig_Hexagon_1mm.uexp" 478
"../../../Engine/Plugins/Animation/ControlRig/Content/Controls/ControlRig_HalfCircle_solid.ubulk" 479
"../../../Engine/Plugins/Animation/ControlRig/Content/Controls/ControlRig_HalfCircle_solid.uasset" 480
"../../../Engine/Plugins/Animation/ControlRig/Content/Controls/ControlRig_HalfCircle_solid.uexp" 481
"../../../Engine/Plugins/Animation/ControlRig/Content/Controls/ControlRig_HalfCircle_3mm.ubulk" 482
"../../../Engine/Plugins/Animation/ControlRig/Content/Controls/ControlRig_HalfCircle_3mm.uasset" 483
"../../../Engine/Plugins/Animation/ControlRig/Content/Controls/ControlRig_HalfCircle_3mm.uexp" 484
"../../../Engine/Plugins/Animation/ControlRig/Content/Controls/ControlRig_HalfCircle_1mm.ubulk" 485
"../../../Engine/Plugins/Animation/ControlRig/Content/Controls/ControlRig_HalfCircle_1mm.uasset" 486
"../../../Engine/Plugins/Animation/ControlRig/Content/Controls/ControlRig_HalfCircle_1mm.uexp" 487
"../../../Engine/Plugins/Animation/ControlRig/Content/Controls/ControlRig_Diamond_solid.ubulk" 488
"../../../Engine/Plugins/Animation/ControlRig/Content/Controls/ControlRig_Diamond_solid.uasset" 489
"../../../Engine/Plugins/Animation/ControlRig/Content/Controls/ControlRig_Diamond_solid.uexp" 490
"../../../Engine/Plugins/Animation/ControlRig/Content/Controls/ControlRig_Diamond_3mm.ubulk" 491
"../../../Engine/Plugins/Animation/ControlRig/Content/Controls/ControlRig_Diamond_3mm.uasset" 492
"../../../Engine/Plugins/Animation/ControlRig/Content/Controls/ControlRig_Diamond_3mm.uexp" 493
"../../../Engine/Plugins/Animation/ControlRig/Content/Controls/ControlRig_Diamond_1mm.ubulk" 494
"../../../Engine/Plugins/Animation/ControlRig/Content/Controls/ControlRig_Diamond_1mm.uasset" 495
"../../../Engine/Plugins/Animation/ControlRig/Content/Controls/ControlRig_Diamond_1mm.uexp" 496
"../../../Engine/Plugins/Animation/ControlRig/Content/Controls/ControlRig_Circle_solid.ubulk" 497
"../../../Engine/Plugins/Animation/ControlRig/Content/Controls/ControlRig_Circle_solid.uasset" 498
"../../../Engine/Plugins/Animation/ControlRig/Content/Controls/ControlRig_Circle_solid.uexp" 499
"../../../Engine/Plugins/Animation/ControlRig/Content/Controls/ControlRig_Circle_3mm.ubulk" 500
"../../../Engine/Plugins/Animation/ControlRig/Content/Controls/ControlRig_Circle_3mm.uasset" 501
"../../../Engine/Plugins/Animation/ControlRig/Content/Controls/ControlRig_Circle_3mm.uexp" 502
"../../../Engine/Plugins/Animation/ControlRig/Content/Controls/ControlRig_Circle_1mm.ubulk" 503
"../../../Engine/Plugins/Animation/ControlRig/Content/Controls/ControlRig_Circle_1mm.uasset" 504
"../../../Engine/Plugins/Animation/ControlRig/Content/Controls/ControlRig_Circle_1mm.uexp" 505
"../../../Engine/Plugins/Animation/ControlRig/Content/Controls/ControlRig_Box_solid.ubulk" 506
"../../../Engine/Plugins/Animation/ControlRig/Content/Controls/ControlRig_Box_solid.uasset" 507
"../../../Engine/Plugins/Animation/ControlRig/Content/Controls/ControlRig_Box_solid.uexp" 508
"../../../Engine/Plugins/Animation/ControlRig/Content/Controls/ControlRig_Box_3mm.ubulk" 509
"../../../Engine/Plugins/Animation/ControlRig/Content/Controls/ControlRig_Box_3mm.uasset" 510
"../../../Engine/Plugins/Animation/ControlRig/Content/Controls/ControlRig_Box_3mm.uexp" 511
"../../../Engine/Plugins/Animation/ControlRig/Content/Controls/ControlRig_Box_1mm.ubulk" 512
"../../../Engine/Plugins/Animation/ControlRig/Content/Controls/ControlRig_Box_1mm.uasset" 513
"../../../Engine/Plugins/Animation/ControlRig/Content/Controls/ControlRig_Box_1mm.uexp" 514
"../../../Engine/Plugins/Animation/ControlRig/Content/Controls/ControlRig_Arrow_solid.ubulk" 515
"../../../Engine/Plugins/Animation/ControlRig/Content/Controls/ControlRig_Arrow_solid.uasset" 516
"../../../Engine/Plugins/Animation/ControlRig/Content/Controls/ControlRig_Arrow_solid.uexp" 517
"../../../Engine/Plugins/Animation/ControlRig/Content/Controls/ControlRig_Arrow_3mm.ubulk" 518
"../../../Engine/Plugins/Animation/ControlRig/Content/Controls/ControlRig_Arrow_3mm.uasset" 519
"../../../Engine/Plugins/Animation/ControlRig/Content/Controls/ControlRig_Arrow_3mm.uexp" 520
"../../../Engine/Plugins/Animation/ControlRig/Content/Controls/ControlRig_Arrow_1mm.ubulk" 521
"../../../Engine/Plugins/Animation/ControlRig/Content/Controls/ControlRig_Arrow_1mm.uasset" 522
"../../../Engine/Plugins/Animation/ControlRig/Content/Controls/ControlRig_Arrow_1mm.uexp" 523
"../../../Engine/Plugins/Animation/ControlRig/Content/Controls/ControlRig_Arrow4_solid.ubulk" 524
"../../../Engine/Plugins/Animation/ControlRig/Content/Controls/ControlRig_Arrow4_solid.uasset" 525
"../../../Engine/Plugins/Animation/ControlRig/Content/Controls/ControlRig_Arrow4_solid.uexp" 526
"../../../Engine/Plugins/Animation/ControlRig/Content/Controls/ControlRig_Arrow4_3mm.ubulk" 527
"../../../Engine/Plugins/Animation/ControlRig/Content/Controls/ControlRig_Arrow4_3mm.uasset" 528
"../../../Engine/Plugins/Animation/ControlRig/Content/Controls/ControlRig_Arrow4_3mm.uexp" 529
"../../../Engine/Plugins/Animation/ControlRig/Content/Controls/ControlRig_Arrow4_1mm.ubulk" 530
"../../../Engine/Plugins/Animation/ControlRig/Content/Controls/ControlRig_Arrow4_1mm.uasset" 531
"../../../Engine/Plugins/Animation/ControlRig/Content/Controls/ControlRig_Arrow4_1mm.uexp" 532
"../../../Engine/Plugins/Animation/ControlRig/Content/Controls/ControlRig_Arrow2_solid.ubulk" 533
"../../../Engine/Plugins/Animation/ControlRig/Content/Controls/ControlRig_Arrow2_solid.uasset" 534
"../../../Engine/Plugins/Animation/ControlRig/Content/Controls/ControlRig_Arrow2_solid.uexp" 535
"../../../Engine/Plugins/Animation/ControlRig/Content/Controls/ControlRig_Arrow2_3mm.ubulk" 536
"../../../Engine/Plugins/Animation/ControlRig/Content/Controls/ControlRig_Arrow2_3mm.uasset" 537
"../../../Engine/Plugins/Animation/ControlRig/Content/Controls/ControlRig_Arrow2_3mm.uexp" 538
"../../../Engine/Plugins/Animation/ControlRig/Content/Controls/ControlRig_Arrow2_1mm.ubulk" 539
"../../../Engine/Plugins/Animation/ControlRig/Content/Controls/ControlRig_Arrow2_1mm.uasset" 540
"../../../Engine/Plugins/Animation/ControlRig/Content/Controls/ControlRig_Arrow2_1mm.uexp" 541
"../../../Engine/Plugins/Animation/ControlRig/Content/Controls/ControlRigGizmoMaterial.uasset" 542
"../../../Engine/Plugins/Animation/ControlRig/Content/Controls/ControlRigGizmoMaterial.uexp" 543
"../../../Engine/Plugins/Editor/SpeedTreeImporter/Content/SpeedTree9/game_wind_noise.ubulk" 544
"../../../Engine/Plugins/Editor/SpeedTreeImporter/Content/SpeedTree9/game_wind_noise.uasset" 545
"../../../Engine/Plugins/Editor/SpeedTreeImporter/Content/SpeedTree9/game_wind_noise.uexp" 546
"../../../Engine/Plugins/Editor/SpeedTreeImporter/Content/SpeedTree9/UnpackDirection.uasset" 547
"../../../Engine/Plugins/Editor/SpeedTreeImporter/Content/SpeedTree9/UnpackDirection.uexp" 548
"../../../Engine/Content/Functions/Engine_MaterialFunctions02/ObjectLocalBounds.uasset" 549
"../../../Engine/Content/Functions/Engine_MaterialFunctions02/ObjectLocalBounds.uexp" 550
"../../../Engine/Content/Functions/Engine_MaterialFunctions02/UVs/BoundingBoxBased_0-1_UVW.uasset" 551
"../../../Engine/Content/Functions/Engine_MaterialFunctions02/UVs/BoundingBoxBased_0-1_UVW.uexp" 552
"../../../Engine/Content/Functions/Engine_MaterialFunctions02/Utility/VectorLength.uasset" 553
"../../../Engine/Content/Functions/Engine_MaterialFunctions02/Utility/VectorLength.uexp" 554
"../../../Engine/Plugins/Editor/SpeedTreeImporter/Content/SpeedTree9/UnpackInteger3.uasset" 555
"../../../Engine/Plugins/Editor/SpeedTreeImporter/Content/SpeedTree9/UnpackInteger3.uexp" 556
"../../../Engine/Plugins/Editor/SpeedTreeImporter/Content/SpeedTree9/SpeedTreeCameraFacing.uasset" 557
"../../../Engine/Plugins/Editor/SpeedTreeImporter/Content/SpeedTree9/SpeedTreeCameraFacing.uexp" 558
"../../../Engine/Content/Functions/Engine_MaterialFunctions02/WorldPositionOffset/ObjectScale.uasset" 559
"../../../Engine/Content/Functions/Engine_MaterialFunctions02/WorldPositionOffset/ObjectScale.uexp" 560
"../../../Engine/Content/Functions/Engine_MaterialFunctions02/SafeNormalize.uasset" 561
"../../../Engine/Content/Functions/Engine_MaterialFunctions02/SafeNormalize.uexp" 562
"../../../Engine/Plugins/Editor/SpeedTreeImporter/Content/SpeedTree9/SpeedTreeWindMotion.uasset" 563
"../../../Engine/Plugins/Editor/SpeedTreeImporter/Content/SpeedTree9/SpeedTreeWindMotion.uexp" 564
"../../../Engine/Plugins/Editor/SpeedTreeImporter/Content/SpeedTree9/SpeedTreeBranchMotion.uasset" 565
"../../../Engine/Plugins/Editor/SpeedTreeImporter/Content/SpeedTree9/SpeedTreeBranchMotion.uexp" 566
"../../../Engine/Plugins/Editor/SpeedTreeImporter/Content/SpeedTree9/SpeedTreeWind.uasset" 567
"../../../Engine/Plugins/Editor/SpeedTreeImporter/Content/SpeedTree9/SpeedTreeWind.uexp" 568
"../../../Engine/Plugins/Editor/SpeedTreeImporter/Content/SpeedTree9/EmptyNormal.uasset" 569
"../../../Engine/Plugins/Editor/SpeedTreeImporter/Content/SpeedTree9/EmptyNormal.uexp" 570
"../../../Engine/Plugins/Editor/SpeedTreeImporter/Content/SpeedTree9/Empty.uasset" 571
"../../../Engine/Plugins/Editor/SpeedTreeImporter/Content/SpeedTree9/Empty.uexp" 572
"../../../Engine/Plugins/Editor/SpeedTreeImporter/Content/SpeedTree9/SpeedTreeMaster.uasset" 573
"../../../Engine/Plugins/Editor/SpeedTreeImporter/Content/SpeedTree9/SpeedTreeMaster.uexp" 574
"../../../Engine/Plugins/Editor/SpeedTreeImporter/Content/SpeedTree9/SpeedTreeBillboard.uasset" 575
"../../../Engine/Plugins/Editor/SpeedTreeImporter/Content/SpeedTree9/SpeedTreeBillboard.uexp" 576
"../../../Engine/Plugins/Editor/SpeedTreeImporter/Content/SpeedTree9/SpeedTreeBillboardMaster.uasset" 577
"../../../Engine/Plugins/Editor/SpeedTreeImporter/Content/SpeedTree9/SpeedTreeBillboardMaster.uexp" 578
"../../../Engine/Plugins/Runtime/HairStrands/Content/Materials/HairMeshesDefaultMaterial.uasset" 579
"../../../Engine/Plugins/Runtime/HairStrands/Content/Materials/HairMeshesDefaultMaterial.uexp" 580
"../../../Engine/Plugins/Runtime/HairStrands/Content/Materials/HairDefaultMaterial.uasset" 581
"../../../Engine/Plugins/Runtime/HairStrands/Content/Materials/HairDefaultMaterial.uexp" 582
"../../../Engine/Plugins/Runtime/HairStrands/Content/Materials/HairGroupColors.uasset" 583
"../../../Engine/Plugins/Runtime/HairStrands/Content/Materials/HairGroupColors.uexp" 584
"../../../Engine/Content/EngineMaterials/HairColorMap.uasset" 585
"../../../Engine/Content/EngineMaterials/HairColorMap.uexp" 586
"../../../Engine/Content/EngineMaterials/HairDebugColor.uasset" 587
"../../../Engine/Content/EngineMaterials/HairDebugColor.uexp" 588
"../../../Engine/Plugins/Runtime/HairStrands/Content/Materials/HairDebugMaterial.uasset" 589
"../../../Engine/Plugins/Runtime/HairStrands/Content/Materials/HairDebugMaterial.uexp" 590
"../../../Engine/Plugins/Runtime/HairStrands/Content/Materials/HairCardsDefaultMaterial.uasset" 591
"../../../Engine/Plugins/Runtime/HairStrands/Content/Materials/HairCardsDefaultMaterial.uexp" 592
"D:/GitHub/GitHub/game-unreal-sdk/AnkrUnrealSDK/Content/Media/Media_MediaPlayer.uasset" 593
"D:/GitHub/GitHub/game-unreal-sdk/AnkrUnrealSDK/Content/Media/Media_MediaPlayer.uexp" 594
"D:/GitHub/GitHub/game-unreal-sdk/AnkrUnrealSDK/Content/Media/Media_FileMediaSource.uasset" 595
"D:/GitHub/GitHub/game-unreal-sdk/AnkrUnrealSDK/Content/Media/Media_FileMediaSource.uexp" 596
"D:/GitHub/GitHub/game-unreal-sdk/AnkrUnrealSDK/Content/Ad/BannerAdTexture.uasset" 597
"D:/GitHub/GitHub/game-unreal-sdk/AnkrUnrealSDK/Content/Ad/BannerAdTexture.uexp" 598
"D:/GitHub/GitHub/game-unreal-sdk/AnkrUnrealSDK/Content/Ad/BannerAd3DMaterial.uasset" 599
"D:/GitHub/GitHub/game-unreal-sdk/AnkrUnrealSDK/Content/Ad/BannerAd3DMaterial.uexp" 600
"../../../Engine/Content/BasicShapes/Plane.ubulk" 601
"../../../Engine/Content/BasicShapes/Plane.uasset" 602
"../../../Engine/Content/BasicShapes/Plane.uexp" 603
"D:/GitHub/GitHub/game-unreal-sdk/AnkrUnrealSDK/Content/Media/Media_MediaPlayer_Video.uasset" 604
"D:/GitHub/GitHub/game-unreal-sdk/AnkrUnrealSDK/Content/Media/Media_MediaPlayer_Video.uexp" 605
"D:/GitHub/GitHub/game-unreal-sdk/AnkrUnrealSDK/Content/Media/Media_Material_Wdiget.uasset" 606
"D:/GitHub/GitHub/game-unreal-sdk/AnkrUnrealSDK/Content/Media/Media_Material_Wdiget.uexp" 607
"D:/GitHub/GitHub/game-unreal-sdk/AnkrUnrealSDK/Content/Ad/VideoAd3D.uasset" 608
"D:/GitHub/GitHub/game-unreal-sdk/AnkrUnrealSDK/Content/Ad/VideoAd3D.uexp" 609
"D:/GitHub/GitHub/game-unreal-sdk/AnkrUnrealSDK/Content/Models/CyberpunkCity/Glass.uasset" 610
"D:/GitHub/GitHub/game-unreal-sdk/AnkrUnrealSDK/Content/Models/CyberpunkCity/Glass.uexp" 611
"D:/GitHub/GitHub/game-unreal-sdk/AnkrUnrealSDK/Content/Models/CyberpunkCity/Concrete.uasset" 612
"D:/GitHub/GitHub/game-unreal-sdk/AnkrUnrealSDK/Content/Models/CyberpunkCity/Concrete.uexp" 613
"D:/GitHub/GitHub/game-unreal-sdk/AnkrUnrealSDK/Content/Models/CyberpunkCity/Light.uasset" 614
"D:/GitHub/GitHub/game-unreal-sdk/AnkrUnrealSDK/Content/Models/CyberpunkCity/Light.uexp" 615
"D:/GitHub/GitHub/game-unreal-sdk/AnkrUnrealSDK/Content/Models/CyberpunkCity/Metal.uasset" 616
"D:/GitHub/GitHub/game-unreal-sdk/AnkrUnrealSDK/Content/Models/CyberpunkCity/Metal.uexp" 617
"D:/GitHub/GitHub/game-unreal-sdk/AnkrUnrealSDK/Content/Models/CyberpunkCity/Plane_052.uasset" 618
"D:/GitHub/GitHub/game-unreal-sdk/AnkrUnrealSDK/Content/Models/CyberpunkCity/Plane_052.uexp" 619
"D:/GitHub/GitHub/game-unreal-sdk/AnkrUnrealSDK/Content/Models/CyberpunkCity/Plane_051.uasset" 620
"D:/GitHub/GitHub/game-unreal-sdk/AnkrUnrealSDK/Content/Models/CyberpunkCity/Plane_051.uexp" 621
"D:/GitHub/GitHub/game-unreal-sdk/AnkrUnrealSDK/Content/Models/CyberpunkCity/Plane_035.uasset" 622
"D:/GitHub/GitHub/game-unreal-sdk/AnkrUnrealSDK/Content/Models/CyberpunkCity/Plane_035.uexp" 623
"../../../Engine/Content/EngineMaterials/BaseFlattenNormalMap.uasset" 624
"../../../Engine/Content/EngineMaterials/BaseFlattenNormalMap.uexp" 625
"../../../Engine/Content/EngineMaterials/BaseFlattenGrayscaleMap.uasset" 626
"../../../Engine/Content/EngineMaterials/BaseFlattenGrayscaleMap.uexp" 627
"../../../Engine/Content/EngineMaterials/BaseFlattenDiffuseMap.uasset" 628
"../../../Engine/Content/EngineMaterials/BaseFlattenDiffuseMap.uexp" 629
"../../../Engine/Content/Functions/Engine_MaterialFunctions02/PivotPainter2/Black_1x1_EXR_Texture.uasset" 630
"../../../Engine/Content/Functions/Engine_MaterialFunctions02/PivotPainter2/Black_1x1_EXR_Texture.uexp" 631
"../../../Engine/Content/EngineMaterials/BaseFlattenEmissiveMap.uasset" 632
"../../../Engine/Content/EngineMaterials/BaseFlattenEmissiveMap.uexp" 633
"../../../Engine/Content/EngineMaterials/BaseFlattenLinearColor.uasset" 634
"../../../Engine/Content/EngineMaterials/BaseFlattenLinearColor.uexp" 635
"../../../Engine/Content/EngineMaterials/FlattenMaterial.uasset" 636
"../../../Engine/Content/EngineMaterials/FlattenMaterial.uexp" 637
"D:/GitHub/GitHub/game-unreal-sdk/AnkrUnrealSDK/Content/Models/CyberpunkCity/M_Cube_383_Glass_3B5223B4437EF1DAB2282AA9A9C061A5.uasset" 638
"D:/GitHub/GitHub/game-unreal-sdk/AnkrUnrealSDK/Content/Models/CyberpunkCity/M_Cube_383_Glass_3B5223B4437EF1DAB2282AA9A9C061A5.uexp" 639
"D:/GitHub/GitHub/game-unreal-sdk/AnkrUnrealSDK/Content/Models/CyberpunkCity/M_Cube_383_Concrete_3B5223B4437EF1DAB2282AA9A9C061A5.uasset" 640
"D:/GitHub/GitHub/game-unreal-sdk/AnkrUnrealSDK/Content/Models/CyberpunkCity/M_Cube_383_Concrete_3B5223B4437EF1DAB2282AA9A9C061A5.uexp" 641
"D:/GitHub/GitHub/game-unreal-sdk/AnkrUnrealSDK/Content/Models/CyberpunkCity/Cylinder_028.uasset" 642
"D:/GitHub/GitHub/game-unreal-sdk/AnkrUnrealSDK/Content/Models/CyberpunkCity/Cylinder_028.uexp" 643
"D:/GitHub/GitHub/game-unreal-sdk/AnkrUnrealSDK/Content/Models/CyberpunkCity/Cube_443.uasset" 644
"D:/GitHub/GitHub/game-unreal-sdk/AnkrUnrealSDK/Content/Models/CyberpunkCity/Cube_443.uexp" 645
"D:/GitHub/GitHub/game-unreal-sdk/AnkrUnrealSDK/Content/Models/CyberpunkCity/Cube_398.uasset" 646
"D:/GitHub/GitHub/game-unreal-sdk/AnkrUnrealSDK/Content/Models/CyberpunkCity/Cube_398.uexp" 647
"D:/GitHub/GitHub/game-unreal-sdk/AnkrUnrealSDK/Content/Models/CyberpunkCity/Cube_385.uasset" 648
"D:/GitHub/GitHub/game-unreal-sdk/AnkrUnrealSDK/Content/Models/CyberpunkCity/Cube_385.uexp" 649
"D:/GitHub/GitHub/game-unreal-sdk/AnkrUnrealSDK/Content/Models/CyberpunkCity/Cube_383.uasset" 650
"D:/GitHub/GitHub/game-unreal-sdk/AnkrUnrealSDK/Content/Models/CyberpunkCity/Cube_383.uexp" 651
"D:/GitHub/GitHub/game-unreal-sdk/AnkrUnrealSDK/Content/Models/CyberpunkCity/Cube_298.uasset" 652
"D:/GitHub/GitHub/game-unreal-sdk/AnkrUnrealSDK/Content/Models/CyberpunkCity/Cube_298.uexp" 653
"D:/GitHub/GitHub/game-unreal-sdk/AnkrUnrealSDK/Content/Models/CyberpunkCity/Cube_289.uasset" 654
"D:/GitHub/GitHub/game-unreal-sdk/AnkrUnrealSDK/Content/Models/CyberpunkCity/Cube_289.uexp" 655
"D:/GitHub/GitHub/game-unreal-sdk/AnkrUnrealSDK/Content/Models/GlowMaterials/Material_BaseGlow.uasset" 656
"D:/GitHub/GitHub/game-unreal-sdk/AnkrUnrealSDK/Content/Models/GlowMaterials/Material_BaseGlow.uexp" 657
"D:/GitHub/GitHub/game-unreal-sdk/AnkrUnrealSDK/Content/Models/GlowMaterials/Material_Glow_Yellow.uasset" 658
"D:/GitHub/GitHub/game-unreal-sdk/AnkrUnrealSDK/Content/Models/GlowMaterials/Material_Glow_Yellow.uexp" 659
"D:/GitHub/GitHub/game-unreal-sdk/AnkrUnrealSDK/Content/Models/GlowMaterials/Material_Glow_Red.uasset" 660
"D:/GitHub/GitHub/game-unreal-sdk/AnkrUnrealSDK/Content/Models/GlowMaterials/Material_Glow_Red.uexp" 661
"D:/GitHub/GitHub/game-unreal-sdk/AnkrUnrealSDK/Content/Models/GlowMaterials/Material_Glow_Green.uasset" 662
"D:/GitHub/GitHub/game-unreal-sdk/AnkrUnrealSDK/Content/Models/GlowMaterials/Material_Glow_Green.uexp" 663
"D:/GitHub/GitHub/game-unreal-sdk/AnkrUnrealSDK/Content/Models/GlowMaterials/Material_Glow_Blue.uasset" 664
"D:/GitHub/GitHub/game-unreal-sdk/AnkrUnrealSDK/Content/Models/GlowMaterials/Material_Glow_Blue.uexp" 665
"D:/GitHub/GitHub/game-unreal-sdk/AnkrUnrealSDK/Content/Ad/BannerAd3D.uasset" 666
"D:/GitHub/GitHub/game-unreal-sdk/AnkrUnrealSDK/Content/Ad/BannerAd3D.uexp" 667
"D:/GitHub/GitHub/game-unreal-sdk/AnkrUnrealSDK/Content/Characters/Mannequins/Meshes/SK_Mannequin.uasset" 668
"D:/GitHub/GitHub/game-unreal-sdk/AnkrUnrealSDK/Content/Characters/Mannequins/Meshes/SK_Mannequin.uexp" 669
"D:/GitHub/GitHub/game-unreal-sdk/AnkrUnrealSDK/Content/Characters/Mannequins/Textures/Quinn/T_Quinn_02ID_MSR_MSK.ubulk" 670
"D:/GitHub/GitHub/game-unreal-sdk/AnkrUnrealSDK/Content/Characters/Mannequins/Textures/Quinn/T_Quinn_02ID_MSR_MSK.uasset" 671
"D:/GitHub/GitHub/game-unreal-sdk/AnkrUnrealSDK/Content/Characters/Mannequins/Textures/Quinn/T_Quinn_02ID_MSR_MSK.uexp" 672
"D:/GitHub/GitHub/game-unreal-sdk/AnkrUnrealSDK/Content/Characters/Mannequins/Textures/Quinn/T_Quinn_02ID_BN.ubulk" 673
"D:/GitHub/GitHub/game-unreal-sdk/AnkrUnrealSDK/Content/Characters/Mannequins/Textures/Quinn/T_Quinn_02ID_BN.uasset" 674
"D:/GitHub/GitHub/game-unreal-sdk/AnkrUnrealSDK/Content/Characters/Mannequins/Textures/Quinn/T_Quinn_02ID_BN.uexp" 675
"D:/GitHub/GitHub/game-unreal-sdk/AnkrUnrealSDK/Content/Characters/Mannequins/Textures/Quinn/T_Quinn_02_ASAOMASK_MSK.ubulk" 676
"D:/GitHub/GitHub/game-unreal-sdk/AnkrUnrealSDK/Content/Characters/Mannequins/Textures/Quinn/T_Quinn_02_ASAOMASK_MSK.uasset" 677
"D:/GitHub/GitHub/game-unreal-sdk/AnkrUnrealSDK/Content/Characters/Mannequins/Textures/Quinn/T_Quinn_02_ASAOMASK_MSK.uexp" 678
"D:/GitHub/GitHub/game-unreal-sdk/AnkrUnrealSDK/Content/Characters/Mannequins/Textures/Quinn/T_Quinn_02_CCRCCPlastic_MSK.ubulk" 679
"D:/GitHub/GitHub/game-unreal-sdk/AnkrUnrealSDK/Content/Characters/Mannequins/Textures/Quinn/T_Quinn_02_CCRCCPlastic_MSK.uasset" 680
"D:/GitHub/GitHub/game-unreal-sdk/AnkrUnrealSDK/Content/Characters/Mannequins/Textures/Quinn/T_Quinn_02_CCRCCPlastic_MSK.uexp" 681
"D:/GitHub/GitHub/game-unreal-sdk/AnkrUnrealSDK/Content/Characters/Mannequins/Textures/Quinn/T_Quinn_02ID_Tan.ubulk" 682
"D:/GitHub/GitHub/game-unreal-sdk/AnkrUnrealSDK/Content/Characters/Mannequins/Textures/Quinn/T_Quinn_02ID_Tan.uasset" 683
"D:/GitHub/GitHub/game-unreal-sdk/AnkrUnrealSDK/Content/Characters/Mannequins/Textures/Quinn/T_Quinn_02ID_Tan.uexp" 684
"D:/GitHub/GitHub/game-unreal-sdk/AnkrUnrealSDK/Content/Characters/Mannequins/Textures/Quinn/T_Quinn_02ID_D.ubulk" 685
"D:/GitHub/GitHub/game-unreal-sdk/AnkrUnrealSDK/Content/Characters/Mannequins/Textures/Quinn/T_Quinn_02ID_D.uasset" 686
"D:/GitHub/GitHub/game-unreal-sdk/AnkrUnrealSDK/Content/Characters/Mannequins/Textures/Quinn/T_Quinn_02ID_D.uexp" 687
"D:/GitHub/GitHub/game-unreal-sdk/AnkrUnrealSDK/Content/Characters/Mannequins/Textures/Quinn/T_Quinn_01ID_MSR_MSK.ubulk" 688
"D:/GitHub/GitHub/game-unreal-sdk/AnkrUnrealSDK/Content/Characters/Mannequins/Textures/Quinn/T_Quinn_01ID_MSR_MSK.uasset" 689
"D:/GitHub/GitHub/game-unreal-sdk/AnkrUnrealSDK/Content/Characters/Mannequins/Textures/Quinn/T_Quinn_01ID_MSR_MSK.uexp" 690
"D:/GitHub/GitHub/game-unreal-sdk/AnkrUnrealSDK/Content/Characters/Mannequins/Materials/Functions/ChromaticCurve.uasset" 691
"D:/GitHub/GitHub/game-unreal-sdk/AnkrUnrealSDK/Content/Characters/Mannequins/Materials/Functions/ChromaticCurve.uexp" 692
"D:/GitHub/GitHub/game-unreal-sdk/AnkrUnrealSDK/Content/Characters/Mannequins/Materials/Functions/CA_Mannequin.uasset" 693
"D:/GitHub/GitHub/game-unreal-sdk/AnkrUnrealSDK/Content/Characters/Mannequins/Materials/Functions/CA_Mannequin.uexp" 694
"D:/GitHub/GitHub/game-unreal-sdk/AnkrUnrealSDK/Content/Characters/Mannequins/Materials/Functions/MF_Diffraction.uasset" 695
"D:/GitHub/GitHub/game-unreal-sdk/AnkrUnrealSDK/Content/Characters/Mannequins/Materials/Functions/MF_Diffraction.uexp" 696
"D:/GitHub/GitHub/game-unreal-sdk/AnkrUnrealSDK/Content/Characters/Mannequins/Textures/Manny/T_Manny_01_N.ubulk" 697
"D:/GitHub/GitHub/game-unreal-sdk/AnkrUnrealSDK/Content/Characters/Mannequins/Textures/Manny/T_Manny_01_N.uasset" 698
"D:/GitHub/GitHub/game-unreal-sdk/AnkrUnrealSDK/Content/Characters/Mannequins/Textures/Manny/T_Manny_01_N.uexp" 699
"D:/GitHub/GitHub/game-unreal-sdk/AnkrUnrealSDK/Content/Characters/Mannequins/Materials/Functions/ML_BaseColorFallOff.uasset" 700
"D:/GitHub/GitHub/game-unreal-sdk/AnkrUnrealSDK/Content/Characters/Mannequins/Materials/Functions/ML_BaseColorFallOff.uexp" 701
"../../../Engine/Content/Functions/Engine_MaterialFunctions01/Texturing/ScaleUVsByCenter.uasset" 702
"../../../Engine/Content/Functions/Engine_MaterialFunctions01/Texturing/ScaleUVsByCenter.uexp" 703
"D:/GitHub/GitHub/game-unreal-sdk/AnkrUnrealSDK/Content/Characters/Mannequins/Textures/Shared/T_UE_Logo_M.uasset" 704
"D:/GitHub/GitHub/game-unreal-sdk/AnkrUnrealSDK/Content/Characters/Mannequins/Textures/Shared/T_UE_Logo_M.uexp" 705
"D:/GitHub/GitHub/game-unreal-sdk/AnkrUnrealSDK/Content/Characters/Mannequins/Materials/Functions/MF_logo3layers.uasset" 706
"D:/GitHub/GitHub/game-unreal-sdk/AnkrUnrealSDK/Content/Characters/Mannequins/Materials/Functions/MF_logo3layers.uexp" 707
"D:/GitHub/GitHub/game-unreal-sdk/AnkrUnrealSDK/Content/Characters/Mannequins/Textures/Manny/T_Manny_01_CCRCCPlastic_MSK.ubulk" 708
"D:/GitHub/GitHub/game-unreal-sdk/AnkrUnrealSDK/Content/Characters/Mannequins/Textures/Manny/T_Manny_01_CCRCCPlastic_MSK.uasset" 709
"D:/GitHub/GitHub/game-unreal-sdk/AnkrUnrealSDK/Content/Characters/Mannequins/Textures/Manny/T_Manny_01_CCRCCPlastic_MSK.uexp" 710
"D:/GitHub/GitHub/game-unreal-sdk/AnkrUnrealSDK/Content/Characters/Mannequins/Textures/Manny/T_Manny_01_ASAOPMASK_MSK.ubulk" 711
"D:/GitHub/GitHub/game-unreal-sdk/AnkrUnrealSDK/Content/Characters/Mannequins/Textures/Manny/T_Manny_01_ASAOPMASK_MSK.uasset" 712
"D:/GitHub/GitHub/game-unreal-sdk/AnkrUnrealSDK/Content/Characters/Mannequins/Textures/Manny/T_Manny_01_ASAOPMASK_MSK.uexp" 713
"D:/GitHub/GitHub/game-unreal-sdk/AnkrUnrealSDK/Content/Characters/Mannequins/Textures/Manny/T_Manny_01_MSR_MSK.ubulk" 714
"D:/GitHub/GitHub/game-unreal-sdk/AnkrUnrealSDK/Content/Characters/Mannequins/Textures/Manny/T_Manny_01_MSR_MSK.uasset" 715
"D:/GitHub/GitHub/game-unreal-sdk/AnkrUnrealSDK/Content/Characters/Mannequins/Textures/Manny/T_Manny_01_MSR_MSK.uexp" 716
"D:/GitHub/GitHub/game-unreal-sdk/AnkrUnrealSDK/Content/Characters/Mannequins/Textures/Manny/T_Manny_01_BN.ubulk" 717
"D:/GitHub/GitHub/game-unreal-sdk/AnkrUnrealSDK/Content/Characters/Mannequins/Textures/Manny/T_Manny_01_BN.uasset" 718
"D:/GitHub/GitHub/game-unreal-sdk/AnkrUnrealSDK/Content/Characters/Mannequins/Textures/Manny/T_Manny_01_BN.uexp" 719
"D:/GitHub/GitHub/game-unreal-sdk/AnkrUnrealSDK/Content/Characters/Mannequins/Textures/Manny/T_Manny_01_D.ubulk" 720
"D:/GitHub/GitHub/game-unreal-sdk/AnkrUnrealSDK/Content/Characters/Mannequins/Textures/Manny/T_Manny_01_D.uasset" 721
"D:/GitHub/GitHub/game-unreal-sdk/AnkrUnrealSDK/Content/Characters/Mannequins/Textures/Manny/T_Manny_01_D.uexp" 722
"D:/GitHub/GitHub/game-unreal-sdk/AnkrUnrealSDK/Content/Characters/Mannequins/Textures/Manny/T_Manny_01_Tan.ubulk" 723
"D:/GitHub/GitHub/game-unreal-sdk/AnkrUnrealSDK/Content/Characters/Mannequins/Textures/Manny/T_Manny_01_Tan.uasset" 724
"D:/GitHub/GitHub/game-unreal-sdk/AnkrUnrealSDK/Content/Characters/Mannequins/Textures/Manny/T_Manny_01_Tan.uexp" 725
"D:/GitHub/GitHub/game-unreal-sdk/AnkrUnrealSDK/Content/Characters/Mannequins/Materials/M_Mannequin.uasset" 726
"D:/GitHub/GitHub/game-unreal-sdk/AnkrUnrealSDK/Content/Characters/Mannequins/Materials/M_Mannequin.uexp" 727
"D:/GitHub/GitHub/game-unreal-sdk/AnkrUnrealSDK/Content/Characters/Mannequins/Textures/Quinn/T_Quinn_01_ASAOMASK_MSK.ubulk" 728
"D:/GitHub/GitHub/game-unreal-sdk/AnkrUnrealSDK/Content/Characters/Mannequins/Textures/Quinn/T_Quinn_01_ASAOMASK_MSK.uasset" 729
"D:/GitHub/GitHub/game-unreal-sdk/AnkrUnrealSDK/Content/Characters/Mannequins/Textures/Quinn/T_Quinn_01_ASAOMASK_MSK.uexp" 730
"D:/GitHub/GitHub/game-unreal-sdk/AnkrUnrealSDK/Content/Characters/Mannequins/Textures/Quinn/T_Quinn_01ID_N.ubulk" 731
"D:/GitHub/GitHub/game-unreal-sdk/AnkrUnrealSDK/Content/Characters/Mannequins/Textures/Quinn/T_Quinn_01ID_N.uasset" 732
"D:/GitHub/GitHub/game-unreal-sdk/AnkrUnrealSDK/Content/Characters/Mannequins/Textures/Quinn/T_Quinn_01ID_N.uexp" 733
"D:/GitHub/GitHub/game-unreal-sdk/AnkrUnrealSDK/Content/Characters/Mannequins/Textures/Quinn/T_Quinn_01ID_BN.ubulk" 734
"D:/GitHub/GitHub/game-unreal-sdk/AnkrUnrealSDK/Content/Characters/Mannequins/Textures/Quinn/T_Quinn_01ID_BN.uasset" 735
"D:/GitHub/GitHub/game-unreal-sdk/AnkrUnrealSDK/Content/Characters/Mannequins/Textures/Quinn/T_Quinn_01ID_BN.uexp" 736
"D:/GitHub/GitHub/game-unreal-sdk/AnkrUnrealSDK/Content/Characters/Mannequins/Textures/Quinn/T_Quinn_01ID_D.ubulk" 737
"D:/GitHub/GitHub/game-unreal-sdk/AnkrUnrealSDK/Content/Characters/Mannequins/Textures/Quinn/T_Quinn_01ID_D.uasset" 738
"D:/GitHub/GitHub/game-unreal-sdk/AnkrUnrealSDK/Content/Characters/Mannequins/Textures/Quinn/T_Quinn_01ID_D.uexp" 739
"D:/GitHub/GitHub/game-unreal-sdk/AnkrUnrealSDK/Content/Characters/Mannequins/Textures/Quinn/T_Quinn_01ID_Tan.ubulk" 740
"D:/GitHub/GitHub/game-unreal-sdk/AnkrUnrealSDK/Content/Characters/Mannequins/Textures/Quinn/T_Quinn_01ID_Tan.uasset" 741
"D:/GitHub/GitHub/game-unreal-sdk/AnkrUnrealSDK/Content/Characters/Mannequins/Textures/Quinn/T_Quinn_01ID_Tan.uexp" 742
"D:/GitHub/GitHub/game-unreal-sdk/AnkrUnrealSDK/Content/Characters/Mannequins/Textures/Quinn/T_Quinn_01_CCRCCPlastic_MSK.ubulk" 743
"D:/GitHub/GitHub/game-unreal-sdk/AnkrUnrealSDK/Content/Characters/Mannequins/Textures/Quinn/T_Quinn_01_CCRCCPlastic_MSK.uasset" 744
"D:/GitHub/GitHub/game-unreal-sdk/AnkrUnrealSDK/Content/Characters/Mannequins/Textures/Quinn/T_Quinn_01_CCRCCPlastic_MSK.uexp" 745
"D:/GitHub/GitHub/game-unreal-sdk/AnkrUnrealSDK/Content/Characters/Mannequins/Materials/Instances/Quinn/MI_Quinn_01.uasset" 746
"D:/GitHub/GitHub/game-unreal-sdk/AnkrUnrealSDK/Content/Characters/Mannequins/Materials/Instances/Quinn/MI_Quinn_01.uexp" 747
"D:/GitHub/GitHub/game-unreal-sdk/AnkrUnrealSDK/Content/Characters/Mannequins/Textures/Quinn/T_Quinn_02ID_N.ubulk" 748
"D:/GitHub/GitHub/game-unreal-sdk/AnkrUnrealSDK/Content/Characters/Mannequins/Textures/Quinn/T_Quinn_02ID_N.uasset" 749
"D:/GitHub/GitHub/game-unreal-sdk/AnkrUnrealSDK/Content/Characters/Mannequins/Textures/Quinn/T_Quinn_02ID_N.uexp" 750
"D:/GitHub/GitHub/game-unreal-sdk/AnkrUnrealSDK/Content/Characters/Mannequins/Materials/Instances/Quinn/MI_Quinn_02.uasset" 751
"D:/GitHub/GitHub/game-unreal-sdk/AnkrUnrealSDK/Content/Characters/Mannequins/Materials/Instances/Quinn/MI_Quinn_02.uexp" 752
"D:/GitHub/GitHub/game-unreal-sdk/AnkrUnrealSDK/Content/Characters/Mannequins/Rigs/PA_Mannequin.uasset" 753
"D:/GitHub/GitHub/game-unreal-sdk/AnkrUnrealSDK/Content/Characters/Mannequins/Rigs/PA_Mannequin.uexp" 754
"D:/GitHub/GitHub/game-unreal-sdk/AnkrUnrealSDK/Content/Characters/Mannequins/Meshes/SKM_Quinn_Simple.uasset" 755
"D:/GitHub/GitHub/game-unreal-sdk/AnkrUnrealSDK/Content/Characters/Mannequins/Meshes/SKM_Quinn_Simple.uexp" 756
"../../../Engine/Content/Animation/DefaultAnimCurveCompressionSettings.uasset" 757
"../../../Engine/Content/Animation/DefaultAnimCurveCompressionSettings.uexp" 758
"../../../Engine/Content/Animation/DefaultAnimBoneCompressionSettings.uasset" 759
"../../../Engine/Content/Animation/DefaultAnimBoneCompressionSettings.uexp" 760
"D:/GitHub/GitHub/game-unreal-sdk/AnkrUnrealSDK/Content/Characters/Mannequins/Animations/Quinn/MF_Run_Fwd.uasset" 761
"D:/GitHub/GitHub/game-unreal-sdk/AnkrUnrealSDK/Content/Characters/Mannequins/Animations/Quinn/MF_Run_Fwd.uexp" 762
"D:/GitHub/GitHub/game-unreal-sdk/AnkrUnrealSDK/Content/Characters/Mannequins/Animations/Quinn/MF_Walk_Fwd.uasset" 763
"D:/GitHub/GitHub/game-unreal-sdk/AnkrUnrealSDK/Content/Characters/Mannequins/Animations/Quinn/MF_Walk_Fwd.uexp" 764
"../../../Engine/Content/Animation/DefaultRecorderBoneCompression.uasset" 765
"../../../Engine/Content/Animation/DefaultRecorderBoneCompression.uexp" 766
"D:/GitHub/GitHub/game-unreal-sdk/AnkrUnrealSDK/Content/Characters/Mannequins/Animations/Manny/MM_Walk_InPlace.uasset" 767
"D:/GitHub/GitHub/game-unreal-sdk/AnkrUnrealSDK/Content/Characters/Mannequins/Animations/Manny/MM_Walk_InPlace.uexp" 768
"D:/GitHub/GitHub/game-unreal-sdk/AnkrUnrealSDK/Content/Characters/Mannequins/Animations/Quinn/BS_MF_Unarmed_WalkRun.uasset" 769
"D:/GitHub/GitHub/game-unreal-sdk/AnkrUnrealSDK/Content/Characters/Mannequins/Animations/Quinn/BS_MF_Unarmed_WalkRun.uexp" 770
"D:/GitHub/GitHub/game-unreal-sdk/AnkrUnrealSDK/Content/Characters/Mannequins/Animations/Quinn/MF_Idle.uasset" 771
"D:/GitHub/GitHub/game-unreal-sdk/AnkrUnrealSDK/Content/Characters/Mannequins/Animations/Quinn/MF_Idle.uexp" 772
"D:/GitHub/GitHub/game-unreal-sdk/AnkrUnrealSDK/Content/Characters/Mannequins/Animations/Manny/MM_Fall_Loop.uasset" 773
"D:/GitHub/GitHub/game-unreal-sdk/AnkrUnrealSDK/Content/Characters/Mannequins/Animations/Manny/MM_Fall_Loop.uexp" 774
"D:/GitHub/GitHub/game-unreal-sdk/AnkrUnrealSDK/Content/Characters/Mannequins/Animations/Manny/MM_Jump.uasset" 775
"D:/GitHub/GitHub/game-unreal-sdk/AnkrUnrealSDK/Content/Characters/Mannequins/Animations/Manny/MM_Jump.uexp" 776
"../../../Engine/Plugins/Animation/ControlRig/Content/Controls/DefaultGizmoLibrary.uasset" 777
"../../../Engine/Plugins/Animation/ControlRig/Content/Controls/DefaultGizmoLibrary.uexp" 778
"D:/GitHub/GitHub/game-unreal-sdk/AnkrUnrealSDK/Content/Characters/Mannequins/Rigs/CR_Mannequin_BasicFootIK.uasset" 779
"D:/GitHub/GitHub/game-unreal-sdk/AnkrUnrealSDK/Content/Characters/Mannequins/Rigs/CR_Mannequin_BasicFootIK.uexp" 780
"D:/GitHub/GitHub/game-unreal-sdk/AnkrUnrealSDK/Content/Characters/Mannequins/Animations/Manny/MM_Run_Fwd.uasset" 781
"D:/GitHub/GitHub/game-unreal-sdk/AnkrUnrealSDK/Content/Characters/Mannequins/Animations/Manny/MM_Run_Fwd.uexp" 782
"D:/GitHub/GitHub/game-unreal-sdk/AnkrUnrealSDK/Content/Characters/Mannequins/Animations/Manny/MM_Walk_Fwd.uasset" 783
"D:/GitHub/GitHub/game-unreal-sdk/AnkrUnrealSDK/Content/Characters/Mannequins/Animations/Manny/MM_Walk_Fwd.uexp" 784
"D:/GitHub/GitHub/game-unreal-sdk/AnkrUnrealSDK/Content/Characters/Mannequins/Animations/Manny/BS_MM_WalkRun.uasset" 785
"D:/GitHub/GitHub/game-unreal-sdk/AnkrUnrealSDK/Content/Characters/Mannequins/Animations/Manny/BS_MM_WalkRun.uexp" 786
"D:/GitHub/GitHub/game-unreal-sdk/AnkrUnrealSDK/Content/Characters/Mannequins/Animations/Manny/MM_Land.uasset" 787
"D:/GitHub/GitHub/game-unreal-sdk/AnkrUnrealSDK/Content/Characters/Mannequins/Animations/Manny/MM_Land.uexp" 788
"D:/GitHub/GitHub/game-unreal-sdk/AnkrUnrealSDK/Content/Characters/Mannequins/Animations/Manny/MM_Idle.uasset" 789
"D:/GitHub/GitHub/game-unreal-sdk/AnkrUnrealSDK/Content/Characters/Mannequins/Animations/Manny/MM_Idle.uexp" 790
"D:/GitHub/GitHub/game-unreal-sdk/AnkrUnrealSDK/Content/Characters/Mannequins/Animations/ABP_Manny.uasset" 791
"D:/GitHub/GitHub/game-unreal-sdk/AnkrUnrealSDK/Content/Characters/Mannequins/Animations/ABP_Manny.uexp" 792
"D:/GitHub/GitHub/game-unreal-sdk/AnkrUnrealSDK/Content/Characters/Mannequins/Animations/ABP_Quinn.uasset" 793
"D:/GitHub/GitHub/game-unreal-sdk/AnkrUnrealSDK/Content/Characters/Mannequins/Animations/ABP_Quinn.uexp" 794
"D:/GitHub/GitHub/game-unreal-sdk/AnkrUnrealSDK/Content/Ad/FullscreenAdTexture.uasset" 795
"D:/GitHub/GitHub/game-unreal-sdk/AnkrUnrealSDK/Content/Ad/FullscreenAdTexture.uexp" 796
"D:/GitHub/GitHub/game-unreal-sdk/AnkrUnrealSDK/Content/Ad/FullscreenAd3DMaterial.uasset" 797
"D:/GitHub/GitHub/game-unreal-sdk/AnkrUnrealSDK/Content/Ad/FullscreenAd3DMaterial.uexp" 798
"D:/GitHub/GitHub/game-unreal-sdk/AnkrUnrealSDK/Content/Ad/FullscreenAd3D.uasset" 799
"D:/GitHub/GitHub/game-unreal-sdk/AnkrUnrealSDK/Content/Ad/FullscreenAd3D.uexp" 800
"../../../Engine/Content/EditorBlueprintResources/StandardMacros.uasset" 801
"../../../Engine/Content/EditorBlueprintResources/StandardMacros.uexp" 802
"D:/GitHub/GitHub/game-unreal-sdk/AnkrUnrealSDK/Content/ThirdPerson/Blueprints/BP_ThirdPersonCharacter.uasset" 803
"D:/GitHub/GitHub/game-unreal-sdk/AnkrUnrealSDK/Content/ThirdPerson/Blueprints/BP_ThirdPersonCharacter.uexp" 804
"../../../Engine/Content/Maps/Entry_BuiltData.uasset" 805
"../../../Engine/Content/Maps/Entry_BuiltData.uexp" 806
"../../../Engine/Content/Maps/Entry.uexp" 807
"../../../Engine/Content/Maps/Entry.umap" 808
"D:/GitHub/GitHub/game-unreal-sdk/AnkrUnrealSDK/Content/Levels/Level_Game_HLOD0_Instancing.uasset" 809
"D:/GitHub/GitHub/game-unreal-sdk/AnkrUnrealSDK/Content/Levels/Level_Game_HLOD0_Instancing.uexp" 810
"D:/GitHub/GitHub/game-unreal-sdk/AnkrUnrealSDK/Content/Levels/Level_Game.uexp" 811
"D:/GitHub/GitHub/game-unreal-sdk/AnkrUnrealSDK/Content/Levels/Level_Game.ubulk" 812
"D:/GitHub/GitHub/game-unreal-sdk/AnkrUnrealSDK/Content/Levels/Level_Game.umap" 813
"D:/GitHub/GitHub/game-unreal-sdk/AnkrUnrealSDK/Content/Models/Boy/Hat/Hat/HatMaterialBlue.uasset" 814
"D:/GitHub/GitHub/game-unreal-sdk/AnkrUnrealSDK/Content/Models/Boy/Hat/Hat/HatMaterialBlue.uexp" 815
"D:/GitHub/GitHub/game-unreal-sdk/AnkrUnrealSDK/Content/Models/Boy/Hat/Hat/Hat.ubulk" 816
"D:/GitHub/GitHub/game-unreal-sdk/AnkrUnrealSDK/Content/Models/Boy/Hat/Hat/Hat.uasset" 817
"D:/GitHub/GitHub/game-unreal-sdk/AnkrUnrealSDK/Content/Models/Boy/Hat/Hat/Hat.uexp" 818
"D:/GitHub/GitHub/game-unreal-sdk/AnkrUnrealSDK/Content/Models/Boy/BlueHat.uasset" 819
"D:/GitHub/GitHub/game-unreal-sdk/AnkrUnrealSDK/Content/Models/Boy/BlueHat.uexp" 820
"D:/GitHub/GitHub/game-unreal-sdk/AnkrUnrealSDK/Content/Widgets/Widget_Advertisement.uasset" 821
"D:/GitHub/GitHub/game-unreal-sdk/AnkrUnrealSDK/Content/Widgets/Widget_Advertisement.uexp" 822
"D:/GitHub/GitHub/game-unreal-sdk/AnkrUnrealSDK/Content/Textures/UI/oie_png.uasset" 823
"D:/GitHub/GitHub/game-unreal-sdk/AnkrUnrealSDK/Content/Textures/UI/oie_png.uexp" 824
"D:/GitHub/GitHub/game-unreal-sdk/AnkrUnrealSDK/Content/Models/Boy/Hat/Hat/HatMaterialRed.uasset" 825
"D:/GitHub/GitHub/game-unreal-sdk/AnkrUnrealSDK/Content/Models/Boy/Hat/Hat/HatMaterialRed.uexp" 826
"D:/GitHub/GitHub/game-unreal-sdk/AnkrUnrealSDK/Content/Models/Boy/Character/Character/Airton.ubulk" 827
"D:/GitHub/GitHub/game-unreal-sdk/AnkrUnrealSDK/Content/Models/Boy/Character/Character/Airton.uasset" 828
"D:/GitHub/GitHub/game-unreal-sdk/AnkrUnrealSDK/Content/Models/Boy/Character/Character/Airton.uexp" 829
"D:/GitHub/GitHub/game-unreal-sdk/AnkrUnrealSDK/Content/Models/Boy/Character/Character/lambert7.uasset" 830
"D:/GitHub/GitHub/game-unreal-sdk/AnkrUnrealSDK/Content/Models/Boy/Character/Character/lambert7.uexp" 831
"D:/GitHub/GitHub/game-unreal-sdk/AnkrUnrealSDK/Content/Models/Boy/Character/Character/Cinto.ubulk" 832
"D:/GitHub/GitHub/game-unreal-sdk/AnkrUnrealSDK/Content/Models/Boy/Character/Character/Cinto.uasset" 833
"D:/GitHub/GitHub/game-unreal-sdk/AnkrUnrealSDK/Content/Models/Boy/Character/Character/Cinto.uexp" 834
"D:/GitHub/GitHub/game-unreal-sdk/AnkrUnrealSDK/Content/Models/Boy/Character.uasset" 835
"D:/GitHub/GitHub/game-unreal-sdk/AnkrUnrealSDK/Content/Models/Boy/Character.uexp" 836
"D:/GitHub/GitHub/game-unreal-sdk/AnkrUnrealSDK/Content/Textures/Icons/UI/Ankr_GradientLogo.uasset" 837
"D:/GitHub/GitHub/game-unreal-sdk/AnkrUnrealSDK/Content/Textures/Icons/UI/Ankr_GradientLogo.uexp" 838
"D:/GitHub/GitHub/game-unreal-sdk/AnkrUnrealSDK/Content/Textures/Textures/Demo/Icons/Context_Menu.uasset" 839
"D:/GitHub/GitHub/game-unreal-sdk/AnkrUnrealSDK/Content/Textures/Textures/Demo/Icons/Context_Menu.uexp" 840
"D:/GitHub/GitHub/game-unreal-sdk/AnkrUnrealSDK/Content/Widgets/BlueHatRenderTarget.uasset" 841
"D:/GitHub/GitHub/game-unreal-sdk/AnkrUnrealSDK/Content/Widgets/BlueHatRenderTarget.uexp" 842
"D:/GitHub/GitHub/game-unreal-sdk/AnkrUnrealSDK/Content/Widgets/BlueHatRTMaterial.uasset" 843
"D:/GitHub/GitHub/game-unreal-sdk/AnkrUnrealSDK/Content/Widgets/BlueHatRTMaterial.uexp" 844
"D:/GitHub/GitHub/game-unreal-sdk/AnkrUnrealSDK/Content/Widgets/RedHatRenderTarget.uasset" 845
"D:/GitHub/GitHub/game-unreal-sdk/AnkrUnrealSDK/Content/Widgets/RedHatRenderTarget.uexp" 846
"D:/GitHub/GitHub/game-unreal-sdk/AnkrUnrealSDK/Content/Widgets/RedHatRTMaterial.uasset" 847
"D:/GitHub/GitHub/game-unreal-sdk/AnkrUnrealSDK/Content/Widgets/RedHatRTMaterial.uexp" 848
"D:/GitHub/GitHub/game-unreal-sdk/AnkrUnrealSDK/Content/Widgets/CharacterRenderTarget.uasset" 849
"D:/GitHub/GitHub/game-unreal-sdk/AnkrUnrealSDK/Content/Widgets/CharacterRenderTarget.uexp" 850
"D:/GitHub/GitHub/game-unreal-sdk/AnkrUnrealSDK/Content/Widgets/CharacterRTMaterial.uasset" 851
"D:/GitHub/GitHub/game-unreal-sdk/AnkrUnrealSDK/Content/Widgets/CharacterRTMaterial.uexp" 852
"D:/GitHub/GitHub/game-unreal-sdk/AnkrUnrealSDK/Content/Widgets/Widget_Menu.uasset" 853
"D:/GitHub/GitHub/game-unreal-sdk/AnkrUnrealSDK/Content/Widgets/Widget_Menu.uexp" 854
"D:/GitHub/GitHub/game-unreal-sdk/AnkrUnrealSDK/Content/Blueprints/PlayerController_Widget_Menu.uasset" 855
"D:/GitHub/GitHub/game-unreal-sdk/AnkrUnrealSDK/Content/Blueprints/PlayerController_Widget_Menu.uexp" 856
"D:/GitHub/GitHub/game-unreal-sdk/AnkrUnrealSDK/Content/Blueprints/Blueprint_MenuGameMode.uasset" 857
"D:/GitHub/GitHub/game-unreal-sdk/AnkrUnrealSDK/Content/Blueprints/Blueprint_MenuGameMode.uexp" 858
"D:/GitHub/GitHub/game-unreal-sdk/AnkrUnrealSDK/Content/Levels/Level_Menu_BuiltData.uasset" 859
"D:/GitHub/GitHub/game-unreal-sdk/AnkrUnrealSDK/Content/Levels/Level_Menu_BuiltData.uexp" 860
"D:/GitHub/GitHub/game-unreal-sdk/AnkrUnrealSDK/Content/Models/Boy/RedHat.uasset" 861
"D:/GitHub/GitHub/game-unreal-sdk/AnkrUnrealSDK/Content/Models/Boy/RedHat.uexp" 862
"D:/GitHub/GitHub/game-unreal-sdk/AnkrUnrealSDK/Content/Levels/Level_Menu.uexp" 863
"D:/GitHub/GitHub/game-unreal-sdk/AnkrUnrealSDK/Content/Levels/Level_Menu.umap" 864
"D:/GitHub/GitHub/game-unreal-sdk/AnkrUnrealSDK/Content/Levels/Level_Game/_Generated_/Level_Game_MainGrid_L0_X-1_Y0_DL0.uexp" 865
"D:/GitHub/GitHub/game-unreal-sdk/AnkrUnrealSDK/Content/Levels/Level_Game/_Generated_/Level_Game_MainGrid_L0_X-1_Y0_DL0.umap" 866
"D:/GitHub/GitHub/game-unreal-sdk/AnkrUnrealSDK/Content/Levels/Level_Game/_Generated_/Level_Game_MainGrid_L0_X-1_Y-1_DL0.uexp" 867
"D:/GitHub/GitHub/game-unreal-sdk/AnkrUnrealSDK/Content/Levels/Level_Game/_Generated_/Level_Game_MainGrid_L0_X-1_Y-1_DL0.umap" 868
"D:/GitHub/GitHub/game-unreal-sdk/AnkrUnrealSDK/Content/Levels/Level_Game/_Generated_/Level_Game_MainGrid_L0_X0_Y-1_DL0.uexp" 869
"D:/GitHub/GitHub/game-unreal-sdk/AnkrUnrealSDK/Content/Levels/Level_Game/_Generated_/Level_Game_MainGrid_L0_X0_Y-1_DL0.umap" 870
"D:/GitHub/GitHub/game-unreal-sdk/AnkrUnrealSDK/Content/Levels/Level_Game/_Generated_/Level_Game_MainGrid_L1_X-2_Y-1_DL0.uexp" 871
"D:/GitHub/GitHub/game-unreal-sdk/AnkrUnrealSDK/Content/Levels/Level_Game/_Generated_/Level_Game_MainGrid_L1_X-2_Y-1_DL0.ubulk" 872
"D:/GitHub/GitHub/game-unreal-sdk/AnkrUnrealSDK/Content/Levels/Level_Game/_Generated_/Level_Game_MainGrid_L1_X-2_Y-1_DL0.umap" 873
"D:/GitHub/GitHub/game-unreal-sdk/AnkrUnrealSDK/Content/Levels/Level_Game/_Generated_/Level_Game_MainGrid_L1_X-1_Y0_DL0.uexp" 874
"D:/GitHub/GitHub/game-unreal-sdk/AnkrUnrealSDK/Content/Levels/Level_Game/_Generated_/Level_Game_MainGrid_L1_X-1_Y0_DL0.ubulk" 875
"D:/GitHub/GitHub/game-unreal-sdk/AnkrUnrealSDK/Content/Levels/Level_Game/_Generated_/Level_Game_MainGrid_L1_X-1_Y0_DL0.umap" 876
"D:/GitHub/GitHub/game-unreal-sdk/AnkrUnrealSDK/Content/Levels/Level_Game/_Generated_/Level_Game_MainGrid_L0_X0_Y0_DL0.uexp" 877
"D:/GitHub/GitHub/game-unreal-sdk/AnkrUnrealSDK/Content/Levels/Level_Game/_Generated_/Level_Game_MainGrid_L0_X0_Y0_DL0.ubulk" 878
"D:/GitHub/GitHub/game-unreal-sdk/AnkrUnrealSDK/Content/Levels/Level_Game/_Generated_/Level_Game_MainGrid_L0_X0_Y0_DL0.umap" 879
"D:/GitHub/GitHub/game-unreal-sdk/AnkrUnrealSDK/Content/Levels/Level_Game/_Generated_/Level_Game_MainGrid_L1_X0_Y0_DL0.uexp" 880
"D:/GitHub/GitHub/game-unreal-sdk/AnkrUnrealSDK/Content/Levels/Level_Game/_Generated_/Level_Game_MainGrid_L1_X0_Y0_DL0.ubulk" 881
"D:/GitHub/GitHub/game-unreal-sdk/AnkrUnrealSDK/Content/Levels/Level_Game/_Generated_/Level_Game_MainGrid_L1_X0_Y0_DL0.umap" 882
"D:/GitHub/GitHub/game-unreal-sdk/AnkrUnrealSDK/Content/Levels/Level_Game/_Generated_/Level_Game_MainGrid_L2_X0_Y0_DL0.uexp" 883
"D:/GitHub/GitHub/game-unreal-sdk/AnkrUnrealSDK/Content/Levels/Level_Game/_Generated_/Level_Game_MainGrid_L2_X0_Y0_DL0.ubulk" 884
"D:/GitHub/GitHub/game-unreal-sdk/AnkrUnrealSDK/Content/Levels/Level_Game/_Generated_/Level_Game_MainGrid_L2_X0_Y0_DL0.umap" 885
"D:/GitHub/GitHub/game-unreal-sdk/AnkrUnrealSDK/Content/Levels/Level_Game/_Generated_/Level_Game_MainGrid_L2_X0_Y-1_DL0.uexp" 886
"D:/GitHub/GitHub/game-unreal-sdk/AnkrUnrealSDK/Content/Levels/Level_Game/_Generated_/Level_Game_MainGrid_L2_X0_Y-1_DL0.ubulk" 887
"D:/GitHub/GitHub/game-unreal-sdk/AnkrUnrealSDK/Content/Levels/Level_Game/_Generated_/Level_Game_MainGrid_L2_X0_Y-1_DL0.umap" 888
"D:/GitHub/GitHub/game-unreal-sdk/AnkrUnrealSDK/Content/Levels/Level_Game/_Generated_/Level_Game_MainGrid_L2_X-1_Y0_DL0.uexp" 889
"D:/GitHub/GitHub/game-unreal-sdk/AnkrUnrealSDK/Content/Levels/Level_Game/_Generated_/Level_Game_MainGrid_L2_X-1_Y0_DL0.ubulk" 890
"D:/GitHub/GitHub/game-unreal-sdk/AnkrUnrealSDK/Content/Levels/Level_Game/_Generated_/Level_Game_MainGrid_L2_X-1_Y0_DL0.umap" 891
"D:/GitHub/GitHub/game-unreal-sdk/AnkrUnrealSDK/Content/Levels/Level_Game/_Generated_/Level_Game_MainGrid_L2_X-1_Y-1_DL0.uexp" 892
"D:/GitHub/GitHub/game-unreal-sdk/AnkrUnrealSDK/Content/Levels/Level_Game/_Generated_/Level_Game_MainGrid_L2_X-1_Y-1_DL0.ubulk" 893
"D:/GitHub/GitHub/game-unreal-sdk/AnkrUnrealSDK/Content/Levels/Level_Game/_Generated_/Level_Game_MainGrid_L2_X-1_Y-1_DL0.umap" 894
"D:/GitHub/GitHub/game-unreal-sdk/AnkrUnrealSDK/Content/Levels/Level_Game/_Generated_/Level_Game_MainGrid_L1_X1_Y-1_DL0.uexp" 895
"D:/GitHub/GitHub/game-unreal-sdk/AnkrUnrealSDK/Content/Levels/Level_Game/_Generated_/Level_Game_MainGrid_L1_X1_Y-1_DL0.ubulk" 896
"D:/GitHub/GitHub/game-unreal-sdk/AnkrUnrealSDK/Content/Levels/Level_Game/_Generated_/Level_Game_MainGrid_L1_X1_Y-1_DL0.umap" 897
"D:/GitHub/GitHub/game-unreal-sdk/AnkrUnrealSDK/Content/Levels/Level_Game/_Generated_/Level_Game_MainGrid_L1_X1_Y0_DL0.uexp" 898
"D:/GitHub/GitHub/game-unreal-sdk/AnkrUnrealSDK/Content/Levels/Level_Game/_Generated_/Level_Game_MainGrid_L1_X1_Y0_DL0.ubulk" 899
"D:/GitHub/GitHub/game-unreal-sdk/AnkrUnrealSDK/Content/Levels/Level_Game/_Generated_/Level_Game_MainGrid_L1_X1_Y0_DL0.umap" 900
"D:/GitHub/GitHub/game-unreal-sdk/AnkrUnrealSDK/Content/Levels/Level_Game/_Generated_/Level_Game_MainGrid_L1_X-1_Y-2_DL0.uexp" 901
"D:/GitHub/GitHub/game-unreal-sdk/AnkrUnrealSDK/Content/Levels/Level_Game/_Generated_/Level_Game_MainGrid_L1_X-1_Y-2_DL0.ubulk" 902
"D:/GitHub/GitHub/game-unreal-sdk/AnkrUnrealSDK/Content/Levels/Level_Game/_Generated_/Level_Game_MainGrid_L1_X-1_Y-2_DL0.umap" 903
"D:/GitHub/GitHub/game-unreal-sdk/AnkrUnrealSDK/Content/Levels/Level_Game/_Generated_/Level_Game_MainGrid_L1_X-1_Y-1_DL0.uexp" 904
"D:/GitHub/GitHub/game-unreal-sdk/AnkrUnrealSDK/Content/Levels/Level_Game/_Generated_/Level_Game_MainGrid_L1_X-1_Y-1_DL0.ubulk" 905
"D:/GitHub/GitHub/game-unreal-sdk/AnkrUnrealSDK/Content/Levels/Level_Game/_Generated_/Level_Game_MainGrid_L1_X-1_Y-1_DL0.umap" 906
"D:/GitHub/GitHub/game-unreal-sdk/AnkrUnrealSDK/Content/Levels/Level_Game/_Generated_/Level_Game_MainGrid_L1_X-2_Y-2_DL0.uexp" 907
"D:/GitHub/GitHub/game-unreal-sdk/AnkrUnrealSDK/Content/Levels/Level_Game/_Generated_/Level_Game_MainGrid_L1_X-2_Y-2_DL0.ubulk" 908
"D:/GitHub/GitHub/game-unreal-sdk/AnkrUnrealSDK/Content/Levels/Level_Game/_Generated_/Level_Game_MainGrid_L1_X-2_Y-2_DL0.umap" 909
"D:/GitHub/GitHub/game-unreal-sdk/AnkrUnrealSDK/Content/Levels/Level_Game/_Generated_/Level_Game_MainGrid_L1_X-2_Y1_DL0.uexp" 910
"D:/GitHub/GitHub/game-unreal-sdk/AnkrUnrealSDK/Content/Levels/Level_Game/_Generated_/Level_Game_MainGrid_L1_X-2_Y1_DL0.ubulk" 911
"D:/GitHub/GitHub/game-unreal-sdk/AnkrUnrealSDK/Content/Levels/Level_Game/_Generated_/Level_Game_MainGrid_L1_X-2_Y1_DL0.umap" 912
"D:/GitHub/GitHub/game-unreal-sdk/AnkrUnrealSDK/Content/Levels/Level_Game/_Generated_/Level_Game_MainGrid_L1_X0_Y-2_DL0.uexp" 913
"D:/GitHub/GitHub/game-unreal-sdk/AnkrUnrealSDK/Content/Levels/Level_Game/_Generated_/Level_Game_MainGrid_L1_X0_Y-2_DL0.ubulk" 914
"D:/GitHub/GitHub/game-unreal-sdk/AnkrUnrealSDK/Content/Levels/Level_Game/_Generated_/Level_Game_MainGrid_L1_X0_Y-2_DL0.umap" 915
"D:/GitHub/GitHub/game-unreal-sdk/AnkrUnrealSDK/Content/Levels/Level_Game/_Generated_/Level_Game_MainGrid_L1_X0_Y1_DL0.uexp" 916
"D:/GitHub/GitHub/game-unreal-sdk/AnkrUnrealSDK/Content/Levels/Level_Game/_Generated_/Level_Game_MainGrid_L1_X0_Y1_DL0.ubulk" 917
"D:/GitHub/GitHub/game-unreal-sdk/AnkrUnrealSDK/Content/Levels/Level_Game/_Generated_/Level_Game_MainGrid_L1_X0_Y1_DL0.umap" 918
"D:/GitHub/GitHub/game-unreal-sdk/AnkrUnrealSDK/Content/Levels/Level_Game/_Generated_/Level_Game_MainGrid_L1_X1_Y1_DL0.uexp" 919
"D:/GitHub/GitHub/game-unreal-sdk/AnkrUnrealSDK/Content/Levels/Level_Game/_Generated_/Level_Game_MainGrid_L1_X1_Y1_DL0.ubulk" 920
"D:/GitHub/GitHub/game-unreal-sdk/AnkrUnrealSDK/Content/Levels/Level_Game/_Generated_/Level_Game_MainGrid_L1_X1_Y1_DL0.umap" 921
"D:/GitHub/GitHub/game-unreal-sdk/AnkrUnrealSDK/Content/Levels/Level_Game/_Generated_/Level_Game_MainGrid_L1_X-1_Y1_DL0.uexp" 922
"D:/GitHub/GitHub/game-unreal-sdk/AnkrUnrealSDK/Content/Levels/Level_Game/_Generated_/Level_Game_MainGrid_L1_X-1_Y1_DL0.ubulk" 923
"D:/GitHub/GitHub/game-unreal-sdk/AnkrUnrealSDK/Content/Levels/Level_Game/_Generated_/Level_Game_MainGrid_L1_X-1_Y1_DL0.umap" 924
"D:/GitHub/GitHub/game-unreal-sdk/AnkrUnrealSDK/Content/Levels/Level_Game/_Generated_/Level_Game_MainGrid_L1_X0_Y-1_DL0.uexp" 925
"D:/GitHub/GitHub/game-unreal-sdk/AnkrUnrealSDK/Content/Levels/Level_Game/_Generated_/Level_Game_MainGrid_L1_X0_Y-1_DL0.ubulk" 926
"D:/GitHub/GitHub/game-unreal-sdk/AnkrUnrealSDK/Content/Levels/Level_Game/_Generated_/Level_Game_MainGrid_L1_X0_Y-1_DL0.umap" 927
"D:/GitHub/GitHub/game-unreal-sdk/AnkrUnrealSDK/Content/Levels/Level_Game/_Generated_/Level_Game_MainGrid_L1_X-2_Y0_DL0.uexp" 928
"D:/GitHub/GitHub/game-unreal-sdk/AnkrUnrealSDK/Content/Levels/Level_Game/_Generated_/Level_Game_MainGrid_L1_X-2_Y0_DL0.ubulk" 929
"D:/GitHub/GitHub/game-unreal-sdk/AnkrUnrealSDK/Content/Levels/Level_Game/_Generated_/Level_Game_MainGrid_L1_X-2_Y0_DL0.umap" 930
"D:/GitHub/GitHub/game-unreal-sdk/AnkrUnrealSDK/Content/Levels/Level_Game/_Generated_/Level_Game_MainGrid_L1_X1_Y-2_DL0.uexp" 931
"D:/GitHub/GitHub/game-unreal-sdk/AnkrUnrealSDK/Content/Levels/Level_Game/_Generated_/Level_Game_MainGrid_L1_X1_Y-2_DL0.ubulk" 932
"D:/GitHub/GitHub/game-unreal-sdk/AnkrUnrealSDK/Content/Levels/Level_Game/_Generated_/Level_Game_MainGrid_L1_X1_Y-2_DL0.umap" 933
