"../../../Engine/Content/Functions/Engine_MaterialFunctions01/Shading/PowerToRoughness.uasset" 0
"../../../Engine/Content/Functions/Engine_MaterialFunctions01/Shading/PowerToRoughness.uexp" 1
"../../../Engine/Content/Functions/Engine_MaterialFunctions01/Shading/ConvertFromDiffSpec.uasset" 2
"../../../Engine/Content/Functions/Engine_MaterialFunctions01/Shading/ConvertFromDiffSpec.uexp" 3
"../../../Engine/Content/EngineSounds/Master.uasset" 4
"../../../Engine/Content/EngineSounds/Master.uexp" 5
"../../../Engine/Content/EngineSky/VolumetricClouds/CloudWeatherTexture.uasset" 6
"../../../Engine/Content/EngineSky/VolumetricClouds/CloudWeatherTexture.uexp" 7
"../../../Engine/Content/Functions/Engine_MaterialFunctions02/Utility/MakeFloat2.uasset" 8
"../../../Engine/Content/Functions/Engine_MaterialFunctions02/Utility/MakeFloat2.uexp" 9
"../../../Engine/Content/EngineSky/VolumetricClouds/CloudGradientTexture.uasset" 10
"../../../Engine/Content/EngineSky/VolumetricClouds/CloudGradientTexture.uexp" 11
"../../../Engine/Content/EngineSky/VolumetricClouds/T_NoiseShape64.ubulk" 12
"../../../Engine/Content/EngineSky/VolumetricClouds/T_NoiseShape64.uasset" 13
"../../../Engine/Content/EngineSky/VolumetricClouds/T_NoiseShape64.uexp" 14
"../../../Engine/Content/EngineSky/VolumetricClouds/T_VolumeNoiseShape64.uasset" 15
"../../../Engine/Content/EngineSky/VolumetricClouds/T_VolumeNoiseShape64.uexp" 16
"../../../Engine/Content/EngineSky/VolumetricClouds/T_NoiseErosion.ubulk" 17
"../../../Engine/Content/EngineSky/VolumetricClouds/T_NoiseErosion.uasset" 18
"../../../Engine/Content/EngineSky/VolumetricClouds/T_NoiseErosion.uexp" 19
"../../../Engine/Content/EngineSky/VolumetricClouds/T_VolumeNoiseErosion32.uasset" 20
"../../../Engine/Content/EngineSky/VolumetricClouds/T_VolumeNoiseErosion32.uexp" 21
"../../../Engine/Content/EngineSky/VolumetricClouds/m_SimpleVolumetricCloud.uasset" 22
"../../../Engine/Content/EngineSky/VolumetricClouds/m_SimpleVolumetricCloud.uexp" 23
"../../../Engine/Content/EngineSky/VolumetricClouds/m_SimpleVolumetricCloud_Inst.uasset" 24
"../../../Engine/Content/EngineSky/VolumetricClouds/m_SimpleVolumetricCloud_Inst.uexp" 25
"../../../Engine/Content/EngineResources/GradientTexture0.uasset" 26
"../../../Engine/Content/EngineResources/GradientTexture0.uexp" 27
"../../../Engine/Content/EngineResources/DefaultVolumeTexture2D.uasset" 28
"../../../Engine/Content/EngineResources/DefaultVolumeTexture2D.uexp" 29
"../../../Engine/Content/EngineResources/DefaultVolumeTexture.uasset" 30
"../../../Engine/Content/EngineResources/DefaultVolumeTexture.uexp" 31
"../../../Engine/Content/EngineResources/DefaultTextureCube.uasset" 32
"../../../Engine/Content/EngineResources/DefaultTextureCube.uexp" 33
"../../../Engine/Content/EngineResources/DefaultTexture.ubulk" 34
"../../../Engine/Content/EngineResources/DefaultTexture.uasset" 35
"../../../Engine/Content/EngineResources/DefaultTexture.uexp" 36
"../../../Engine/Content/EngineResources/Black.uasset" 37
"../../../Engine/Content/EngineResources/Black.uexp" 38
"../../../Engine/Content/EngineResources/FilmGrains/Marcie_Grain_v3_128_M2_000.uasset" 39
"../../../Engine/Content/EngineResources/FilmGrains/Marcie_Grain_v3_128_M2_000.uexp" 40
"../../../Engine/Content/EngineMeshes/Sphere.uasset" 41
"../../../Engine/Content/EngineMeshes/Sphere.uexp" 42
"../../../Engine/Content/EngineResources/WhiteSquareTexture.uasset" 43
"../../../Engine/Content/EngineResources/WhiteSquareTexture.uexp" 44
"../../../Engine/Content/EngineMaterials/Widget3DPassThrough.uasset" 45
"../../../Engine/Content/EngineMaterials/Widget3DPassThrough.uexp" 46
"../../../Engine/Content/EngineMaterials/Widget3DPassThrough_Translucent.uasset" 47
"../../../Engine/Content/EngineMaterials/Widget3DPassThrough_Translucent.uexp" 48
"../../../Engine/Content/EngineMaterials/Widget3DPassThrough_Translucent_OneSided.uasset" 49
"../../../Engine/Content/EngineMaterials/Widget3DPassThrough_Translucent_OneSided.uexp" 50
"../../../Engine/Content/EngineMaterials/Widget3DPassThrough_Opaque.uasset" 51
"../../../Engine/Content/EngineMaterials/Widget3DPassThrough_Opaque.uexp" 52
"../../../Engine/Content/EngineMaterials/Widget3DPassThrough_Opaque_OneSided.uasset" 53
"../../../Engine/Content/EngineMaterials/Widget3DPassThrough_Opaque_OneSided.uexp" 54
"../../../Engine/Content/EngineMaterials/Widget3DPassThrough_Masked_OneSided.uasset" 55
"../../../Engine/Content/EngineMaterials/Widget3DPassThrough_Masked_OneSided.uexp" 56
"../../../Engine/Content/EngineMaterials/Widget3DPassThrough_Masked.uasset" 57
"../../../Engine/Content/EngineMaterials/Widget3DPassThrough_Masked.uexp" 58
"../../../Engine/Content/EngineMaterials/WeightMapPlaceholderTexture.uasset" 59
"../../../Engine/Content/EngineMaterials/WeightMapPlaceholderTexture.uexp" 60
"../../../Engine/Content/EngineMaterials/RemoveSurfaceMaterial.uasset" 61
"../../../Engine/Content/EngineMaterials/RemoveSurfaceMaterial.uexp" 62
"../../../Engine/Content/EngineMaterials/PreintegratedSkinBRDF.uasset" 63
"../../../Engine/Content/EngineMaterials/PreintegratedSkinBRDF.uexp" 64
"../../../Engine/Content/EngineMaterials/DefaultCalibrationGrayscale.uasset" 65
"../../../Engine/Content/EngineMaterials/DefaultCalibrationGrayscale.uexp" 66
"../../../Engine/Content/EngineMaterials/PPM_DefaultCalibrationGrayscale.uasset" 67
"../../../Engine/Content/EngineMaterials/PPM_DefaultCalibrationGrayscale.uexp" 68
"../../../Engine/Content/EngineMaterials/DefaultCalibrationColor.uasset" 69
"../../../Engine/Content/EngineMaterials/DefaultCalibrationColor.uexp" 70
"../../../Engine/Content/EngineMaterials/PPM_DefaultCalibrationColor.uasset" 71
"../../../Engine/Content/EngineMaterials/PPM_DefaultCalibrationColor.uexp" 72
"../../../Engine/Content/Functions/Engine_MaterialFunctions02/WorldPositionOffset/CameraOffset.uasset" 73
"../../../Engine/Content/Functions/Engine_MaterialFunctions02/WorldPositionOffset/CameraOffset.uexp" 74
"../../../Engine/Content/EngineMaterials/PhAT_JointLimitMaterial.uasset" 75
"../../../Engine/Content/EngineMaterials/PhAT_JointLimitMaterial.uexp" 76
"../../../Engine/Content/EngineMaterials/InvalidLightmapSettings.ubulk" 77
"../../../Engine/Content/EngineMaterials/InvalidLightmapSettings.uasset" 78
"../../../Engine/Content/EngineMaterials/InvalidLightmapSettings.uexp" 79
"../../../Engine/Content/EngineMaterials/M_InvalidLightmapSettings.uasset" 80
"../../../Engine/Content/EngineMaterials/M_InvalidLightmapSettings.uexp" 81
"../../../Engine/Content/EngineMaterials/MiniFont.uasset" 82
"../../../Engine/Content/EngineMaterials/MiniFont.uexp" 83
"../../../Engine/Content/EngineMaterials/Good64x64TilingNoiseHighFreq.uasset" 84
"../../../Engine/Content/EngineMaterials/Good64x64TilingNoiseHighFreq.uexp" 85
"../../../Engine/Content/EngineMaterials/GizmoMaterial.uasset" 86
"../../../Engine/Content/EngineMaterials/GizmoMaterial.uexp" 87
"../../../Engine/Content/EngineMaterials/BaseFlattenEmissiveMap_VT.uasset" 88
"../../../Engine/Content/EngineMaterials/BaseFlattenEmissiveMap_VT.uexp" 89
"../../../Engine/Content/EngineMaterials/BaseFlattenGrayscaleMap_VT.uasset" 90
"../../../Engine/Content/EngineMaterials/BaseFlattenGrayscaleMap_VT.uexp" 91
"../../../Engine/Content/EngineMaterials/BaseFlattenLinearColor_VT.uasset" 92
"../../../Engine/Content/EngineMaterials/BaseFlattenLinearColor_VT.uexp" 93
"../../../Engine/Content/EngineMaterials/Black_1x1_EXR_Texture_VT.uasset" 94
"../../../Engine/Content/EngineMaterials/Black_1x1_EXR_Texture_VT.uexp" 95
"../../../Engine/Content/EngineMaterials/BaseFlattenDiffuseMap_VT.uasset" 96
"../../../Engine/Content/EngineMaterials/BaseFlattenDiffuseMap_VT.uexp" 97
"../../../Engine/Content/EngineMaterials/BaseFlattenNormalMap_VT.uasset" 98
"../../../Engine/Content/EngineMaterials/BaseFlattenNormalMap_VT.uexp" 99
"../../../Engine/Content/EngineMaterials/FlattenMaterial_WS_Normal_VT.uasset" 100
"../../../Engine/Content/EngineMaterials/FlattenMaterial_WS_Normal_VT.uexp" 101
"../../../Engine/Content/EngineMaterials/FlattenMaterial_VT.uasset" 102
"../../../Engine/Content/EngineMaterials/FlattenMaterial_VT.uexp" 103
"../../../Engine/Content/EngineMaterials/DefaultWhiteGrid_Low.uasset" 104
"../../../Engine/Content/EngineMaterials/DefaultWhiteGrid_Low.uexp" 105
"../../../Engine/Content/EngineMaterials/EmissiveMeshMaterial.uasset" 106
"../../../Engine/Content/EngineMaterials/EmissiveMeshMaterial.uexp" 107
"../../../Engine/Content/EngineMaterials/DefaultWhiteGrid.ubulk" 108
"../../../Engine/Content/EngineMaterials/DefaultWhiteGrid.uasset" 109
"../../../Engine/Content/EngineMaterials/DefaultWhiteGrid.uexp" 110
"../../../Engine/Content/EngineFonts/RobotoDistanceField.uasset" 111
"../../../Engine/Content/EngineFonts/RobotoDistanceField.uexp" 112
"../../../Engine/Content/EngineMaterials/DefaultTextMaterialOpaque.uasset" 113
"../../../Engine/Content/EngineMaterials/DefaultTextMaterialOpaque.uexp" 114
"../../../Engine/Content/EngineMaterials/DefaultDiffuse.ubulk" 115
"../../../Engine/Content/EngineMaterials/DefaultDiffuse.uasset" 116
"../../../Engine/Content/EngineMaterials/DefaultDiffuse.uexp" 117
"../../../Engine/Content/Functions/Engine_MaterialFunctions02/Utility/BreakOutFloat2Components.uasset" 118
"../../../Engine/Content/Functions/Engine_MaterialFunctions02/Utility/BreakOutFloat2Components.uexp" 119
"../../../Engine/Content/EngineMaterials/DefaultPostProcessMaterial.uasset" 120
"../../../Engine/Content/EngineMaterials/DefaultPostProcessMaterial.uexp" 121
"../../../Engine/Content/EngineMaterials/DefaultPhysicalMaterial.uasset" 122
"../../../Engine/Content/EngineMaterials/DefaultPhysicalMaterial.uexp" 123
"../../../Engine/Content/EngineMaterials/DefaultLightFunctionMaterial.uasset" 124
"../../../Engine/Content/EngineMaterials/DefaultLightFunctionMaterial.uexp" 125
"../../../Engine/Content/EngineMaterials/DefaultDestructiblePhysicalMaterial.uasset" 126
"../../../Engine/Content/EngineMaterials/DefaultDestructiblePhysicalMaterial.uexp" 127
"../../../Engine/Content/EngineMaterials/DefaultDeferredDecalMaterial.uasset" 128
"../../../Engine/Content/EngineMaterials/DefaultDeferredDecalMaterial.uexp" 129
"../../../Engine/Content/EngineMaterials/DefaultBokeh.uasset" 130
"../../../Engine/Content/EngineMaterials/DefaultBokeh.uexp" 131
"../../../Engine/Content/EngineMaterials/DefaultBloomKernel.uasset" 132
"../../../Engine/Content/EngineMaterials/DefaultBloomKernel.uexp" 133
"../../../Engine/Content/EngineMaterials/BlueNoise.uasset" 134
"../../../Engine/Content/EngineMaterials/BlueNoise.uexp" 135
"../../../Engine/Content/EngineFonts/Faces/RobotoLight.uexp" 136
"../../../Engine/Content/EngineFonts/Faces/RobotoLight.uasset" 137
"../../../Engine/Content/EngineFonts/Faces/RobotoLight.ufont" 138
"../../../Engine/Content/EngineFonts/Faces/RobotoBold.uexp" 139
"../../../Engine/Content/EngineFonts/Faces/RobotoBold.uasset" 140
"../../../Engine/Content/EngineFonts/Faces/RobotoBold.ufont" 141
"../../../Engine/Content/EngineFonts/Faces/RobotoRegular.uexp" 142
"../../../Engine/Content/EngineFonts/Faces/RobotoRegular.uasset" 143
"../../../Engine/Content/EngineFonts/Faces/RobotoRegular.ufont" 144
"../../../Engine/Content/EngineFonts/Faces/DroidSansFallback.uexp" 145
"../../../Engine/Content/EngineFonts/Faces/DroidSansFallback.uasset" 146
"../../../Engine/Content/EngineFonts/Faces/DroidSansFallback.ufont" 147
"../../../Engine/Content/EngineFonts/Faces/RobotoItalic.uexp" 148
"../../../Engine/Content/EngineFonts/Faces/RobotoItalic.uasset" 149
"../../../Engine/Content/EngineFonts/Faces/RobotoItalic.ufont" 150
"../../../Engine/Content/EngineFonts/Faces/RobotoBoldItalic.uexp" 151
"../../../Engine/Content/EngineFonts/Faces/RobotoBoldItalic.uasset" 152
"../../../Engine/Content/EngineFonts/Faces/RobotoBoldItalic.ufont" 153
"../../../Engine/Content/EngineFonts/Roboto.uasset" 154
"../../../Engine/Content/EngineFonts/Roboto.uexp" 155
"../../../Engine/Content/Functions/Engine_MaterialFunctions02/Utility/CameraDirectionVector.uasset" 156
"../../../Engine/Content/Functions/Engine_MaterialFunctions02/Utility/CameraDirectionVector.uexp" 157
"../../../Engine/Content/EngineDebugMaterials/VolumeToRender.uasset" 158
"../../../Engine/Content/EngineDebugMaterials/VolumeToRender.uexp" 159
"../../../Engine/Content/EngineDebugMaterials/M_VolumeRenderSphereTracePP.uasset" 160
"../../../Engine/Content/EngineDebugMaterials/M_VolumeRenderSphereTracePP.uexp" 161
"../../../Engine/Content/EngineDebugMaterials/M_SimpleUnlitTranslucent.uasset" 162
"../../../Engine/Content/EngineDebugMaterials/M_SimpleUnlitTranslucent.uexp" 163
"../../../Engine/Content/EngineDebugMaterials/DebugMeshMaterial.uasset" 164
"../../../Engine/Content/EngineDebugMaterials/DebugMeshMaterial.uexp" 165
"../../../Engine/Content/EngineDebugMaterials/DebugEditorMaterial.uasset" 166
"../../../Engine/Content/EngineDebugMaterials/DebugEditorMaterial.uexp" 167
"../../../Engine/Content/EngineDamageTypes/DmgTypeBP_Environmental.uasset" 168
"../../../Engine/Content/EngineDamageTypes/DmgTypeBP_Environmental.uexp" 169
"../../../Engine/Content/EditorResources/S_TriggerSphere.uasset" 170
"../../../Engine/Content/EditorResources/S_TriggerSphere.uexp" 171
"../../../Engine/Content/EditorResources/S_TriggerCapsule.uasset" 172
"../../../Engine/Content/EditorResources/S_TriggerCapsule.uexp" 173
"../../../Engine/Content/EditorResources/S_TriggerBox.uasset" 174
"../../../Engine/Content/EditorResources/S_TriggerBox.uexp" 175
"../../../Engine/Content/EditorResources/S_Trigger.ubulk" 176
"../../../Engine/Content/EditorResources/S_Trigger.uasset" 177
"../../../Engine/Content/EditorResources/S_Trigger.uexp" 178
"../../../Engine/Content/EditorResources/S_Terrain.ubulk" 179
"../../../Engine/Content/EditorResources/S_Terrain.uasset" 180
"../../../Engine/Content/EditorResources/S_Terrain.uexp" 181
"../../../Engine/Content/EditorResources/S_Solver.ubulk" 182
"../../../Engine/Content/EditorResources/S_Solver.uasset" 183
"../../../Engine/Content/EditorResources/S_Solver.uexp" 184
"../../../Engine/Content/EditorResources/S_BoxReflectionCapture.uasset" 185
"../../../Engine/Content/EditorResources/S_BoxReflectionCapture.uexp" 186
"../../../Engine/Content/EditorResources/S_Actor.ubulk" 187
"../../../Engine/Content/EditorResources/S_Actor.uasset" 188
"../../../Engine/Content/EditorResources/S_Actor.uexp" 189
"../../../Engine/Content/EditorResources/EmptyActor.uasset" 190
"../../../Engine/Content/EditorResources/EmptyActor.uexp" 191
"../../../Engine/Content/EditorResources/BSPVertex.uasset" 192
"../../../Engine/Content/EditorResources/BSPVertex.uexp" 193
"../../../Engine/Content/EditorResources/SequenceRecorder/RecordingIndicator.uasset" 194
"../../../Engine/Content/EditorResources/SequenceRecorder/RecordingIndicator.uexp" 195
"../../../Engine/Content/EditorResources/SequenceRecorder/Countdown.uasset" 196
"../../../Engine/Content/EditorResources/SequenceRecorder/Countdown.uexp" 197
"../../../Engine/Content/EditorMaterials/Camera/CineMat.uasset" 198
"../../../Engine/Content/EditorMaterials/Camera/CineMat.uexp" 199
"../../../Engine/Content/EditorMaterials/Camera/MI_CineMat_Rig.uasset" 200
"../../../Engine/Content/EditorMaterials/Camera/MI_CineMat_Rig.uexp" 201
"../../../Engine/Content/EditorMeshes/Camera/SM_RailRig_Track.uasset" 202
"../../../Engine/Content/EditorMeshes/Camera/SM_RailRig_Track.uexp" 203
"../../../Engine/Content/EditorMeshes/Camera/SM_RailRig_Mount.uasset" 204
"../../../Engine/Content/EditorMeshes/Camera/SM_RailRig_Mount.uexp" 205
"../../../Engine/Content/EditorMeshes/Camera/SM_CraneRig_Mount.uasset" 206
"../../../Engine/Content/EditorMeshes/Camera/SM_CraneRig_Mount.uexp" 207
"../../../Engine/Content/EditorMeshes/Camera/SM_CraneRig_Body.uasset" 208
"../../../Engine/Content/EditorMeshes/Camera/SM_CraneRig_Body.uexp" 209
"../../../Engine/Content/EditorMeshes/Camera/SM_CraneRig_Base.uasset" 210
"../../../Engine/Content/EditorMeshes/Camera/SM_CraneRig_Base.uexp" 211
"../../../Engine/Content/EditorMeshes/Camera/SM_CraneRig_Arm.uasset" 212
"../../../Engine/Content/EditorMeshes/Camera/SM_CraneRig_Arm.uexp" 213
"../../../Engine/Content/EditorMaterials/PreviewShadowIndicator.ubulk" 214
"../../../Engine/Content/EditorMaterials/PreviewShadowIndicator.uasset" 215
"../../../Engine/Content/EditorMaterials/PreviewShadowIndicator.uexp" 216
"../../../Engine/Content/EditorMaterials/PreviewShadowIndicatorMaterial.uasset" 217
"../../../Engine/Content/EditorMaterials/PreviewShadowIndicatorMaterial.uexp" 218
"../../../Engine/Content/EditorMaterials/MAT_Groups_Visibility.uasset" 219
"../../../Engine/Content/EditorMaterials/MAT_Groups_Visibility.uexp" 220
"../../../Engine/Content/EditorMaterials/MAT_Groups_Toggle.uasset" 221
"../../../Engine/Content/EditorMaterials/MAT_Groups_Toggle.uexp" 222
"../../../Engine/Content/Functions/Engine_MaterialFunctions02/Utility/MakeFloat4.uasset" 223
"../../../Engine/Content/Functions/Engine_MaterialFunctions02/Utility/MakeFloat4.uexp" 224
"../../../Engine/Content/Functions/Engine_MaterialFunctions02/Utility/MakeFloat3.uasset" 225
"../../../Engine/Content/Functions/Engine_MaterialFunctions02/Utility/MakeFloat3.uexp" 226
"../../../Engine/Content/Functions/Engine_MaterialFunctions02/Utility/BreakOutFloat3Components.uasset" 227
"../../../Engine/Content/Functions/Engine_MaterialFunctions02/Utility/BreakOutFloat3Components.uexp" 228
"../../../Engine/Content/EditorMaterials/WorldPartition/WorldPartitionSpatialHashGridPreviewMaterial.uasset" 229
"../../../Engine/Content/EditorMaterials/WorldPartition/WorldPartitionSpatialHashGridPreviewMaterial.uexp" 230
"../../../Engine/Content/EditorMaterials/ParticleSystems/PSysThumbnail_OOD.ubulk" 231
"../../../Engine/Content/EditorMaterials/ParticleSystems/PSysThumbnail_OOD.uasset" 232
"../../../Engine/Content/EditorMaterials/ParticleSystems/PSysThumbnail_OOD.uexp" 233
"../../../Engine/Content/EditorMaterials/ParticleSystems/PSysThumbnail_NoImage.ubulk" 234
"../../../Engine/Content/EditorMaterials/ParticleSystems/PSysThumbnail_NoImage.uasset" 235
"../../../Engine/Content/EditorMaterials/ParticleSystems/PSysThumbnail_NoImage.uexp" 236
"../../../Engine/Content/EditorMaterials/MatineeGroups/MAT_Groups_Vector.uasset" 237
"../../../Engine/Content/EditorMaterials/MatineeGroups/MAT_Groups_Vector.uexp" 238
"../../../Engine/Content/EditorMaterials/MatineeGroups/MAT_Groups_Sound.uasset" 239
"../../../Engine/Content/EditorMaterials/MatineeGroups/MAT_Groups_Sound.uexp" 240
"../../../Engine/Content/EditorMaterials/MatineeGroups/MAT_Groups_Slomo.uasset" 241
"../../../Engine/Content/EditorMaterials/MatineeGroups/MAT_Groups_Slomo.uexp" 242
"../../../Engine/Content/EditorMaterials/MatineeGroups/MAT_Groups_Move.uasset" 243
"../../../Engine/Content/EditorMaterials/MatineeGroups/MAT_Groups_Move.uexp" 244
"../../../Engine/Content/EditorMaterials/MatineeGroups/MAT_Groups_Float.uasset" 245
"../../../Engine/Content/EditorMaterials/MatineeGroups/MAT_Groups_Float.uexp" 246
"../../../Engine/Content/EditorMaterials/MatineeGroups/MAT_Groups_Fade.uasset" 247
"../../../Engine/Content/EditorMaterials/MatineeGroups/MAT_Groups_Fade.uexp" 248
"../../../Engine/Content/EditorMaterials/MatineeGroups/MAT_Groups_Event.uasset" 249
"../../../Engine/Content/EditorMaterials/MatineeGroups/MAT_Groups_Event.uexp" 250
"../../../Engine/Content/EditorMaterials/MatineeGroups/MAT_Groups_Director.uasset" 251
"../../../Engine/Content/EditorMaterials/MatineeGroups/MAT_Groups_Director.uexp" 252
"../../../Engine/Content/EditorMaterials/MatineeGroups/MAT_Groups_AudioMaster.uasset" 253
"../../../Engine/Content/EditorMaterials/MatineeGroups/MAT_Groups_AudioMaster.uexp" 254
"../../../Engine/Content/EditorMaterials/MatineeGroups/MAT_Groups_Anim.uasset" 255
"../../../Engine/Content/EditorMaterials/MatineeGroups/MAT_Groups_Anim.uexp" 256
"../../../Engine/Content/EditorMaterials/MatineeGroups/MAT_ColorTrack.uasset" 257
"../../../Engine/Content/EditorMaterials/MatineeGroups/MAT_ColorTrack.uexp" 258
"../../../Engine/Content/EditorLandscapeResources/DefaultAlphaTexture.uasset" 259
"../../../Engine/Content/EditorLandscapeResources/DefaultAlphaTexture.uexp" 260
"../../../Engine/Content/EditorLandscapeResources/DataLayer.uasset" 261
"../../../Engine/Content/EditorLandscapeResources/DataLayer.uexp" 262
"../../../Engine/Content/EngineMaterials/T_Default_Material_Grid_M.ubulk" 263
"../../../Engine/Content/EngineMaterials/T_Default_Material_Grid_M.uasset" 264
"../../../Engine/Content/EngineMaterials/T_Default_Material_Grid_M.uexp" 265
"../../../Engine/Content/EngineMaterials/T_Default_Material_Grid_N.ubulk" 266
"../../../Engine/Content/EngineMaterials/T_Default_Material_Grid_N.uasset" 267
"../../../Engine/Content/EngineMaterials/T_Default_Material_Grid_N.uexp" 268
"../../../Engine/Content/Functions/Engine_MaterialFunctions01/Opacity/CameraDepthFade.uasset" 269
"../../../Engine/Content/Functions/Engine_MaterialFunctions01/Opacity/CameraDepthFade.uexp" 270
"../../../Engine/Content/EngineMaterials/DefaultMaterial.uasset" 271
"../../../Engine/Content/EngineMaterials/DefaultMaterial.uexp" 272
"../../../Engine/Content/BasicShapes/Sphere.uasset" 273
"../../../Engine/Content/BasicShapes/Sphere.uexp" 274
"../../../Engine/Content/BasicShapes/Cylinder.uasset" 275
"../../../Engine/Content/BasicShapes/Cylinder.uexp" 276
"../../../Engine/Content/EngineMaterials/WorldGridMaterial.uasset" 277
"../../../Engine/Content/EngineMaterials/WorldGridMaterial.uexp" 278
"../../../Engine/Content/BasicShapes/Cube.uasset" 279
"../../../Engine/Content/BasicShapes/Cube.uexp" 280
"../../../Engine/Content/BasicShapes/Cone.uasset" 281
"../../../Engine/Content/BasicShapes/Cone.uexp" 282
"../../../Engine/Content/ArtTools/RenderToTexture/Meshes/S_1_Unit_Plane.uasset" 283
"../../../Engine/Content/ArtTools/RenderToTexture/Meshes/S_1_Unit_Plane.uexp" 284
"../../../Engine/Content/MobileResources/HUD/VirtualJoystick_Background.uasset" 285
"../../../Engine/Content/MobileResources/HUD/VirtualJoystick_Background.uexp" 286
"../../../Engine/Content/MobileResources/HUD/VirtualJoystick_Thumb.uasset" 287
"../../../Engine/Content/MobileResources/HUD/VirtualJoystick_Thumb.uexp" 288
"../../../Engine/Content/MobileResources/HUD/DefaultVirtualJoysticks.uasset" 289
"../../../Engine/Content/MobileResources/HUD/DefaultVirtualJoysticks.uexp" 290
"../../../Engine/Content/Tutorial/ContentIntroCurve.uasset" 291
"../../../Engine/Content/Tutorial/ContentIntroCurve.uexp" 292
"../../../Engine/Content/VREditor/TransformGizmo/Main.uasset" 293
"../../../Engine/Content/VREditor/TransformGizmo/Main.uexp" 294
"../../../Engine/Content/VREditor/TransformGizmo/Xray.uasset" 295
"../../../Engine/Content/VREditor/TransformGizmo/Xray.uexp" 296
"../../../Engine/Content/VREditor/TransformGizmo/SM_Sequencer_Node.uasset" 297
"../../../Engine/Content/VREditor/TransformGizmo/SM_Sequencer_Node.uexp" 298
"../../../Engine/Content/VREditor/LaserPointer/VR_LaserPower_01.ubulk" 299
"../../../Engine/Content/VREditor/LaserPointer/VR_LaserPower_01.uasset" 300
"../../../Engine/Content/VREditor/LaserPointer/VR_LaserPower_01.uexp" 301
"../../../Engine/Content/VREditor/TransformGizmo/TransformGizmoMaterial.uasset" 302
"../../../Engine/Content/VREditor/TransformGizmo/TransformGizmoMaterial.uexp" 303
"../../../Engine/Content/VREditor/TransformGizmo/TranslucentTransformGizmoMaterial.uasset" 304
"../../../Engine/Content/VREditor/TransformGizmo/TranslucentTransformGizmoMaterial.uexp" 305
"../../../Engine/Content/VREditor/TransformGizmo/PlaneTranslationHandle.uasset" 306
"../../../Engine/Content/VREditor/TransformGizmo/PlaneTranslationHandle.uexp" 307
"../../../Engine/Content/VREditor/TransformGizmo/BoundingBoxEdge.uasset" 308
"../../../Engine/Content/VREditor/TransformGizmo/BoundingBoxEdge.uexp" 309
"../../../Engine/Content/VREditor/TransformGizmo/BoundingBoxCorner.uasset" 310
"../../../Engine/Content/VREditor/TransformGizmo/BoundingBoxCorner.uexp" 311
"../../../Engine/Plugins/2D/Paper2D/Content/PlaceholderTextures/DummySpriteTexture.ubulk" 312
"../../../Engine/Plugins/2D/Paper2D/Content/PlaceholderTextures/DummySpriteTexture.uasset" 313
"../../../Engine/Plugins/2D/Paper2D/Content/PlaceholderTextures/DummySpriteTexture.uexp" 314
"../../../Engine/Plugins/2D/Paper2D/Content/DefaultSpriteMaterial.uasset" 315
"../../../Engine/Plugins/2D/Paper2D/Content/DefaultSpriteMaterial.uexp" 316
"../../../Engine/Plugins/2D/Paper2D/Content/OpaqueUnlitSpriteMaterial.uasset" 317
"../../../Engine/Plugins/2D/Paper2D/Content/OpaqueUnlitSpriteMaterial.uexp" 318
"../../../Engine/Plugins/2D/Paper2D/Content/MaskedUnlitSpriteMaterial.uasset" 319
"../../../Engine/Plugins/2D/Paper2D/Content/MaskedUnlitSpriteMaterial.uexp" 320
"../../../Engine/Plugins/2D/Paper2D/Content/DummySprite.uasset" 321
"../../../Engine/Plugins/2D/Paper2D/Content/DummySprite.uexp" 322
"../../../Engine/Plugins/2D/Paper2D/Content/DefaultPaperTerrainMaterial.uasset" 323
"../../../Engine/Plugins/2D/Paper2D/Content/DefaultPaperTerrainMaterial.uexp" 324
"../../../Engine/Plugins/Animation/ControlRig/Content/M_Manip.uasset" 325
"../../../Engine/Plugins/Animation/ControlRig/Content/M_Manip.uexp" 326
"../../../Engine/Plugins/Animation/ControlRig/Content/Controls/DefaultGizmoLibraryNormalized.uasset" 327
"../../../Engine/Plugins/Animation/ControlRig/Content/Controls/DefaultGizmoLibraryNormalized.uexp" 328
"../../../Engine/Plugins/Animation/ControlRig/Content/Controls/ControlRig_Wedge_solid.uasset" 329
"../../../Engine/Plugins/Animation/ControlRig/Content/Controls/ControlRig_Wedge_solid.uexp" 330
"../../../Engine/Plugins/Animation/ControlRig/Content/Controls/ControlRig_Wedge_3mm.uasset" 331
"../../../Engine/Plugins/Animation/ControlRig/Content/Controls/ControlRig_Wedge_3mm.uexp" 332
"../../../Engine/Plugins/Animation/ControlRig/Content/Controls/ControlRig_Wedge_1mm.uasset" 333
"../../../Engine/Plugins/Animation/ControlRig/Content/Controls/ControlRig_Wedge_1mm.uexp" 334
"../../../Engine/Plugins/Animation/ControlRig/Content/Controls/ControlRig_Triangle_solid.uasset" 335
"../../../Engine/Plugins/Animation/ControlRig/Content/Controls/ControlRig_Triangle_solid.uexp" 336
"../../../Engine/Plugins/Animation/ControlRig/Content/Controls/ControlRig_Triangle_3mm.uasset" 337
"../../../Engine/Plugins/Animation/ControlRig/Content/Controls/ControlRig_Triangle_3mm.uexp" 338
"../../../Engine/Plugins/Animation/ControlRig/Content/Controls/ControlRig_Triangle_1mm.uasset" 339
"../../../Engine/Plugins/Animation/ControlRig/Content/Controls/ControlRig_Triangle_1mm.uexp" 340
"../../../Engine/Plugins/Animation/ControlRig/Content/Controls/ControlRig_Star4_solid.uasset" 341
"../../../Engine/Plugins/Animation/ControlRig/Content/Controls/ControlRig_Star4_solid.uexp" 342
"../../../Engine/Plugins/Animation/ControlRig/Content/Controls/ControlRig_Star4_3mm.uasset" 343
"../../../Engine/Plugins/Animation/ControlRig/Content/Controls/ControlRig_Star4_3mm.uexp" 344
"../../../Engine/Plugins/Animation/ControlRig/Content/Controls/ControlRig_Star4_1mm.uasset" 345
"../../../Engine/Plugins/Animation/ControlRig/Content/Controls/ControlRig_Star4_1mm.uexp" 346
"../../../Engine/Plugins/Animation/ControlRig/Content/Controls/ControlRig_Square_solid.uasset" 347
"../../../Engine/Plugins/Animation/ControlRig/Content/Controls/ControlRig_Square_solid.uexp" 348
"../../../Engine/Plugins/Animation/ControlRig/Content/Controls/ControlRig_Square_3mm.uasset" 349
"../../../Engine/Plugins/Animation/ControlRig/Content/Controls/ControlRig_Square_3mm.uexp" 350
"../../../Engine/Plugins/Animation/ControlRig/Content/Controls/ControlRig_Square_1mm.uasset" 351
"../../../Engine/Plugins/Animation/ControlRig/Content/Controls/ControlRig_Square_1mm.uexp" 352
"../../../Engine/Plugins/Animation/ControlRig/Content/Controls/ControlRig_Sphere_solid.uasset" 353
"../../../Engine/Plugins/Animation/ControlRig/Content/Controls/ControlRig_Sphere_solid.uexp" 354
"../../../Engine/Plugins/Animation/ControlRig/Content/Controls/ControlRig_Sphere_3mm.uasset" 355
"../../../Engine/Plugins/Animation/ControlRig/Content/Controls/ControlRig_Sphere_3mm.uexp" 356
"../../../Engine/Plugins/Animation/ControlRig/Content/Controls/ControlRig_Sphere_1mm.uasset" 357
"../../../Engine/Plugins/Animation/ControlRig/Content/Controls/ControlRig_Sphere_1mm.uexp" 358
"../../../Engine/Plugins/Animation/ControlRig/Content/Controls/ControlRig_RoundedTriangle_solid.uasset" 359
"../../../Engine/Plugins/Animation/ControlRig/Content/Controls/ControlRig_RoundedTriangle_solid.uexp" 360
"../../../Engine/Plugins/Animation/ControlRig/Content/Controls/ControlRig_RoundedTriangle_3mm.uasset" 361
"../../../Engine/Plugins/Animation/ControlRig/Content/Controls/ControlRig_RoundedTriangle_3mm.uexp" 362
"../../../Engine/Plugins/Animation/ControlRig/Content/Controls/ControlRig_RoundedTriangle_1mm.uasset" 363
"../../../Engine/Plugins/Animation/ControlRig/Content/Controls/ControlRig_RoundedTriangle_1mm.uexp" 364
"../../../Engine/Plugins/Animation/ControlRig/Content/Controls/ControlRig_RoundedSquare_solid.uasset" 365
"../../../Engine/Plugins/Animation/ControlRig/Content/Controls/ControlRig_RoundedSquare_solid.uexp" 366
"../../../Engine/Plugins/Animation/ControlRig/Content/Controls/ControlRig_RoundedSquare_3mm.uasset" 367
"../../../Engine/Plugins/Animation/ControlRig/Content/Controls/ControlRig_RoundedSquare_3mm.uexp" 368
"../../../Engine/Plugins/Animation/ControlRig/Content/Controls/ControlRig_RoundedSquare_1mm.uasset" 369
"../../../Engine/Plugins/Animation/ControlRig/Content/Controls/ControlRig_RoundedSquare_1mm.uexp" 370
"../../../Engine/Plugins/Animation/ControlRig/Content/Controls/ControlRig_QuarterCircle_solid.uasset" 371
"../../../Engine/Plugins/Animation/ControlRig/Content/Controls/ControlRig_QuarterCircle_solid.uexp" 372
"../../../Engine/Plugins/Animation/ControlRig/Content/Controls/ControlRig_QuarterCircle_3mm.uasset" 373
"../../../Engine/Plugins/Animation/ControlRig/Content/Controls/ControlRig_QuarterCircle_3mm.uexp" 374
"../../../Engine/Plugins/Animation/ControlRig/Content/Controls/ControlRig_QuarterCircle_1mm.uasset" 375
"../../../Engine/Plugins/Animation/ControlRig/Content/Controls/ControlRig_QuarterCircle_1mm.uexp" 376
"../../../Engine/Plugins/Animation/ControlRig/Content/Controls/ControlRig_Pyramid_solid.uasset" 377
"../../../Engine/Plugins/Animation/ControlRig/Content/Controls/ControlRig_Pyramid_solid.uexp" 378
"../../../Engine/Plugins/Animation/ControlRig/Content/Controls/ControlRig_Pyramid_3mm.uasset" 379
"../../../Engine/Plugins/Animation/ControlRig/Content/Controls/ControlRig_Pyramid_3mm.uexp" 380
"../../../Engine/Plugins/Animation/ControlRig/Content/Controls/ControlRig_Pyramid_1mm.uasset" 381
"../../../Engine/Plugins/Animation/ControlRig/Content/Controls/ControlRig_Pyramid_1mm.uexp" 382
"../../../Engine/Plugins/Animation/ControlRig/Content/Controls/ControlRig_Octagon_solid.uasset" 383
"../../../Engine/Plugins/Animation/ControlRig/Content/Controls/ControlRig_Octagon_solid.uexp" 384
"../../../Engine/Plugins/Animation/ControlRig/Content/Controls/ControlRig_Octagon_3mm.uasset" 385
"../../../Engine/Plugins/Animation/ControlRig/Content/Controls/ControlRig_Octagon_3mm.uexp" 386
"../../../Engine/Plugins/Animation/ControlRig/Content/Controls/ControlRig_Octagon_1mm.uasset" 387
"../../../Engine/Plugins/Animation/ControlRig/Content/Controls/ControlRig_Octagon_1mm.uexp" 388
"../../../Engine/Plugins/Animation/ControlRig/Content/Controls/ControlRig_Hexagon_solid.uasset" 389
"../../../Engine/Plugins/Animation/ControlRig/Content/Controls/ControlRig_Hexagon_solid.uexp" 390
"../../../Engine/Plugins/Animation/ControlRig/Content/Controls/ControlRig_Hexagon_3mm.uasset" 391
"../../../Engine/Plugins/Animation/ControlRig/Content/Controls/ControlRig_Hexagon_3mm.uexp" 392
"../../../Engine/Plugins/Animation/ControlRig/Content/Controls/ControlRig_Hexagon_1mm.uasset" 393
"../../../Engine/Plugins/Animation/ControlRig/Content/Controls/ControlRig_Hexagon_1mm.uexp" 394
"../../../Engine/Plugins/Animation/ControlRig/Content/Controls/ControlRig_HalfCircle_solid.uasset" 395
"../../../Engine/Plugins/Animation/ControlRig/Content/Controls/ControlRig_HalfCircle_solid.uexp" 396
"../../../Engine/Plugins/Animation/ControlRig/Content/Controls/ControlRig_HalfCircle_3mm.uasset" 397
"../../../Engine/Plugins/Animation/ControlRig/Content/Controls/ControlRig_HalfCircle_3mm.uexp" 398
"../../../Engine/Plugins/Animation/ControlRig/Content/Controls/ControlRig_HalfCircle_1mm.uasset" 399
"../../../Engine/Plugins/Animation/ControlRig/Content/Controls/ControlRig_HalfCircle_1mm.uexp" 400
"../../../Engine/Plugins/Animation/ControlRig/Content/Controls/ControlRig_Diamond_solid.uasset" 401
"../../../Engine/Plugins/Animation/ControlRig/Content/Controls/ControlRig_Diamond_solid.uexp" 402
"../../../Engine/Plugins/Animation/ControlRig/Content/Controls/ControlRig_Diamond_3mm.uasset" 403
"../../../Engine/Plugins/Animation/ControlRig/Content/Controls/ControlRig_Diamond_3mm.uexp" 404
"../../../Engine/Plugins/Animation/ControlRig/Content/Controls/ControlRig_Diamond_1mm.uasset" 405
"../../../Engine/Plugins/Animation/ControlRig/Content/Controls/ControlRig_Diamond_1mm.uexp" 406
"../../../Engine/Plugins/Animation/ControlRig/Content/Controls/ControlRig_Circle_solid.uasset" 407
"../../../Engine/Plugins/Animation/ControlRig/Content/Controls/ControlRig_Circle_solid.uexp" 408
"../../../Engine/Plugins/Animation/ControlRig/Content/Controls/ControlRig_Circle_3mm.uasset" 409
"../../../Engine/Plugins/Animation/ControlRig/Content/Controls/ControlRig_Circle_3mm.uexp" 410
"../../../Engine/Plugins/Animation/ControlRig/Content/Controls/ControlRig_Circle_1mm.uasset" 411
"../../../Engine/Plugins/Animation/ControlRig/Content/Controls/ControlRig_Circle_1mm.uexp" 412
"../../../Engine/Plugins/Animation/ControlRig/Content/Controls/ControlRig_Box_solid.uasset" 413
"../../../Engine/Plugins/Animation/ControlRig/Content/Controls/ControlRig_Box_solid.uexp" 414
"../../../Engine/Plugins/Animation/ControlRig/Content/Controls/ControlRig_Box_3mm.uasset" 415
"../../../Engine/Plugins/Animation/ControlRig/Content/Controls/ControlRig_Box_3mm.uexp" 416
"../../../Engine/Plugins/Animation/ControlRig/Content/Controls/ControlRig_Box_1mm.uasset" 417
"../../../Engine/Plugins/Animation/ControlRig/Content/Controls/ControlRig_Box_1mm.uexp" 418
"../../../Engine/Plugins/Animation/ControlRig/Content/Controls/ControlRig_Arrow_solid.uasset" 419
"../../../Engine/Plugins/Animation/ControlRig/Content/Controls/ControlRig_Arrow_solid.uexp" 420
"../../../Engine/Plugins/Animation/ControlRig/Content/Controls/ControlRig_Arrow_3mm.uasset" 421
"../../../Engine/Plugins/Animation/ControlRig/Content/Controls/ControlRig_Arrow_3mm.uexp" 422
"../../../Engine/Plugins/Animation/ControlRig/Content/Controls/ControlRig_Arrow_1mm.uasset" 423
"../../../Engine/Plugins/Animation/ControlRig/Content/Controls/ControlRig_Arrow_1mm.uexp" 424
"../../../Engine/Plugins/Animation/ControlRig/Content/Controls/ControlRig_Arrow4_solid.uasset" 425
"../../../Engine/Plugins/Animation/ControlRig/Content/Controls/ControlRig_Arrow4_solid.uexp" 426
"../../../Engine/Plugins/Animation/ControlRig/Content/Controls/ControlRig_Arrow4_3mm.uasset" 427
"../../../Engine/Plugins/Animation/ControlRig/Content/Controls/ControlRig_Arrow4_3mm.uexp" 428
"../../../Engine/Plugins/Animation/ControlRig/Content/Controls/ControlRig_Arrow4_1mm.uasset" 429
"../../../Engine/Plugins/Animation/ControlRig/Content/Controls/ControlRig_Arrow4_1mm.uexp" 430
"../../../Engine/Plugins/Animation/ControlRig/Content/Controls/ControlRig_Arrow2_solid.uasset" 431
"../../../Engine/Plugins/Animation/ControlRig/Content/Controls/ControlRig_Arrow2_solid.uexp" 432
"../../../Engine/Plugins/Animation/ControlRig/Content/Controls/ControlRig_Arrow2_3mm.uasset" 433
"../../../Engine/Plugins/Animation/ControlRig/Content/Controls/ControlRig_Arrow2_3mm.uexp" 434
"../../../Engine/Plugins/Animation/ControlRig/Content/Controls/ControlRig_Arrow2_1mm.uasset" 435
"../../../Engine/Plugins/Animation/ControlRig/Content/Controls/ControlRig_Arrow2_1mm.uexp" 436
"../../../Engine/Plugins/Animation/ControlRig/Content/Controls/ControlRigGizmoMaterial.uasset" 437
"../../../Engine/Plugins/Animation/ControlRig/Content/Controls/ControlRigGizmoMaterial.uexp" 438
"../../../Engine/Plugins/Editor/SpeedTreeImporter/Content/SpeedTree9/game_wind_noise.ubulk" 439
"../../../Engine/Plugins/Editor/SpeedTreeImporter/Content/SpeedTree9/game_wind_noise.uasset" 440
"../../../Engine/Plugins/Editor/SpeedTreeImporter/Content/SpeedTree9/game_wind_noise.uexp" 441
"../../../Engine/Plugins/Editor/SpeedTreeImporter/Content/SpeedTree9/UnpackDirection.uasset" 442
"../../../Engine/Plugins/Editor/SpeedTreeImporter/Content/SpeedTree9/UnpackDirection.uexp" 443
"../../../Engine/Content/Functions/Engine_MaterialFunctions02/ObjectLocalBounds.uasset" 444
"../../../Engine/Content/Functions/Engine_MaterialFunctions02/ObjectLocalBounds.uexp" 445
"../../../Engine/Content/Functions/Engine_MaterialFunctions02/UVs/BoundingBoxBased_0-1_UVW.uasset" 446
"../../../Engine/Content/Functions/Engine_MaterialFunctions02/UVs/BoundingBoxBased_0-1_UVW.uexp" 447
"../../../Engine/Content/Functions/Engine_MaterialFunctions02/Utility/VectorLength.uasset" 448
"../../../Engine/Content/Functions/Engine_MaterialFunctions02/Utility/VectorLength.uexp" 449
"../../../Engine/Plugins/Editor/SpeedTreeImporter/Content/SpeedTree9/UnpackInteger3.uasset" 450
"../../../Engine/Plugins/Editor/SpeedTreeImporter/Content/SpeedTree9/UnpackInteger3.uexp" 451
"../../../Engine/Plugins/Editor/SpeedTreeImporter/Content/SpeedTree9/SpeedTreeCameraFacing.uasset" 452
"../../../Engine/Plugins/Editor/SpeedTreeImporter/Content/SpeedTree9/SpeedTreeCameraFacing.uexp" 453
"../../../Engine/Content/Functions/Engine_MaterialFunctions02/WorldPositionOffset/ObjectScale.uasset" 454
"../../../Engine/Content/Functions/Engine_MaterialFunctions02/WorldPositionOffset/ObjectScale.uexp" 455
"../../../Engine/Content/Functions/Engine_MaterialFunctions02/SafeNormalize.uasset" 456
"../../../Engine/Content/Functions/Engine_MaterialFunctions02/SafeNormalize.uexp" 457
"../../../Engine/Plugins/Editor/SpeedTreeImporter/Content/SpeedTree9/SpeedTreeWindMotion.uasset" 458
"../../../Engine/Plugins/Editor/SpeedTreeImporter/Content/SpeedTree9/SpeedTreeWindMotion.uexp" 459
"../../../Engine/Plugins/Editor/SpeedTreeImporter/Content/SpeedTree9/SpeedTreeBranchMotion.uasset" 460
"../../../Engine/Plugins/Editor/SpeedTreeImporter/Content/SpeedTree9/SpeedTreeBranchMotion.uexp" 461
"../../../Engine/Plugins/Editor/SpeedTreeImporter/Content/SpeedTree9/SpeedTreeWind.uasset" 462
"../../../Engine/Plugins/Editor/SpeedTreeImporter/Content/SpeedTree9/SpeedTreeWind.uexp" 463
"../../../Engine/Plugins/Editor/SpeedTreeImporter/Content/SpeedTree9/EmptyNormal.uasset" 464
"../../../Engine/Plugins/Editor/SpeedTreeImporter/Content/SpeedTree9/EmptyNormal.uexp" 465
"../../../Engine/Plugins/Editor/SpeedTreeImporter/Content/SpeedTree9/Empty.uasset" 466
"../../../Engine/Plugins/Editor/SpeedTreeImporter/Content/SpeedTree9/Empty.uexp" 467
"../../../Engine/Plugins/Editor/SpeedTreeImporter/Content/SpeedTree9/SpeedTreeMaster.uasset" 468
"../../../Engine/Plugins/Editor/SpeedTreeImporter/Content/SpeedTree9/SpeedTreeMaster.uexp" 469
"../../../Engine/Plugins/Editor/SpeedTreeImporter/Content/SpeedTree9/SpeedTreeBillboard.uasset" 470
"../../../Engine/Plugins/Editor/SpeedTreeImporter/Content/SpeedTree9/SpeedTreeBillboard.uexp" 471
"../../../Engine/Plugins/Editor/SpeedTreeImporter/Content/SpeedTree9/SpeedTreeBillboardMaster.uasset" 472
"../../../Engine/Plugins/Editor/SpeedTreeImporter/Content/SpeedTree9/SpeedTreeBillboardMaster.uexp" 473
"../../../Engine/Plugins/Runtime/HairStrands/Content/Materials/HairMeshesDefaultMaterial.uasset" 474
"../../../Engine/Plugins/Runtime/HairStrands/Content/Materials/HairMeshesDefaultMaterial.uexp" 475
"../../../Engine/Plugins/Runtime/HairStrands/Content/Materials/HairDefaultMaterial.uasset" 476
"../../../Engine/Plugins/Runtime/HairStrands/Content/Materials/HairDefaultMaterial.uexp" 477
"../../../Engine/Plugins/Runtime/HairStrands/Content/Materials/HairGroupColors.uasset" 478
"../../../Engine/Plugins/Runtime/HairStrands/Content/Materials/HairGroupColors.uexp" 479
"../../../Engine/Content/EngineMaterials/HairColorMap.uasset" 480
"../../../Engine/Content/EngineMaterials/HairColorMap.uexp" 481
"../../../Engine/Content/EngineMaterials/HairDebugColor.uasset" 482
"../../../Engine/Content/EngineMaterials/HairDebugColor.uexp" 483
"../../../Engine/Plugins/Runtime/HairStrands/Content/Materials/HairDebugMaterial.uasset" 484
"../../../Engine/Plugins/Runtime/HairStrands/Content/Materials/HairDebugMaterial.uexp" 485
"../../../Engine/Plugins/Runtime/HairStrands/Content/Materials/HairCardsDefaultMaterial.uasset" 486
"../../../Engine/Plugins/Runtime/HairStrands/Content/Materials/HairCardsDefaultMaterial.uexp" 487
"../../../Engine/Content/Maps/Entry_BuiltData.uasset" 488
"../../../Engine/Content/Maps/Entry_BuiltData.uexp" 489
"../../../Engine/Content/Maps/Entry.uexp" 490
"../../../Engine/Content/Maps/Entry.umap" 491
"D:/GitHub/GitHub/game-unreal-sdk/AnkrUnrealSDK/Content/Media/Media_MediaPlayer.uasset" 492
"D:/GitHub/GitHub/game-unreal-sdk/AnkrUnrealSDK/Content/Media/Media_MediaPlayer.uexp" 493
"D:/GitHub/GitHub/game-unreal-sdk/AnkrUnrealSDK/Content/Media/Media_FileMediaSource.uasset" 494
"D:/GitHub/GitHub/game-unreal-sdk/AnkrUnrealSDK/Content/Media/Media_FileMediaSource.uexp" 495
"D:/GitHub/GitHub/game-unreal-sdk/AnkrUnrealSDK/Content/Media/Media_MediaPlayer_Video.uasset" 496
"D:/GitHub/GitHub/game-unreal-sdk/AnkrUnrealSDK/Content/Media/Media_MediaPlayer_Video.uexp" 497
"D:/GitHub/GitHub/game-unreal-sdk/AnkrUnrealSDK/Content/Media/Media_Material_Wdiget.uasset" 498
"D:/GitHub/GitHub/game-unreal-sdk/AnkrUnrealSDK/Content/Media/Media_Material_Wdiget.uexp" 499
"D:/GitHub/GitHub/game-unreal-sdk/AnkrUnrealSDK/Content/Widgets/Widget_Advertisement.uasset" 500
"D:/GitHub/GitHub/game-unreal-sdk/AnkrUnrealSDK/Content/Widgets/Widget_Advertisement.uexp" 501
"D:/GitHub/GitHub/game-unreal-sdk/AnkrUnrealSDK/Content/Textures/UI/oie_png.uasset" 502
"D:/GitHub/GitHub/game-unreal-sdk/AnkrUnrealSDK/Content/Textures/UI/oie_png.uexp" 503
"D:/GitHub/GitHub/game-unreal-sdk/AnkrUnrealSDK/Content/Models/Boy/Hat/Hat/HatMaterialBlue.uasset" 504
"D:/GitHub/GitHub/game-unreal-sdk/AnkrUnrealSDK/Content/Models/Boy/Hat/Hat/HatMaterialBlue.uexp" 505
"D:/GitHub/GitHub/game-unreal-sdk/AnkrUnrealSDK/Content/Models/Boy/Hat/Hat/Hat.uasset" 506
"D:/GitHub/GitHub/game-unreal-sdk/AnkrUnrealSDK/Content/Models/Boy/Hat/Hat/Hat.uexp" 507
"D:/GitHub/GitHub/game-unreal-sdk/AnkrUnrealSDK/Content/Models/Boy/Hat/Hat/HatMaterialRed.uasset" 508
"D:/GitHub/GitHub/game-unreal-sdk/AnkrUnrealSDK/Content/Models/Boy/Hat/Hat/HatMaterialRed.uexp" 509
"D:/GitHub/GitHub/game-unreal-sdk/AnkrUnrealSDK/Content/Models/Boy/Character/Character/Airton.ubulk" 510
"D:/GitHub/GitHub/game-unreal-sdk/AnkrUnrealSDK/Content/Models/Boy/Character/Character/Airton.uasset" 511
"D:/GitHub/GitHub/game-unreal-sdk/AnkrUnrealSDK/Content/Models/Boy/Character/Character/Airton.uexp" 512
"D:/GitHub/GitHub/game-unreal-sdk/AnkrUnrealSDK/Content/Models/Boy/Character/Character/lambert7.uasset" 513
"D:/GitHub/GitHub/game-unreal-sdk/AnkrUnrealSDK/Content/Models/Boy/Character/Character/lambert7.uexp" 514
"D:/GitHub/GitHub/game-unreal-sdk/AnkrUnrealSDK/Content/Models/Boy/Character/Character/Cinto.uasset" 515
"D:/GitHub/GitHub/game-unreal-sdk/AnkrUnrealSDK/Content/Models/Boy/Character/Character/Cinto.uexp" 516
"D:/GitHub/GitHub/game-unreal-sdk/AnkrUnrealSDK/Content/Models/Boy/Character.uasset" 517
"D:/GitHub/GitHub/game-unreal-sdk/AnkrUnrealSDK/Content/Models/Boy/Character.uexp" 518
"D:/GitHub/GitHub/game-unreal-sdk/AnkrUnrealSDK/Content/Textures/Icons/UI/Ankr_GradientLogo.uasset" 519
"D:/GitHub/GitHub/game-unreal-sdk/AnkrUnrealSDK/Content/Textures/Icons/UI/Ankr_GradientLogo.uexp" 520
"D:/GitHub/GitHub/game-unreal-sdk/AnkrUnrealSDK/Content/Textures/Textures/Demo/Icons/Context_Menu.uasset" 521
"D:/GitHub/GitHub/game-unreal-sdk/AnkrUnrealSDK/Content/Textures/Textures/Demo/Icons/Context_Menu.uexp" 522
"D:/GitHub/GitHub/game-unreal-sdk/AnkrUnrealSDK/Content/Widgets/BlueHatRenderTarget.uasset" 523
"D:/GitHub/GitHub/game-unreal-sdk/AnkrUnrealSDK/Content/Widgets/BlueHatRenderTarget.uexp" 524
"D:/GitHub/GitHub/game-unreal-sdk/AnkrUnrealSDK/Content/Widgets/BlueHatRTMaterial.uasset" 525
"D:/GitHub/GitHub/game-unreal-sdk/AnkrUnrealSDK/Content/Widgets/BlueHatRTMaterial.uexp" 526
"D:/GitHub/GitHub/game-unreal-sdk/AnkrUnrealSDK/Content/Widgets/RedHatRenderTarget.uasset" 527
"D:/GitHub/GitHub/game-unreal-sdk/AnkrUnrealSDK/Content/Widgets/RedHatRenderTarget.uexp" 528
"D:/GitHub/GitHub/game-unreal-sdk/AnkrUnrealSDK/Content/Widgets/RedHatRTMaterial.uasset" 529
"D:/GitHub/GitHub/game-unreal-sdk/AnkrUnrealSDK/Content/Widgets/RedHatRTMaterial.uexp" 530
"../../../Engine/Content/EditorBlueprintResources/StandardMacros.uasset" 531
"../../../Engine/Content/EditorBlueprintResources/StandardMacros.uexp" 532
"D:/GitHub/GitHub/game-unreal-sdk/AnkrUnrealSDK/Content/Widgets/CharacterRenderTarget.uasset" 533
"D:/GitHub/GitHub/game-unreal-sdk/AnkrUnrealSDK/Content/Widgets/CharacterRenderTarget.uexp" 534
"D:/GitHub/GitHub/game-unreal-sdk/AnkrUnrealSDK/Content/Widgets/CharacterRTMaterial.uasset" 535
"D:/GitHub/GitHub/game-unreal-sdk/AnkrUnrealSDK/Content/Widgets/CharacterRTMaterial.uexp" 536
"D:/GitHub/GitHub/game-unreal-sdk/AnkrUnrealSDK/Content/Widgets/Widget_Menu.uasset" 537
"D:/GitHub/GitHub/game-unreal-sdk/AnkrUnrealSDK/Content/Widgets/Widget_Menu.uexp" 538
"D:/GitHub/GitHub/game-unreal-sdk/AnkrUnrealSDK/Content/Blueprints/PlayerController_Widget_Menu.uasset" 539
"D:/GitHub/GitHub/game-unreal-sdk/AnkrUnrealSDK/Content/Blueprints/PlayerController_Widget_Menu.uexp" 540
"D:/GitHub/GitHub/game-unreal-sdk/AnkrUnrealSDK/Content/Blueprints/Blueprint_MenuGameMode.uasset" 541
"D:/GitHub/GitHub/game-unreal-sdk/AnkrUnrealSDK/Content/Blueprints/Blueprint_MenuGameMode.uexp" 542
"D:/GitHub/GitHub/game-unreal-sdk/AnkrUnrealSDK/Content/Levels/Level_Menu_BuiltData.uasset" 543
"D:/GitHub/GitHub/game-unreal-sdk/AnkrUnrealSDK/Content/Levels/Level_Menu_BuiltData.uexp" 544
"D:/GitHub/GitHub/game-unreal-sdk/AnkrUnrealSDK/Content/Levels/Level_Menu.uexp" 545
"D:/GitHub/GitHub/game-unreal-sdk/AnkrUnrealSDK/Content/Levels/Level_Menu.umap" 546
"D:/GitHub/GitHub/game-unreal-sdk/AnkrUnrealSDK/Content/Models/GlowMaterials/Material_BaseGlow.uasset" 547
"D:/GitHub/GitHub/game-unreal-sdk/AnkrUnrealSDK/Content/Models/GlowMaterials/Material_BaseGlow.uexp" 548
"D:/GitHub/GitHub/game-unreal-sdk/AnkrUnrealSDK/Content/Models/GlowMaterials/Material_Glow_Blue.uasset" 549
"D:/GitHub/GitHub/game-unreal-sdk/AnkrUnrealSDK/Content/Models/GlowMaterials/Material_Glow_Blue.uexp" 550
"D:/GitHub/GitHub/game-unreal-sdk/AnkrUnrealSDK/Content/Models/CyberpunkCity/Glass.uasset" 551
"D:/GitHub/GitHub/game-unreal-sdk/AnkrUnrealSDK/Content/Models/CyberpunkCity/Glass.uexp" 552
"D:/GitHub/GitHub/game-unreal-sdk/AnkrUnrealSDK/Content/Models/CyberpunkCity/Concrete.uasset" 553
"D:/GitHub/GitHub/game-unreal-sdk/AnkrUnrealSDK/Content/Models/CyberpunkCity/Concrete.uexp" 554
"D:/GitHub/GitHub/game-unreal-sdk/AnkrUnrealSDK/Content/Models/GeneralMaterials/Material_Floor.uasset" 555
"D:/GitHub/GitHub/game-unreal-sdk/AnkrUnrealSDK/Content/Models/GeneralMaterials/Material_Floor.uexp" 556
"D:/GitHub/GitHub/game-unreal-sdk/AnkrUnrealSDK/Content/Characters/Mannequins/Meshes/SK_Mannequin.uasset" 557
"D:/GitHub/GitHub/game-unreal-sdk/AnkrUnrealSDK/Content/Characters/Mannequins/Meshes/SK_Mannequin.uexp" 558
"D:/GitHub/GitHub/game-unreal-sdk/AnkrUnrealSDK/Content/Characters/Mannequins/Textures/Quinn/T_Quinn_02ID_MSR_MSK.ubulk" 559
"D:/GitHub/GitHub/game-unreal-sdk/AnkrUnrealSDK/Content/Characters/Mannequins/Textures/Quinn/T_Quinn_02ID_MSR_MSK.uasset" 560
"D:/GitHub/GitHub/game-unreal-sdk/AnkrUnrealSDK/Content/Characters/Mannequins/Textures/Quinn/T_Quinn_02ID_MSR_MSK.uexp" 561
"D:/GitHub/GitHub/game-unreal-sdk/AnkrUnrealSDK/Content/Characters/Mannequins/Textures/Quinn/T_Quinn_02ID_BN.ubulk" 562
"D:/GitHub/GitHub/game-unreal-sdk/AnkrUnrealSDK/Content/Characters/Mannequins/Textures/Quinn/T_Quinn_02ID_BN.uasset" 563
"D:/GitHub/GitHub/game-unreal-sdk/AnkrUnrealSDK/Content/Characters/Mannequins/Textures/Quinn/T_Quinn_02ID_BN.uexp" 564
"D:/GitHub/GitHub/game-unreal-sdk/AnkrUnrealSDK/Content/Characters/Mannequins/Textures/Quinn/T_Quinn_02_ASAOMASK_MSK.ubulk" 565
"D:/GitHub/GitHub/game-unreal-sdk/AnkrUnrealSDK/Content/Characters/Mannequins/Textures/Quinn/T_Quinn_02_ASAOMASK_MSK.uasset" 566
"D:/GitHub/GitHub/game-unreal-sdk/AnkrUnrealSDK/Content/Characters/Mannequins/Textures/Quinn/T_Quinn_02_ASAOMASK_MSK.uexp" 567
"D:/GitHub/GitHub/game-unreal-sdk/AnkrUnrealSDK/Content/Characters/Mannequins/Textures/Quinn/T_Quinn_02_CCRCCPlastic_MSK.ubulk" 568
"D:/GitHub/GitHub/game-unreal-sdk/AnkrUnrealSDK/Content/Characters/Mannequins/Textures/Quinn/T_Quinn_02_CCRCCPlastic_MSK.uasset" 569
"D:/GitHub/GitHub/game-unreal-sdk/AnkrUnrealSDK/Content/Characters/Mannequins/Textures/Quinn/T_Quinn_02_CCRCCPlastic_MSK.uexp" 570
"D:/GitHub/GitHub/game-unreal-sdk/AnkrUnrealSDK/Content/Characters/Mannequins/Textures/Quinn/T_Quinn_02ID_Tan.ubulk" 571
"D:/GitHub/GitHub/game-unreal-sdk/AnkrUnrealSDK/Content/Characters/Mannequins/Textures/Quinn/T_Quinn_02ID_Tan.uasset" 572
"D:/GitHub/GitHub/game-unreal-sdk/AnkrUnrealSDK/Content/Characters/Mannequins/Textures/Quinn/T_Quinn_02ID_Tan.uexp" 573
"D:/GitHub/GitHub/game-unreal-sdk/AnkrUnrealSDK/Content/Characters/Mannequins/Textures/Quinn/T_Quinn_02ID_D.ubulk" 574
"D:/GitHub/GitHub/game-unreal-sdk/AnkrUnrealSDK/Content/Characters/Mannequins/Textures/Quinn/T_Quinn_02ID_D.uasset" 575
"D:/GitHub/GitHub/game-unreal-sdk/AnkrUnrealSDK/Content/Characters/Mannequins/Textures/Quinn/T_Quinn_02ID_D.uexp" 576
"D:/GitHub/GitHub/game-unreal-sdk/AnkrUnrealSDK/Content/Characters/Mannequins/Textures/Quinn/T_Quinn_01ID_MSR_MSK.ubulk" 577
"D:/GitHub/GitHub/game-unreal-sdk/AnkrUnrealSDK/Content/Characters/Mannequins/Textures/Quinn/T_Quinn_01ID_MSR_MSK.uasset" 578
"D:/GitHub/GitHub/game-unreal-sdk/AnkrUnrealSDK/Content/Characters/Mannequins/Textures/Quinn/T_Quinn_01ID_MSR_MSK.uexp" 579
"D:/GitHub/GitHub/game-unreal-sdk/AnkrUnrealSDK/Content/Characters/Mannequins/Materials/Functions/ChromaticCurve.uasset" 580
"D:/GitHub/GitHub/game-unreal-sdk/AnkrUnrealSDK/Content/Characters/Mannequins/Materials/Functions/ChromaticCurve.uexp" 581
"D:/GitHub/GitHub/game-unreal-sdk/AnkrUnrealSDK/Content/Characters/Mannequins/Materials/Functions/CA_Mannequin.uasset" 582
"D:/GitHub/GitHub/game-unreal-sdk/AnkrUnrealSDK/Content/Characters/Mannequins/Materials/Functions/CA_Mannequin.uexp" 583
"D:/GitHub/GitHub/game-unreal-sdk/AnkrUnrealSDK/Content/Characters/Mannequins/Materials/Functions/MF_Diffraction.uasset" 584
"D:/GitHub/GitHub/game-unreal-sdk/AnkrUnrealSDK/Content/Characters/Mannequins/Materials/Functions/MF_Diffraction.uexp" 585
"D:/GitHub/GitHub/game-unreal-sdk/AnkrUnrealSDK/Content/Characters/Mannequins/Textures/Manny/T_Manny_01_N.ubulk" 586
"D:/GitHub/GitHub/game-unreal-sdk/AnkrUnrealSDK/Content/Characters/Mannequins/Textures/Manny/T_Manny_01_N.uasset" 587
"D:/GitHub/GitHub/game-unreal-sdk/AnkrUnrealSDK/Content/Characters/Mannequins/Textures/Manny/T_Manny_01_N.uexp" 588
"D:/GitHub/GitHub/game-unreal-sdk/AnkrUnrealSDK/Content/Characters/Mannequins/Materials/Functions/ML_BaseColorFallOff.uasset" 589
"D:/GitHub/GitHub/game-unreal-sdk/AnkrUnrealSDK/Content/Characters/Mannequins/Materials/Functions/ML_BaseColorFallOff.uexp" 590
"../../../Engine/Content/Functions/Engine_MaterialFunctions01/Texturing/ScaleUVsByCenter.uasset" 591
"../../../Engine/Content/Functions/Engine_MaterialFunctions01/Texturing/ScaleUVsByCenter.uexp" 592
"D:/GitHub/GitHub/game-unreal-sdk/AnkrUnrealSDK/Content/Characters/Mannequins/Textures/Shared/T_UE_Logo_M.uasset" 593
"D:/GitHub/GitHub/game-unreal-sdk/AnkrUnrealSDK/Content/Characters/Mannequins/Textures/Shared/T_UE_Logo_M.uexp" 594
"D:/GitHub/GitHub/game-unreal-sdk/AnkrUnrealSDK/Content/Characters/Mannequins/Materials/Functions/MF_logo3layers.uasset" 595
"D:/GitHub/GitHub/game-unreal-sdk/AnkrUnrealSDK/Content/Characters/Mannequins/Materials/Functions/MF_logo3layers.uexp" 596
"D:/GitHub/GitHub/game-unreal-sdk/AnkrUnrealSDK/Content/Characters/Mannequins/Textures/Manny/T_Manny_01_CCRCCPlastic_MSK.ubulk" 597
"D:/GitHub/GitHub/game-unreal-sdk/AnkrUnrealSDK/Content/Characters/Mannequins/Textures/Manny/T_Manny_01_CCRCCPlastic_MSK.uasset" 598
"D:/GitHub/GitHub/game-unreal-sdk/AnkrUnrealSDK/Content/Characters/Mannequins/Textures/Manny/T_Manny_01_CCRCCPlastic_MSK.uexp" 599
"D:/GitHub/GitHub/game-unreal-sdk/AnkrUnrealSDK/Content/Characters/Mannequins/Textures/Manny/T_Manny_01_ASAOPMASK_MSK.ubulk" 600
"D:/GitHub/GitHub/game-unreal-sdk/AnkrUnrealSDK/Content/Characters/Mannequins/Textures/Manny/T_Manny_01_ASAOPMASK_MSK.uasset" 601
"D:/GitHub/GitHub/game-unreal-sdk/AnkrUnrealSDK/Content/Characters/Mannequins/Textures/Manny/T_Manny_01_ASAOPMASK_MSK.uexp" 602
"D:/GitHub/GitHub/game-unreal-sdk/AnkrUnrealSDK/Content/Characters/Mannequins/Textures/Manny/T_Manny_01_MSR_MSK.ubulk" 603
"D:/GitHub/GitHub/game-unreal-sdk/AnkrUnrealSDK/Content/Characters/Mannequins/Textures/Manny/T_Manny_01_MSR_MSK.uasset" 604
"D:/GitHub/GitHub/game-unreal-sdk/AnkrUnrealSDK/Content/Characters/Mannequins/Textures/Manny/T_Manny_01_MSR_MSK.uexp" 605
"D:/GitHub/GitHub/game-unreal-sdk/AnkrUnrealSDK/Content/Characters/Mannequins/Textures/Manny/T_Manny_01_BN.ubulk" 606
"D:/GitHub/GitHub/game-unreal-sdk/AnkrUnrealSDK/Content/Characters/Mannequins/Textures/Manny/T_Manny_01_BN.uasset" 607
"D:/GitHub/GitHub/game-unreal-sdk/AnkrUnrealSDK/Content/Characters/Mannequins/Textures/Manny/T_Manny_01_BN.uexp" 608
"D:/GitHub/GitHub/game-unreal-sdk/AnkrUnrealSDK/Content/Characters/Mannequins/Textures/Manny/T_Manny_01_D.ubulk" 609
"D:/GitHub/GitHub/game-unreal-sdk/AnkrUnrealSDK/Content/Characters/Mannequins/Textures/Manny/T_Manny_01_D.uasset" 610
"D:/GitHub/GitHub/game-unreal-sdk/AnkrUnrealSDK/Content/Characters/Mannequins/Textures/Manny/T_Manny_01_D.uexp" 611
"D:/GitHub/GitHub/game-unreal-sdk/AnkrUnrealSDK/Content/Characters/Mannequins/Textures/Manny/T_Manny_01_Tan.ubulk" 612
"D:/GitHub/GitHub/game-unreal-sdk/AnkrUnrealSDK/Content/Characters/Mannequins/Textures/Manny/T_Manny_01_Tan.uasset" 613
"D:/GitHub/GitHub/game-unreal-sdk/AnkrUnrealSDK/Content/Characters/Mannequins/Textures/Manny/T_Manny_01_Tan.uexp" 614
"D:/GitHub/GitHub/game-unreal-sdk/AnkrUnrealSDK/Content/Characters/Mannequins/Materials/M_Mannequin.uasset" 615
"D:/GitHub/GitHub/game-unreal-sdk/AnkrUnrealSDK/Content/Characters/Mannequins/Materials/M_Mannequin.uexp" 616
"D:/GitHub/GitHub/game-unreal-sdk/AnkrUnrealSDK/Content/Characters/Mannequins/Textures/Quinn/T_Quinn_01_ASAOMASK_MSK.ubulk" 617
"D:/GitHub/GitHub/game-unreal-sdk/AnkrUnrealSDK/Content/Characters/Mannequins/Textures/Quinn/T_Quinn_01_ASAOMASK_MSK.uasset" 618
"D:/GitHub/GitHub/game-unreal-sdk/AnkrUnrealSDK/Content/Characters/Mannequins/Textures/Quinn/T_Quinn_01_ASAOMASK_MSK.uexp" 619
"D:/GitHub/GitHub/game-unreal-sdk/AnkrUnrealSDK/Content/Characters/Mannequins/Textures/Quinn/T_Quinn_01ID_N.ubulk" 620
"D:/GitHub/GitHub/game-unreal-sdk/AnkrUnrealSDK/Content/Characters/Mannequins/Textures/Quinn/T_Quinn_01ID_N.uasset" 621
"D:/GitHub/GitHub/game-unreal-sdk/AnkrUnrealSDK/Content/Characters/Mannequins/Textures/Quinn/T_Quinn_01ID_N.uexp" 622
"D:/GitHub/GitHub/game-unreal-sdk/AnkrUnrealSDK/Content/Characters/Mannequins/Textures/Quinn/T_Quinn_01ID_BN.ubulk" 623
"D:/GitHub/GitHub/game-unreal-sdk/AnkrUnrealSDK/Content/Characters/Mannequins/Textures/Quinn/T_Quinn_01ID_BN.uasset" 624
"D:/GitHub/GitHub/game-unreal-sdk/AnkrUnrealSDK/Content/Characters/Mannequins/Textures/Quinn/T_Quinn_01ID_BN.uexp" 625
"D:/GitHub/GitHub/game-unreal-sdk/AnkrUnrealSDK/Content/Characters/Mannequins/Textures/Quinn/T_Quinn_01ID_D.ubulk" 626
"D:/GitHub/GitHub/game-unreal-sdk/AnkrUnrealSDK/Content/Characters/Mannequins/Textures/Quinn/T_Quinn_01ID_D.uasset" 627
"D:/GitHub/GitHub/game-unreal-sdk/AnkrUnrealSDK/Content/Characters/Mannequins/Textures/Quinn/T_Quinn_01ID_D.uexp" 628
"D:/GitHub/GitHub/game-unreal-sdk/AnkrUnrealSDK/Content/Characters/Mannequins/Textures/Quinn/T_Quinn_01ID_Tan.ubulk" 629
"D:/GitHub/GitHub/game-unreal-sdk/AnkrUnrealSDK/Content/Characters/Mannequins/Textures/Quinn/T_Quinn_01ID_Tan.uasset" 630
"D:/GitHub/GitHub/game-unreal-sdk/AnkrUnrealSDK/Content/Characters/Mannequins/Textures/Quinn/T_Quinn_01ID_Tan.uexp" 631
"D:/GitHub/GitHub/game-unreal-sdk/AnkrUnrealSDK/Content/Characters/Mannequins/Textures/Quinn/T_Quinn_01_CCRCCPlastic_MSK.ubulk" 632
"D:/GitHub/GitHub/game-unreal-sdk/AnkrUnrealSDK/Content/Characters/Mannequins/Textures/Quinn/T_Quinn_01_CCRCCPlastic_MSK.uasset" 633
"D:/GitHub/GitHub/game-unreal-sdk/AnkrUnrealSDK/Content/Characters/Mannequins/Textures/Quinn/T_Quinn_01_CCRCCPlastic_MSK.uexp" 634
"D:/GitHub/GitHub/game-unreal-sdk/AnkrUnrealSDK/Content/Characters/Mannequins/Materials/Instances/Quinn/MI_Quinn_01.uasset" 635
"D:/GitHub/GitHub/game-unreal-sdk/AnkrUnrealSDK/Content/Characters/Mannequins/Materials/Instances/Quinn/MI_Quinn_01.uexp" 636
"D:/GitHub/GitHub/game-unreal-sdk/AnkrUnrealSDK/Content/Characters/Mannequins/Textures/Quinn/T_Quinn_02ID_N.ubulk" 637
"D:/GitHub/GitHub/game-unreal-sdk/AnkrUnrealSDK/Content/Characters/Mannequins/Textures/Quinn/T_Quinn_02ID_N.uasset" 638
"D:/GitHub/GitHub/game-unreal-sdk/AnkrUnrealSDK/Content/Characters/Mannequins/Textures/Quinn/T_Quinn_02ID_N.uexp" 639
"D:/GitHub/GitHub/game-unreal-sdk/AnkrUnrealSDK/Content/Characters/Mannequins/Materials/Instances/Quinn/MI_Quinn_02.uasset" 640
"D:/GitHub/GitHub/game-unreal-sdk/AnkrUnrealSDK/Content/Characters/Mannequins/Materials/Instances/Quinn/MI_Quinn_02.uexp" 641
"D:/GitHub/GitHub/game-unreal-sdk/AnkrUnrealSDK/Content/Characters/Mannequins/Rigs/PA_Mannequin.uasset" 642
"D:/GitHub/GitHub/game-unreal-sdk/AnkrUnrealSDK/Content/Characters/Mannequins/Rigs/PA_Mannequin.uexp" 643
"D:/GitHub/GitHub/game-unreal-sdk/AnkrUnrealSDK/Content/Characters/Mannequins/Meshes/SKM_Quinn_Simple.uasset" 644
"D:/GitHub/GitHub/game-unreal-sdk/AnkrUnrealSDK/Content/Characters/Mannequins/Meshes/SKM_Quinn_Simple.uexp" 645
"../../../Engine/Content/Animation/DefaultAnimCurveCompressionSettings.uasset" 646
"../../../Engine/Content/Animation/DefaultAnimCurveCompressionSettings.uexp" 647
"../../../Engine/Content/Animation/DefaultAnimBoneCompressionSettings.uasset" 648
"../../../Engine/Content/Animation/DefaultAnimBoneCompressionSettings.uexp" 649
"D:/GitHub/GitHub/game-unreal-sdk/AnkrUnrealSDK/Content/Characters/Mannequins/Animations/Quinn/MF_Run_Fwd.uasset" 650
"D:/GitHub/GitHub/game-unreal-sdk/AnkrUnrealSDK/Content/Characters/Mannequins/Animations/Quinn/MF_Run_Fwd.uexp" 651
"D:/GitHub/GitHub/game-unreal-sdk/AnkrUnrealSDK/Content/Characters/Mannequins/Animations/Quinn/MF_Walk_Fwd.uasset" 652
"D:/GitHub/GitHub/game-unreal-sdk/AnkrUnrealSDK/Content/Characters/Mannequins/Animations/Quinn/MF_Walk_Fwd.uexp" 653
"../../../Engine/Content/Animation/DefaultRecorderBoneCompression.uasset" 654
"../../../Engine/Content/Animation/DefaultRecorderBoneCompression.uexp" 655
"D:/GitHub/GitHub/game-unreal-sdk/AnkrUnrealSDK/Content/Characters/Mannequins/Animations/Manny/MM_Walk_InPlace.uasset" 656
"D:/GitHub/GitHub/game-unreal-sdk/AnkrUnrealSDK/Content/Characters/Mannequins/Animations/Manny/MM_Walk_InPlace.uexp" 657
"D:/GitHub/GitHub/game-unreal-sdk/AnkrUnrealSDK/Content/Characters/Mannequins/Animations/Quinn/BS_MF_Unarmed_WalkRun.uasset" 658
"D:/GitHub/GitHub/game-unreal-sdk/AnkrUnrealSDK/Content/Characters/Mannequins/Animations/Quinn/BS_MF_Unarmed_WalkRun.uexp" 659
"D:/GitHub/GitHub/game-unreal-sdk/AnkrUnrealSDK/Content/Characters/Mannequins/Animations/Quinn/MF_Idle.uasset" 660
"D:/GitHub/GitHub/game-unreal-sdk/AnkrUnrealSDK/Content/Characters/Mannequins/Animations/Quinn/MF_Idle.uexp" 661
"D:/GitHub/GitHub/game-unreal-sdk/AnkrUnrealSDK/Content/Characters/Mannequins/Animations/Manny/MM_Fall_Loop.uasset" 662
"D:/GitHub/GitHub/game-unreal-sdk/AnkrUnrealSDK/Content/Characters/Mannequins/Animations/Manny/MM_Fall_Loop.uexp" 663
"D:/GitHub/GitHub/game-unreal-sdk/AnkrUnrealSDK/Content/Characters/Mannequins/Animations/Manny/MM_Jump.uasset" 664
"D:/GitHub/GitHub/game-unreal-sdk/AnkrUnrealSDK/Content/Characters/Mannequins/Animations/Manny/MM_Jump.uexp" 665
"../../../Engine/Plugins/Animation/ControlRig/Content/Controls/DefaultGizmoLibrary.uasset" 666
"../../../Engine/Plugins/Animation/ControlRig/Content/Controls/DefaultGizmoLibrary.uexp" 667
"D:/GitHub/GitHub/game-unreal-sdk/AnkrUnrealSDK/Content/Characters/Mannequins/Rigs/CR_Mannequin_BasicFootIK.uasset" 668
"D:/GitHub/GitHub/game-unreal-sdk/AnkrUnrealSDK/Content/Characters/Mannequins/Rigs/CR_Mannequin_BasicFootIK.uexp" 669
"D:/GitHub/GitHub/game-unreal-sdk/AnkrUnrealSDK/Content/Characters/Mannequins/Animations/Manny/MM_Run_Fwd.uasset" 670
"D:/GitHub/GitHub/game-unreal-sdk/AnkrUnrealSDK/Content/Characters/Mannequins/Animations/Manny/MM_Run_Fwd.uexp" 671
"D:/GitHub/GitHub/game-unreal-sdk/AnkrUnrealSDK/Content/Characters/Mannequins/Animations/Manny/MM_Walk_Fwd.uasset" 672
"D:/GitHub/GitHub/game-unreal-sdk/AnkrUnrealSDK/Content/Characters/Mannequins/Animations/Manny/MM_Walk_Fwd.uexp" 673
"D:/GitHub/GitHub/game-unreal-sdk/AnkrUnrealSDK/Content/Characters/Mannequins/Animations/Manny/BS_MM_WalkRun.uasset" 674
"D:/GitHub/GitHub/game-unreal-sdk/AnkrUnrealSDK/Content/Characters/Mannequins/Animations/Manny/BS_MM_WalkRun.uexp" 675
"D:/GitHub/GitHub/game-unreal-sdk/AnkrUnrealSDK/Content/Characters/Mannequins/Animations/Manny/MM_Land.uasset" 676
"D:/GitHub/GitHub/game-unreal-sdk/AnkrUnrealSDK/Content/Characters/Mannequins/Animations/Manny/MM_Land.uexp" 677
"D:/GitHub/GitHub/game-unreal-sdk/AnkrUnrealSDK/Content/Characters/Mannequins/Animations/Manny/MM_Idle.uasset" 678
"D:/GitHub/GitHub/game-unreal-sdk/AnkrUnrealSDK/Content/Characters/Mannequins/Animations/Manny/MM_Idle.uexp" 679
"D:/GitHub/GitHub/game-unreal-sdk/AnkrUnrealSDK/Content/Characters/Mannequins/Animations/ABP_Manny.uasset" 680
"D:/GitHub/GitHub/game-unreal-sdk/AnkrUnrealSDK/Content/Characters/Mannequins/Animations/ABP_Manny.uexp" 681
"D:/GitHub/GitHub/game-unreal-sdk/AnkrUnrealSDK/Content/Characters/Mannequins/Animations/ABP_Quinn.uasset" 682
"D:/GitHub/GitHub/game-unreal-sdk/AnkrUnrealSDK/Content/Characters/Mannequins/Animations/ABP_Quinn.uexp" 683
"D:/GitHub/GitHub/game-unreal-sdk/AnkrUnrealSDK/Content/ThirdPerson/Blueprints/BP_ThirdPersonCharacter.uasset" 684
"D:/GitHub/GitHub/game-unreal-sdk/AnkrUnrealSDK/Content/ThirdPerson/Blueprints/BP_ThirdPersonCharacter.uexp" 685
"../../../Engine/Content/EngineMaterials/BaseFlattenNormalMap.uasset" 686
"../../../Engine/Content/EngineMaterials/BaseFlattenNormalMap.uexp" 687
"../../../Engine/Content/EngineMaterials/BaseFlattenGrayscaleMap.uasset" 688
"../../../Engine/Content/EngineMaterials/BaseFlattenGrayscaleMap.uexp" 689
"../../../Engine/Content/EngineMaterials/BaseFlattenDiffuseMap.uasset" 690
"../../../Engine/Content/EngineMaterials/BaseFlattenDiffuseMap.uexp" 691
"../../../Engine/Content/Functions/Engine_MaterialFunctions02/PivotPainter2/Black_1x1_EXR_Texture.uasset" 692
"../../../Engine/Content/Functions/Engine_MaterialFunctions02/PivotPainter2/Black_1x1_EXR_Texture.uexp" 693
"../../../Engine/Content/EngineMaterials/BaseFlattenEmissiveMap.uasset" 694
"../../../Engine/Content/EngineMaterials/BaseFlattenEmissiveMap.uexp" 695
"../../../Engine/Content/EngineMaterials/BaseFlattenLinearColor.uasset" 696
"../../../Engine/Content/EngineMaterials/BaseFlattenLinearColor.uexp" 697
"../../../Engine/Content/EngineMaterials/FlattenMaterial.uasset" 698
"../../../Engine/Content/EngineMaterials/FlattenMaterial.uexp" 699
"D:/GitHub/GitHub/game-unreal-sdk/AnkrUnrealSDK/Content/Models/CyberpunkCity/M_Cube_383_Concrete_3B5223B4437EF1DAB2282AA9A9C061A5.uasset" 700
"D:/GitHub/GitHub/game-unreal-sdk/AnkrUnrealSDK/Content/Models/CyberpunkCity/M_Cube_383_Concrete_3B5223B4437EF1DAB2282AA9A9C061A5.uexp" 701
"D:/GitHub/GitHub/game-unreal-sdk/AnkrUnrealSDK/Content/Models/CyberpunkCity/M_Cube_383_Glass_3B5223B4437EF1DAB2282AA9A9C061A5.uasset" 702
"D:/GitHub/GitHub/game-unreal-sdk/AnkrUnrealSDK/Content/Models/CyberpunkCity/M_Cube_383_Glass_3B5223B4437EF1DAB2282AA9A9C061A5.uexp" 703
"D:/GitHub/GitHub/game-unreal-sdk/AnkrUnrealSDK/Content/Models/CyberpunkCity/Light.uasset" 704
"D:/GitHub/GitHub/game-unreal-sdk/AnkrUnrealSDK/Content/Models/CyberpunkCity/Light.uexp" 705
"D:/GitHub/GitHub/game-unreal-sdk/AnkrUnrealSDK/Content/Models/CyberpunkCity/Metal.uasset" 706
"D:/GitHub/GitHub/game-unreal-sdk/AnkrUnrealSDK/Content/Models/CyberpunkCity/Metal.uexp" 707
"D:/GitHub/GitHub/game-unreal-sdk/AnkrUnrealSDK/Content/Models/CyberpunkCity/Cube_289.uasset" 708
"D:/GitHub/GitHub/game-unreal-sdk/AnkrUnrealSDK/Content/Models/CyberpunkCity/Cube_289.uexp" 709
"D:/GitHub/GitHub/game-unreal-sdk/AnkrUnrealSDK/Content/Models/CyberpunkCity/Cube_298.uasset" 710
"D:/GitHub/GitHub/game-unreal-sdk/AnkrUnrealSDK/Content/Models/CyberpunkCity/Cube_298.uexp" 711
"D:/GitHub/GitHub/game-unreal-sdk/AnkrUnrealSDK/Content/Models/CyberpunkCity/Cube_383.uasset" 712
"D:/GitHub/GitHub/game-unreal-sdk/AnkrUnrealSDK/Content/Models/CyberpunkCity/Cube_383.uexp" 713
"D:/GitHub/GitHub/game-unreal-sdk/AnkrUnrealSDK/Content/Models/CyberpunkCity/Cube_385.uasset" 714
"D:/GitHub/GitHub/game-unreal-sdk/AnkrUnrealSDK/Content/Models/CyberpunkCity/Cube_385.uexp" 715
"D:/GitHub/GitHub/game-unreal-sdk/AnkrUnrealSDK/Content/Models/CyberpunkCity/Cube_398.uasset" 716
"D:/GitHub/GitHub/game-unreal-sdk/AnkrUnrealSDK/Content/Models/CyberpunkCity/Cube_398.uexp" 717
"D:/GitHub/GitHub/game-unreal-sdk/AnkrUnrealSDK/Content/Models/CyberpunkCity/Cube_443.uasset" 718
"D:/GitHub/GitHub/game-unreal-sdk/AnkrUnrealSDK/Content/Models/CyberpunkCity/Cube_443.uexp" 719
"D:/GitHub/GitHub/game-unreal-sdk/AnkrUnrealSDK/Content/Ad/BannerAdTexture.uasset" 720
"D:/GitHub/GitHub/game-unreal-sdk/AnkrUnrealSDK/Content/Ad/BannerAdTexture.uexp" 721
"D:/GitHub/GitHub/game-unreal-sdk/AnkrUnrealSDK/Content/Ad/BannerAd3DMaterial.uasset" 722
"D:/GitHub/GitHub/game-unreal-sdk/AnkrUnrealSDK/Content/Ad/BannerAd3DMaterial.uexp" 723
"../../../Engine/Content/BasicShapes/Plane.uasset" 724
"../../../Engine/Content/BasicShapes/Plane.uexp" 725
"D:/GitHub/GitHub/game-unreal-sdk/AnkrUnrealSDK/Content/Ad/BannerAd3D.uasset" 726
"D:/GitHub/GitHub/game-unreal-sdk/AnkrUnrealSDK/Content/Ad/BannerAd3D.uexp" 727
"D:/GitHub/GitHub/game-unreal-sdk/AnkrUnrealSDK/Content/Models/CyberpunkCity/Plane_052.uasset" 728
"D:/GitHub/GitHub/game-unreal-sdk/AnkrUnrealSDK/Content/Models/CyberpunkCity/Plane_052.uexp" 729
"D:/GitHub/GitHub/game-unreal-sdk/AnkrUnrealSDK/Content/Models/GlowMaterials/Material_Glow_Green.uasset" 730
"D:/GitHub/GitHub/game-unreal-sdk/AnkrUnrealSDK/Content/Models/GlowMaterials/Material_Glow_Green.uexp" 731
"D:/GitHub/GitHub/game-unreal-sdk/AnkrUnrealSDK/Content/Models/CyberpunkCity/Cylinder_028.uasset" 732
"D:/GitHub/GitHub/game-unreal-sdk/AnkrUnrealSDK/Content/Models/CyberpunkCity/Cylinder_028.uexp" 733
"D:/GitHub/GitHub/game-unreal-sdk/AnkrUnrealSDK/Content/Models/CyberpunkCity/Plane_051.uasset" 734
"D:/GitHub/GitHub/game-unreal-sdk/AnkrUnrealSDK/Content/Models/CyberpunkCity/Plane_051.uexp" 735
"D:/GitHub/GitHub/game-unreal-sdk/AnkrUnrealSDK/Content/Models/GlowMaterials/Material_Glow_Red.uasset" 736
"D:/GitHub/GitHub/game-unreal-sdk/AnkrUnrealSDK/Content/Models/GlowMaterials/Material_Glow_Red.uexp" 737
"D:/GitHub/GitHub/game-unreal-sdk/AnkrUnrealSDK/Content/Models/CyberpunkCity/Plane_035.uasset" 738
"D:/GitHub/GitHub/game-unreal-sdk/AnkrUnrealSDK/Content/Models/CyberpunkCity/Plane_035.uexp" 739
"D:/GitHub/GitHub/game-unreal-sdk/AnkrUnrealSDK/Content/Levels/Level_Gameplay_BuiltData.ubulk" 740
"D:/GitHub/GitHub/game-unreal-sdk/AnkrUnrealSDK/Content/Levels/Level_Gameplay_BuiltData.uasset" 741
"D:/GitHub/GitHub/game-unreal-sdk/AnkrUnrealSDK/Content/Levels/Level_Gameplay_BuiltData.uexp" 742
"D:/GitHub/GitHub/game-unreal-sdk/AnkrUnrealSDK/Content/Models/GlowMaterials/Material_Glow_Yellow.uasset" 743
"D:/GitHub/GitHub/game-unreal-sdk/AnkrUnrealSDK/Content/Models/GlowMaterials/Material_Glow_Yellow.uexp" 744
"D:/GitHub/GitHub/game-unreal-sdk/AnkrUnrealSDK/Content/Levels/Level_Gameplay.uexp" 745
"D:/GitHub/GitHub/game-unreal-sdk/AnkrUnrealSDK/Content/Levels/Level_Gameplay.umap" 746
